Starting kinGEMs pipeline for iAB_RBC_283
Config: configs/BiGG_models/iAB_RBC_283.json
Time: Tue Feb 17 19:41:57 PST 2026

Restricted license - for non-production use only - expires 2026-11-23
Loading configuration from: configs/BiGG_models/iAB_RBC_283.json

======================================================================
=== kinGEMs Pipeline for iAB_RBC_283 ===
======================================================================
Run ID: iAB_RBC_283_20260217_9861
Model type: Standard
Organism: Human
Results directory: /project/6000502/ranaab/kinGEMs_v2/results/tuning_results/BiGG_models/iAB_RBC_283_20260217_9861
======================================================================
=== kinGEMs Pipeline for iAB_RBC_283 ===
Run ID: iAB_RBC_283_20260217_9861
Model type: Standard
Organism: Human
Results directory: /project/6000502/ranaab/kinGEMs_v2/results/tuning_results/BiGG_models/iAB_RBC_283_20260217_9861
Solver: glpk
Biomass reaction: NaKt
Baseline growth: 2.9356
=== Step 1: Preparing model data ===
Warning: Model has 8 validation errors
Loaded model with 469 reactions and 342 metabolites
Converted to irreversible model with 698 reactions
Extracted 1053 substrate-reaction-direction pairs
Mapped metabolites to SMILES (751 found)
Retrieved 8 protein sequences
  Model: 346 genes, 698 reactions
=== Step 2: Merging substrate and sequence data ===
  Merged data: 2420 rows
=== Step 3: Processing CPI-Pred kcat values ===

  ⚠️  No predictions file found for 'iAB_RBC_283'
  Available prediction files:
    - X06A_kinGEMs_ecoli_iML1515_predictions.csv
    - X06A_kinGEMs_382_genome_cpd03198_predictions.csv
    - X06A_kinGEMs_ecoli_core_predictions.csv

  Please ensure CPI-Pred predictions exist for this model.

Completed at: Tue Feb 17 19:52:37 PST 2026
