Starting kinGEMs pipeline for iAF1260b
Config: configs/BiGG_models/iAF1260b.json
Time: Tue Feb 17 19:42:01 PST 2026

Restricted license - for non-production use only - expires 2026-11-23
Loading configuration from: configs/BiGG_models/iAF1260b.json

======================================================================
=== kinGEMs Pipeline for iAF1260b ===
======================================================================
Run ID: iAF1260b_20260217_1723
Model type: Standard
Organism: E coli
Results directory: /project/6000502/ranaab/kinGEMs_v2/results/tuning_results/BiGG_models/iAF1260b_20260217_1723
======================================================================
=== kinGEMs Pipeline for iAF1260b ===
Run ID: iAF1260b_20260217_1723
Model type: Standard
Organism: E coli
Results directory: /project/6000502/ranaab/kinGEMs_v2/results/tuning_results/BiGG_models/iAF1260b_20260217_1723
Solver: glpk
Biomass reaction: BIOMASS_Ec_iAF1260_core_59p81M
Baseline growth: 0.7367
=== Step 1: Preparing model data ===
Warning: Model has 8 validation errors
Loaded model with 2388 reactions and 1668 metabolites
Converted to irreversible model with 3243 reactions
Extracted 5359 substrate-reaction-direction pairs
Mapped metabolites to SMILES (4298 found)
Retrieved 1260 protein sequences
  Model: 1261 genes, 3243 reactions
=== Step 2: Merging substrate and sequence data ===
  Merged data: 9845 rows
=== Step 3: Processing CPI-Pred kcat values ===

  ⚠️  No predictions file found for 'iAF1260b'
  Available prediction files:
    - X06A_kinGEMs_ecoli_iML1515_predictions.csv
    - X06A_kinGEMs_382_genome_cpd03198_predictions.csv
    - X06A_kinGEMs_ecoli_core_predictions.csv

  Please ensure CPI-Pred predictions exist for this model.

Completed at: Wed Feb 18 01:27:57 PST 2026
