Starting kinGEMs pipeline for iAF692
Config: configs/BiGG_models/iAF692.json
Time: Tue Feb 17 19:42:01 PST 2026

Restricted license - for non-production use only - expires 2026-11-23
Loading configuration from: configs/BiGG_models/iAF692.json

======================================================================
=== kinGEMs Pipeline for iAF692 ===
======================================================================
Run ID: iAF692_20260217_5843
Model type: Standard
Organism: Methanosarcina
Results directory: /project/6000502/ranaab/kinGEMs_v2/results/tuning_results/BiGG_models/iAF692_20260217_5843
======================================================================
=== kinGEMs Pipeline for iAF692 ===
Run ID: iAF692_20260217_5843
Model type: Standard
Organism: Methanosarcina
Results directory: /project/6000502/ranaab/kinGEMs_v2/results/tuning_results/BiGG_models/iAF692_20260217_5843
Solver: glpk
Biomass reaction: BIOMASS_Mb_30
Baseline growth: 0.0268
=== Step 1: Preparing model data ===
Warning: Model has 8 validation errors
Loaded model with 690 reactions and 628 metabolites
Converted to irreversible model with 960 reactions
Extracted 1931 substrate-reaction-direction pairs
Mapped metabolites to SMILES (1702 found)
Retrieved 668 protein sequences
  Model: 692 genes, 960 reactions
=== Step 2: Merging substrate and sequence data ===
  Merged data: 3547 rows
=== Step 3: Processing CPI-Pred kcat values ===

  ⚠️  No predictions file found for 'iAF692'
  Available prediction files:
    - X06A_kinGEMs_ecoli_iML1515_predictions.csv
    - X06A_kinGEMs_382_genome_cpd03198_predictions.csv
    - X06A_kinGEMs_ecoli_core_predictions.csv

  Please ensure CPI-Pred predictions exist for this model.

Completed at: Tue Feb 17 21:54:56 PST 2026
