Starting kinGEMs pipeline for iAM_Pk459
Config: configs/BiGG_models/iAM_Pk459.json
Time: Tue Feb 17 19:42:01 PST 2026

Restricted license - for non-production use only - expires 2026-11-23
Loading configuration from: configs/BiGG_models/iAM_Pk459.json

======================================================================
=== kinGEMs Pipeline for iAM_Pk459 ===
======================================================================
Run ID: iAM_Pk459_20260217_8648
Model type: Standard
Organism: P knowlesi
Results directory: /project/6000502/ranaab/kinGEMs_v2/results/tuning_results/BiGG_models/iAM_Pk459_20260217_8648
======================================================================
=== kinGEMs Pipeline for iAM_Pk459 ===
Run ID: iAM_Pk459_20260217_8648
Model type: Standard
Organism: P knowlesi
Results directory: /project/6000502/ranaab/kinGEMs_v2/results/tuning_results/BiGG_models/iAM_Pk459_20260217_8648
Solver: glpk
Biomass reaction: BIOMASS__4
Baseline growth: 0.6872
=== Step 1: Preparing model data ===
Warning: Model has 8 validation errors
Loaded model with 1079 reactions and 909 metabolites
Converted to irreversible model with 1573 reactions
Extracted 2673 substrate-reaction-direction pairs
Mapped metabolites to SMILES (1874 found)
Retrieved 412 protein sequences
  Model: 459 genes, 1573 reactions
=== Step 2: Merging substrate and sequence data ===
  Merged data: 4480 rows
=== Step 3: Processing CPI-Pred kcat values ===

  ⚠️  No predictions file found for 'iAM_Pk459'
  Available prediction files:
    - X06A_kinGEMs_ecoli_iML1515_predictions.csv
    - X06A_kinGEMs_382_genome_cpd03198_predictions.csv
    - X06A_kinGEMs_ecoli_core_predictions.csv

  Please ensure CPI-Pred predictions exist for this model.

Completed at: Tue Feb 17 23:55:15 PST 2026
