Starting kinGEMs pipeline for iAM_Pb448
Config: configs/BiGG_models/iAM_Pb448.json
Time: Tue Feb 17 19:42:01 PST 2026

Restricted license - for non-production use only - expires 2026-11-23
Loading configuration from: configs/BiGG_models/iAM_Pb448.json

======================================================================
=== kinGEMs Pipeline for iAM_Pb448 ===
======================================================================
Run ID: iAM_Pb448_20260217_7785
Model type: Standard
Organism: P berghei
Results directory: /project/6000502/ranaab/kinGEMs_v2/results/tuning_results/BiGG_models/iAM_Pb448_20260217_7785
======================================================================
=== kinGEMs Pipeline for iAM_Pb448 ===
Run ID: iAM_Pb448_20260217_7785
Model type: Standard
Organism: P berghei
Results directory: /project/6000502/ranaab/kinGEMs_v2/results/tuning_results/BiGG_models/iAM_Pb448_20260217_7785
Solver: glpk
Biomass reaction: BIOMASS__4
Baseline growth: 0.6587
=== Step 1: Preparing model data ===
Warning: Model has 8 validation errors
Loaded model with 1067 reactions and 903 metabolites
Converted to irreversible model with 1556 reactions
Extracted 2654 substrate-reaction-direction pairs
Mapped metabolites to SMILES (1856 found)
Retrieved 445 protein sequences
  Model: 448 genes, 1556 reactions
=== Step 2: Merging substrate and sequence data ===
  Merged data: 4399 rows
=== Step 3: Processing CPI-Pred kcat values ===

  ⚠️  No predictions file found for 'iAM_Pb448'
  Available prediction files:
    - X06A_kinGEMs_ecoli_iML1515_predictions.csv
    - X06A_kinGEMs_382_genome_cpd03198_predictions.csv
    - X06A_kinGEMs_ecoli_core_predictions.csv

  Please ensure CPI-Pred predictions exist for this model.

Completed at: Tue Feb 17 21:48:30 PST 2026
