Starting kinGEMs pipeline for iAM_Pv461
Config: configs/BiGG_models/iAM_Pv461.json
Time: Tue Feb 17 19:42:01 PST 2026

Restricted license - for non-production use only - expires 2026-11-23
Loading configuration from: configs/BiGG_models/iAM_Pv461.json

======================================================================
=== kinGEMs Pipeline for iAM_Pv461 ===
======================================================================
Run ID: iAM_Pv461_20260217_3924
Model type: Standard
Organism: P vivax
Results directory: /project/6000502/ranaab/kinGEMs_v2/results/tuning_results/BiGG_models/iAM_Pv461_20260217_3924
======================================================================
=== kinGEMs Pipeline for iAM_Pv461 ===
Run ID: iAM_Pv461_20260217_3924
Model type: Standard
Organism: P vivax
Results directory: /project/6000502/ranaab/kinGEMs_v2/results/tuning_results/BiGG_models/iAM_Pv461_20260217_3924
Solver: glpk
Biomass reaction: BIOMASS__4
Baseline growth: 0.6872
=== Step 1: Preparing model data ===
Warning: Model has 8 validation errors
Loaded model with 1078 reactions and 909 metabolites
Converted to irreversible model with 1572 reactions
Extracted 2671 substrate-reaction-direction pairs
Mapped metabolites to SMILES (1872 found)
Retrieved 456 protein sequences
  Model: 461 genes, 1572 reactions
=== Step 2: Merging substrate and sequence data ===
  Merged data: 4526 rows
=== Step 3: Processing CPI-Pred kcat values ===

  ⚠️  No predictions file found for 'iAM_Pv461'
  Available prediction files:
    - X06A_kinGEMs_ecoli_iML1515_predictions.csv
    - X06A_kinGEMs_382_genome_cpd03198_predictions.csv
    - X06A_kinGEMs_ecoli_core_predictions.csv

  Please ensure CPI-Pred predictions exist for this model.

Completed at: Tue Feb 17 22:15:28 PST 2026
