Starting kinGEMs pipeline for iAM_Pf480
Config: configs/BiGG_models/iAM_Pf480.json
Time: Tue Feb 17 19:42:01 PST 2026

Restricted license - for non-production use only - expires 2026-11-23
Loading configuration from: configs/BiGG_models/iAM_Pf480.json

======================================================================
=== kinGEMs Pipeline for iAM_Pf480 ===
======================================================================
Run ID: iAM_Pf480_20260217_5961
Model type: Standard
Organism: P falciparum
Results directory: /project/6000502/ranaab/kinGEMs_v2/results/tuning_results/BiGG_models/iAM_Pf480_20260217_5961
======================================================================
=== kinGEMs Pipeline for iAM_Pf480 ===
Run ID: iAM_Pf480_20260217_5961
Model type: Standard
Organism: P falciparum
Results directory: /project/6000502/ranaab/kinGEMs_v2/results/tuning_results/BiGG_models/iAM_Pf480_20260217_5961
Solver: glpk
Biomass reaction: BIOMASS__4
Baseline growth: 0.6872
=== Step 1: Preparing model data ===
Warning: Model has 8 validation errors
Loaded model with 1083 reactions and 909 metabolites
Converted to irreversible model with 1578 reactions
Extracted 2684 substrate-reaction-direction pairs
Mapped metabolites to SMILES (1874 found)
Retrieved 462 protein sequences
  Model: 480 genes, 1578 reactions
=== Step 2: Merging substrate and sequence data ===
  Merged data: 4837 rows
=== Step 3: Processing CPI-Pred kcat values ===

  ⚠️  No predictions file found for 'iAM_Pf480'
  Available prediction files:
    - X06A_kinGEMs_ecoli_iML1515_predictions.csv
    - X06A_kinGEMs_382_genome_cpd03198_predictions.csv
    - X06A_kinGEMs_ecoli_core_predictions.csv

  Please ensure CPI-Pred predictions exist for this model.

Completed at: Tue Feb 17 22:33:49 PST 2026
