Starting kinGEMs pipeline for iAM_Pc455
Config: configs/BiGG_models/iAM_Pc455.json
Time: Tue Feb 17 19:42:01 PST 2026

Restricted license - for non-production use only - expires 2026-11-23
Loading configuration from: configs/BiGG_models/iAM_Pc455.json

======================================================================
=== kinGEMs Pipeline for iAM_Pc455 ===
======================================================================
Run ID: iAM_Pc455_20260217_7512
Model type: Standard
Organism: P cynomolgi
Results directory: /project/6000502/ranaab/kinGEMs_v2/results/tuning_results/BiGG_models/iAM_Pc455_20260217_7512
======================================================================
=== kinGEMs Pipeline for iAM_Pc455 ===
Run ID: iAM_Pc455_20260217_7512
Model type: Standard
Organism: P cynomolgi
Results directory: /project/6000502/ranaab/kinGEMs_v2/results/tuning_results/BiGG_models/iAM_Pc455_20260217_7512
Solver: glpk
Biomass reaction: BIOMASS__4
Baseline growth: 0.6587
=== Step 1: Preparing model data ===
Warning: Model has 8 validation errors
Loaded model with 1074 reactions and 907 metabolites
Converted to irreversible model with 1565 reactions
Extracted 2667 substrate-reaction-direction pairs
Mapped metabolites to SMILES (2045 found)
Retrieved 453 protein sequences
  Model: 455 genes, 1565 reactions
=== Step 2: Merging substrate and sequence data ===
  Merged data: 4599 rows
=== Step 3: Processing CPI-Pred kcat values ===

  ⚠️  No predictions file found for 'iAM_Pc455'
  Available prediction files:
    - X06A_kinGEMs_ecoli_iML1515_predictions.csv
    - X06A_kinGEMs_382_genome_cpd03198_predictions.csv
    - X06A_kinGEMs_ecoli_core_predictions.csv

  Please ensure CPI-Pred predictions exist for this model.

Completed at: Tue Feb 17 21:20:23 PST 2026
