Starting kinGEMs pipeline for iAPECO1_1312
Config: configs/BiGG_models/iAPECO1_1312.json
Time: Tue Feb 17 19:42:01 PST 2026

Restricted license - for non-production use only - expires 2026-11-23
Loading configuration from: configs/BiGG_models/iAPECO1_1312.json

======================================================================
=== kinGEMs Pipeline for iAPECO1_1312 ===
======================================================================
Run ID: iAPECO1_1312_20260217_9287
Model type: Standard
Organism: E coli
Results directory: /project/6000502/ranaab/kinGEMs_v2/results/tuning_results/BiGG_models/iAPECO1_1312_20260217_9287
======================================================================
=== kinGEMs Pipeline for iAPECO1_1312 ===
Run ID: iAPECO1_1312_20260217_9287
Model type: Standard
Organism: E coli
Results directory: /project/6000502/ranaab/kinGEMs_v2/results/tuning_results/BiGG_models/iAPECO1_1312_20260217_9287
Solver: glpk
Biomass reaction: BIOMASS_Ec_iJO1366_core_53p95M
Baseline growth: 0.9825
=== Step 1: Preparing model data ===
Warning: Model has 8 validation errors
Loaded model with 2735 reactions and 1942 metabolites
Converted to irreversible model with 3764 reactions
Extracted 6208 substrate-reaction-direction pairs
Mapped metabolites to SMILES (5109 found)
Retrieved 1287 protein sequences
  Model: 1313 genes, 3764 reactions
=== Step 2: Merging substrate and sequence data ===
  Merged data: 11508 rows
=== Step 3: Processing CPI-Pred kcat values ===

  ⚠️  No predictions file found for 'iAPECO1_1312'
  Available prediction files:
    - X06A_kinGEMs_ecoli_iML1515_predictions.csv
    - X06A_kinGEMs_382_genome_cpd03198_predictions.csv
    - X06A_kinGEMs_ecoli_core_predictions.csv

  Please ensure CPI-Pred predictions exist for this model.

Completed at: Wed Feb 18 04:37:17 PST 2026
