Starting kinGEMs pipeline for iAT_PLT_636
Config: configs/BiGG_models/iAT_PLT_636.json
Time: Tue Feb 17 19:42:01 PST 2026

Restricted license - for non-production use only - expires 2026-11-23
Loading configuration from: configs/BiGG_models/iAT_PLT_636.json

======================================================================
=== kinGEMs Pipeline for iAT_PLT_636 ===
======================================================================
Run ID: iAT_PLT_636_20260217_8420
Model type: Standard
Organism: Human
Results directory: /project/6000502/ranaab/kinGEMs_v2/results/tuning_results/BiGG_models/iAT_PLT_636_20260217_8420
======================================================================
=== kinGEMs Pipeline for iAT_PLT_636 ===
Run ID: iAT_PLT_636_20260217_8420
Model type: Standard
Organism: Human
Results directory: /project/6000502/ranaab/kinGEMs_v2/results/tuning_results/BiGG_models/iAT_PLT_636_20260217_8420
Solver: glpk

Completed at: Tue Feb 17 19:42:55 PST 2026
