Starting kinGEMs pipeline for iB21_1397
Config: configs/BiGG_models/iB21_1397.json
Time: Tue Feb 17 19:42:01 PST 2026

Restricted license - for non-production use only - expires 2026-11-23
Loading configuration from: configs/BiGG_models/iB21_1397.json

======================================================================
=== kinGEMs Pipeline for iB21_1397 ===
======================================================================
Run ID: iB21_1397_20260217_1658
Model type: Standard
Organism: E coli
Results directory: /project/6000502/ranaab/kinGEMs_v2/results/tuning_results/BiGG_models/iB21_1397_20260217_1658
======================================================================
=== kinGEMs Pipeline for iB21_1397 ===
Run ID: iB21_1397_20260217_1658
Model type: Standard
Organism: E coli
Results directory: /project/6000502/ranaab/kinGEMs_v2/results/tuning_results/BiGG_models/iB21_1397_20260217_1658
Solver: glpk
Biomass reaction: BIOMASS_Ec_iJO1366_core_53p95M
Baseline growth: 0.9756
=== Step 1: Preparing model data ===
Warning: Model has 8 validation errors
Loaded model with 2741 reactions and 1943 metabolites
Converted to irreversible model with 3770 reactions
Extracted 6251 substrate-reaction-direction pairs
Mapped metabolites to SMILES (4980 found)
Retrieved 1332 protein sequences
  Model: 1337 genes, 3770 reactions
=== Step 2: Merging substrate and sequence data ===
  Merged data: 11607 rows
=== Step 3: Processing CPI-Pred kcat values ===

  ⚠️  No predictions file found for 'iB21_1397'
  Available prediction files:
    - X06A_kinGEMs_ecoli_iML1515_predictions.csv
    - X06A_kinGEMs_382_genome_cpd03198_predictions.csv
    - X06A_kinGEMs_ecoli_core_predictions.csv

  Please ensure CPI-Pred predictions exist for this model.

Completed at: Wed Feb 18 03:20:47 PST 2026
