Starting kinGEMs pipeline for iBWG_1329
Config: configs/BiGG_models/iBWG_1329.json
Time: Tue Feb 17 19:42:01 PST 2026

Restricted license - for non-production use only - expires 2026-11-23
Loading configuration from: configs/BiGG_models/iBWG_1329.json

======================================================================
=== kinGEMs Pipeline for iBWG_1329 ===
======================================================================
Run ID: iBWG_1329_20260217_1457
Model type: Standard
Organism: E coli
Results directory: /project/6000502/ranaab/kinGEMs_v2/results/tuning_results/BiGG_models/iBWG_1329_20260217_1457
======================================================================
=== kinGEMs Pipeline for iBWG_1329 ===
Run ID: iBWG_1329_20260217_1457
Model type: Standard
Organism: E coli
Results directory: /project/6000502/ranaab/kinGEMs_v2/results/tuning_results/BiGG_models/iBWG_1329_20260217_1457
Solver: glpk
Biomass reaction: BIOMASS_Ec_iJO1366_core_53p95M
Baseline growth: 0.9825
=== Step 1: Preparing model data ===
Warning: Model has 8 validation errors
Loaded model with 2741 reactions and 1949 metabolites
Converted to irreversible model with 3775 reactions
Extracted 6251 substrate-reaction-direction pairs
Mapped metabolites to SMILES (4988 found)
Retrieved 1322 protein sequences
  Model: 1329 genes, 3775 reactions
=== Step 2: Merging substrate and sequence data ===
  Merged data: 11648 rows
=== Step 3: Processing CPI-Pred kcat values ===

  ⚠️  No predictions file found for 'iBWG_1329'
  Available prediction files:
    - X06A_kinGEMs_ecoli_iML1515_predictions.csv
    - X06A_kinGEMs_382_genome_cpd03198_predictions.csv
    - X06A_kinGEMs_ecoli_core_predictions.csv

  Please ensure CPI-Pred predictions exist for this model.

Completed at: Wed Feb 18 02:17:11 PST 2026
