Starting kinGEMs pipeline for ic_1306
Config: configs/BiGG_models/ic_1306.json
Time: Tue Feb 17 19:54:59 PST 2026

Restricted license - for non-production use only - expires 2026-11-23
Loading configuration from: configs/BiGG_models/ic_1306.json

======================================================================
=== kinGEMs Pipeline for ic_1306 ===
======================================================================
Run ID: ic_1306_20260217_3901
Model type: Standard
Organism: E coli
Results directory: /project/6000502/ranaab/kinGEMs_v2/results/tuning_results/BiGG_models/ic_1306_20260217_3901
======================================================================
=== kinGEMs Pipeline for ic_1306 ===
Run ID: ic_1306_20260217_3901
Model type: Standard
Organism: E coli
Results directory: /project/6000502/ranaab/kinGEMs_v2/results/tuning_results/BiGG_models/ic_1306_20260217_3901
Solver: glpk
Biomass reaction: BIOMASS_Ec_iJO1366_core_53p95M
Baseline growth: 1.0319
=== Step 1: Preparing model data ===
Warning: Model has 8 validation errors
Loaded model with 2726 reactions and 1936 metabolites
Converted to irreversible model with 3756 reactions
Extracted 6191 substrate-reaction-direction pairs
Mapped metabolites to SMILES (4932 found)
Retrieved 1297 protein sequences
  Model: 1307 genes, 3756 reactions
=== Step 2: Merging substrate and sequence data ===
  Merged data: 11506 rows
=== Step 3: Processing CPI-Pred kcat values ===

  ⚠️  No predictions file found for 'ic_1306'
  Available prediction files:
    - X06A_kinGEMs_ecoli_iML1515_predictions.csv
    - X06A_kinGEMs_382_genome_cpd03198_predictions.csv
    - X06A_kinGEMs_ecoli_core_predictions.csv

  Please ensure CPI-Pred predictions exist for this model.

Completed at: Wed Feb 18 04:47:17 PST 2026
