Starting kinGEMs pipeline for iCHOv1
Config: configs/BiGG_models/iCHOv1.json
Time: Tue Feb 17 19:42:01 PST 2026

Restricted license - for non-production use only - expires 2026-11-23
Loading configuration from: configs/BiGG_models/iCHOv1.json

======================================================================
=== kinGEMs Pipeline for iCHOv1 ===
======================================================================
Run ID: iCHOv1_20260217_1433
Model type: Standard
Organism: Chinese Hamster Ovary
Results directory: /project/6000502/ranaab/kinGEMs_v2/results/tuning_results/BiGG_models/iCHOv1_20260217_1433
======================================================================
=== kinGEMs Pipeline for iCHOv1 ===
Run ID: iCHOv1_20260217_1433
Model type: Standard
Organism: Chinese Hamster Ovary
Results directory: /project/6000502/ranaab/kinGEMs_v2/results/tuning_results/BiGG_models/iCHOv1_20260217_1433
Solver: glpk
Biomass reaction: BIOMASS_cho
Baseline growth: 0.0324
=== Step 1: Preparing model data ===
Warning: Model has 8 validation errors
Loaded model with 6663 reactions and 4456 metabolites
Converted to irreversible model with 9879 reactions
Extracted 18746 substrate-reaction-direction pairs
Mapped metabolites to SMILES (13467 found)
Retrieved 1741 protein sequences
  Model: 1766 genes, 9879 reactions
=== Step 2: Merging substrate and sequence data ===
  Merged data: 38004 rows
=== Step 3: Processing CPI-Pred kcat values ===

  ⚠️  No predictions file found for 'iCHOv1'
  Available prediction files:
    - X06A_kinGEMs_ecoli_iML1515_predictions.csv
    - X06A_kinGEMs_382_genome_cpd03198_predictions.csv
    - X06A_kinGEMs_ecoli_core_predictions.csv

  Please ensure CPI-Pred predictions exist for this model.

Completed at: Wed Feb 18 04:49:12 PST 2026
