Starting kinGEMs pipeline for iCN718
Config: configs/BiGG_models/iCN718.json
Time: Tue Feb 17 19:42:00 PST 2026

Restricted license - for non-production use only - expires 2026-11-23
Loading configuration from: configs/BiGG_models/iCN718.json

======================================================================
=== kinGEMs Pipeline for iCN718 ===
======================================================================
Run ID: iCN718_20260217_1097
Model type: Standard
Organism: Acinetobacter
Results directory: /project/6000502/ranaab/kinGEMs_v2/results/tuning_results/BiGG_models/iCN718_20260217_1097
======================================================================
=== kinGEMs Pipeline for iCN718 ===
Run ID: iCN718_20260217_1097
Model type: Standard
Organism: Acinetobacter
Results directory: /project/6000502/ranaab/kinGEMs_v2/results/tuning_results/BiGG_models/iCN718_20260217_1097
Solver: glpk
Biomass reaction: BIOMASS__3
Baseline growth: 1.3136
=== Step 1: Preparing model data ===
Warning: Model has 8 validation errors
Loaded model with 1015 reactions and 888 metabolites
Converted to irreversible model with 1447 reactions
Extracted 2889 substrate-reaction-direction pairs
Mapped metabolites to SMILES (2547 found)
Retrieved 704 protein sequences
  Model: 709 genes, 1447 reactions
=== Step 2: Merging substrate and sequence data ===
  Merged data: 6236 rows
=== Step 3: Processing CPI-Pred kcat values ===

  ⚠️  No predictions file found for 'iCN718'
  Available prediction files:
    - X06A_kinGEMs_ecoli_iML1515_predictions.csv
    - X06A_kinGEMs_382_genome_cpd03198_predictions.csv
    - X06A_kinGEMs_ecoli_core_predictions.csv

  Please ensure CPI-Pred predictions exist for this model.

Completed at: Tue Feb 17 23:51:22 PST 2026
