Starting kinGEMs pipeline for iCN900
Config: configs/BiGG_models/iCN900.json
Time: Tue Feb 17 19:42:01 PST 2026

Restricted license - for non-production use only - expires 2026-11-23
Loading configuration from: configs/BiGG_models/iCN900.json

======================================================================
=== kinGEMs Pipeline for iCN900 ===
======================================================================
Run ID: iCN900_20260217_9001
Model type: Standard
Organism: Clostridioides
Results directory: /project/6000502/ranaab/kinGEMs_v2/results/tuning_results/BiGG_models/iCN900_20260217_9001
======================================================================
=== kinGEMs Pipeline for iCN900 ===
Run ID: iCN900_20260217_9001
Model type: Standard
Organism: Clostridioides
Results directory: /project/6000502/ranaab/kinGEMs_v2/results/tuning_results/BiGG_models/iCN900_20260217_9001
Solver: glpk
Biomass reaction: BIOMASS__5
Baseline growth: 0.0000
=== Step 1: Preparing model data ===
Warning: Model has 8 validation errors
Loaded model with 1229 reactions and 885 metabolites
Converted to irreversible model with 1616 reactions
Extracted 3122 substrate-reaction-direction pairs
Mapped metabolites to SMILES (2385 found)
Retrieved 885 protein sequences
  Model: 900 genes, 1616 reactions
=== Step 2: Merging substrate and sequence data ===
  Merged data: 5244 rows
=== Step 3: Processing CPI-Pred kcat values ===

  ⚠️  No predictions file found for 'iCN900'
  Available prediction files:
    - X06A_kinGEMs_ecoli_iML1515_predictions.csv
    - X06A_kinGEMs_382_genome_cpd03198_predictions.csv
    - X06A_kinGEMs_ecoli_core_predictions.csv

  Please ensure CPI-Pred predictions exist for this model.

Completed at: Wed Feb 18 00:09:22 PST 2026
