Starting kinGEMs pipeline for iE2348C_1286
Config: configs/BiGG_models/iE2348C_1286.json
Time: Tue Feb 17 19:42:00 PST 2026

Restricted license - for non-production use only - expires 2026-11-23
Loading configuration from: configs/BiGG_models/iE2348C_1286.json

======================================================================
=== kinGEMs Pipeline for iE2348C_1286 ===
======================================================================
Run ID: iE2348C_1286_20260217_7761
Model type: Standard
Organism: E coli
Results directory: /project/6000502/ranaab/kinGEMs_v2/results/tuning_results/BiGG_models/iE2348C_1286_20260217_7761
======================================================================
=== kinGEMs Pipeline for iE2348C_1286 ===
Run ID: iE2348C_1286_20260217_7761
Model type: Standard
Organism: E coli
Results directory: /project/6000502/ranaab/kinGEMs_v2/results/tuning_results/BiGG_models/iE2348C_1286_20260217_7761
Solver: glpk
Biomass reaction: BIOMASS_Ec_iJO1366_core_53p95M
Baseline growth: 0.9825
=== Step 1: Preparing model data ===
Warning: Model has 8 validation errors
Loaded model with 2703 reactions and 1919 metabolites
Converted to irreversible model with 3731 reactions
Extracted 6138 substrate-reaction-direction pairs
Mapped metabolites to SMILES (4899 found)
Retrieved 1276 protein sequences
  Model: 1287 genes, 3731 reactions
=== Step 2: Merging substrate and sequence data ===
  Merged data: 11395 rows
=== Step 3: Processing CPI-Pred kcat values ===

  ⚠️  No predictions file found for 'iE2348C_1286'
  Available prediction files:
    - X06A_kinGEMs_ecoli_iML1515_predictions.csv
    - X06A_kinGEMs_382_genome_cpd03198_predictions.csv
    - X06A_kinGEMs_ecoli_core_predictions.csv

  Please ensure CPI-Pred predictions exist for this model.

Completed at: Wed Feb 18 03:54:10 PST 2026
