Starting kinGEMs pipeline for iEC042_1314
Config: configs/BiGG_models/iEC042_1314.json
Time: Tue Feb 17 19:42:00 PST 2026

Restricted license - for non-production use only - expires 2026-11-23
Loading configuration from: configs/BiGG_models/iEC042_1314.json

======================================================================
=== kinGEMs Pipeline for iEC042_1314 ===
======================================================================
Run ID: iEC042_1314_20260217_2424
Model type: Standard
Organism: E coli
Results directory: /project/6000502/ranaab/kinGEMs_v2/results/tuning_results/BiGG_models/iEC042_1314_20260217_2424
======================================================================
=== kinGEMs Pipeline for iEC042_1314 ===
Run ID: iEC042_1314_20260217_2424
Model type: Standard
Organism: E coli
Results directory: /project/6000502/ranaab/kinGEMs_v2/results/tuning_results/BiGG_models/iEC042_1314_20260217_2424
Solver: glpk
Biomass reaction: BIOMASS_Ec_iJO1366_core_53p95M
Baseline growth: 0.9825
=== Step 1: Preparing model data ===
Warning: Model has 8 validation errors
Loaded model with 2714 reactions and 1926 metabolites
Converted to irreversible model with 3740 reactions
Extracted 6182 substrate-reaction-direction pairs
Mapped metabolites to SMILES (4923 found)
Retrieved 1311 protein sequences
  Model: 1314 genes, 3740 reactions
=== Step 2: Merging substrate and sequence data ===
  Merged data: 11522 rows
=== Step 3: Processing CPI-Pred kcat values ===

  ⚠️  No predictions file found for 'iEC042_1314'
  Available prediction files:
    - X06A_kinGEMs_ecoli_iML1515_predictions.csv
    - X06A_kinGEMs_382_genome_cpd03198_predictions.csv
    - X06A_kinGEMs_ecoli_core_predictions.csv

  Please ensure CPI-Pred predictions exist for this model.

Completed at: Wed Feb 18 04:19:10 PST 2026
