Starting kinGEMs pipeline for iEC1349_Crooks
Config: configs/BiGG_models/iEC1349_Crooks.json
Time: Tue Feb 17 19:42:31 PST 2026

Restricted license - for non-production use only - expires 2026-11-23
Loading configuration from: configs/BiGG_models/iEC1349_Crooks.json

======================================================================
=== kinGEMs Pipeline for iEC1349_Crooks ===
======================================================================
Run ID: iEC1349_Crooks_20260217_4667
Model type: Standard
Organism: E coli
Results directory: /project/6000502/ranaab/kinGEMs_v2/results/tuning_results/BiGG_models/iEC1349_Crooks_20260217_4667
======================================================================
=== kinGEMs Pipeline for iEC1349_Crooks ===
Run ID: iEC1349_Crooks_20260217_4667
Model type: Standard
Organism: E coli
Results directory: /project/6000502/ranaab/kinGEMs_v2/results/tuning_results/BiGG_models/iEC1349_Crooks_20260217_4667
Solver: glpk
Biomass reaction: BIOMASS_Ec_iJO1366_core_53p95M
Baseline growth: 0.9866
=== Step 1: Preparing model data ===
Warning: Model has 8 validation errors
Loaded model with 2756 reactions and 1946 metabolites
Converted to irreversible model with 3718 reactions
Extracted 6315 substrate-reaction-direction pairs
Mapped metabolites to SMILES (4962 found)
Retrieved 1340 protein sequences
  Model: 1349 genes, 3718 reactions
=== Step 2: Merging substrate and sequence data ===
  Merged data: 12054 rows
=== Step 3: Processing CPI-Pred kcat values ===

  ⚠️  No predictions file found for 'iEC1349_Crooks'
  Available prediction files:
    - X06A_kinGEMs_ecoli_iML1515_predictions.csv
    - X06A_kinGEMs_382_genome_cpd03198_predictions.csv
    - X06A_kinGEMs_ecoli_core_predictions.csv

  Please ensure CPI-Pred predictions exist for this model.

Completed at: Wed Feb 18 04:37:21 PST 2026
