Starting kinGEMs pipeline for iEC1356_Bl21DE3
Config: configs/BiGG_models/iEC1356_Bl21DE3.json
Time: Tue Feb 17 19:42:31 PST 2026

Restricted license - for non-production use only - expires 2026-11-23
Loading configuration from: configs/BiGG_models/iEC1356_Bl21DE3.json

======================================================================
=== kinGEMs Pipeline for iEC1356_Bl21DE3 ===
======================================================================
Run ID: iEC1356_Bl21DE3_20260217_3056
Model type: Standard
Organism: E coli
Results directory: /project/6000502/ranaab/kinGEMs_v2/results/tuning_results/BiGG_models/iEC1356_Bl21DE3_20260217_3056
======================================================================
=== kinGEMs Pipeline for iEC1356_Bl21DE3 ===
Run ID: iEC1356_Bl21DE3_20260217_3056
Model type: Standard
Organism: E coli
Results directory: /project/6000502/ranaab/kinGEMs_v2/results/tuning_results/BiGG_models/iEC1356_Bl21DE3_20260217_3056
Solver: glpk
Biomass reaction: BIOMASS_Ec_iJO1366_core_53p95M
Baseline growth: 0.9767
=== Step 1: Preparing model data ===
Warning: Model has 8 validation errors
Loaded model with 2740 reactions and 1918 metabolites
Converted to irreversible model with 3698 reactions
Extracted 6269 substrate-reaction-direction pairs
Mapped metabolites to SMILES (4937 found)
Retrieved 1332 protein sequences
  Model: 1356 genes, 3698 reactions
=== Step 2: Merging substrate and sequence data ===
  Merged data: 11939 rows
=== Step 3: Processing CPI-Pred kcat values ===

  ⚠️  No predictions file found for 'iEC1356_Bl21DE3'
  Available prediction files:
    - X06A_kinGEMs_ecoli_iML1515_predictions.csv
    - X06A_kinGEMs_382_genome_cpd03198_predictions.csv
    - X06A_kinGEMs_ecoli_core_predictions.csv

  Please ensure CPI-Pred predictions exist for this model.

Completed at: Wed Feb 18 03:52:17 PST 2026
