Starting kinGEMs pipeline for iEC1368_DH5a
Config: configs/BiGG_models/iEC1368_DH5a.json
Time: Tue Feb 17 19:42:31 PST 2026

Restricted license - for non-production use only - expires 2026-11-23
Loading configuration from: configs/BiGG_models/iEC1368_DH5a.json

======================================================================
=== kinGEMs Pipeline for iEC1368_DH5a ===
======================================================================
Run ID: iEC1368_DH5a_20260217_1164
Model type: Standard
Organism: E coli
Results directory: /project/6000502/ranaab/kinGEMs_v2/results/tuning_results/BiGG_models/iEC1368_DH5a_20260217_1164
======================================================================
=== kinGEMs Pipeline for iEC1368_DH5a ===
Run ID: iEC1368_DH5a_20260217_1164
Model type: Standard
Organism: E coli
Results directory: /project/6000502/ranaab/kinGEMs_v2/results/tuning_results/BiGG_models/iEC1368_DH5a_20260217_1164
Solver: glpk
Biomass reaction: BIOMASS_Ec_iJO1366_core_53p95M
Baseline growth: 0.9824
=== Step 1: Preparing model data ===
Warning: Model has 8 validation errors
Loaded model with 2779 reactions and 1951 metabolites
Converted to irreversible model with 3753 reactions
Extracted 6394 substrate-reaction-direction pairs
Mapped metabolites to SMILES (5045 found)
Retrieved 0 protein sequences
  Model: 1368 genes, 3753 reactions
=== Step 2: Merging substrate and sequence data ===
  Merged data: 12148 rows
=== Step 3: Processing CPI-Pred kcat values ===

  ⚠️  No predictions file found for 'iEC1368_DH5a'
  Available prediction files:
    - X06A_kinGEMs_ecoli_iML1515_predictions.csv
    - X06A_kinGEMs_382_genome_cpd03198_predictions.csv
    - X06A_kinGEMs_ecoli_core_predictions.csv

  Please ensure CPI-Pred predictions exist for this model.

Completed at: Wed Feb 18 04:27:34 PST 2026
