Starting kinGEMs pipeline for iEC1372_W3110
Config: configs/BiGG_models/iEC1372_W3110.json
Time: Tue Feb 17 19:42:31 PST 2026

Restricted license - for non-production use only - expires 2026-11-23
Loading configuration from: configs/BiGG_models/iEC1372_W3110.json

======================================================================
=== kinGEMs Pipeline for iEC1372_W3110 ===
======================================================================
Run ID: iEC1372_W3110_20260217_7414
Model type: Standard
Organism: E coli
Results directory: /project/6000502/ranaab/kinGEMs_v2/results/tuning_results/BiGG_models/iEC1372_W3110_20260217_7414
======================================================================
=== kinGEMs Pipeline for iEC1372_W3110 ===
Run ID: iEC1372_W3110_20260217_7414
Model type: Standard
Organism: E coli
Results directory: /project/6000502/ranaab/kinGEMs_v2/results/tuning_results/BiGG_models/iEC1372_W3110_20260217_7414
Solver: glpk
Biomass reaction: BIOMASS_Ec_iJO1366_core_53p95M
Baseline growth: 0.9824
=== Step 1: Preparing model data ===
Warning: Model has 8 validation errors
Loaded model with 2758 reactions and 1918 metabolites
Converted to irreversible model with 3722 reactions
Extracted 6311 substrate-reaction-direction pairs
Mapped metabolites to SMILES (4985 found)
Retrieved 1366 protein sequences
  Model: 1372 genes, 3722 reactions
=== Step 2: Merging substrate and sequence data ===
  Merged data: 12056 rows
=== Step 3: Processing CPI-Pred kcat values ===

  ⚠️  No predictions file found for 'iEC1372_W3110'
  Available prediction files:
    - X06A_kinGEMs_ecoli_iML1515_predictions.csv
    - X06A_kinGEMs_382_genome_cpd03198_predictions.csv
    - X06A_kinGEMs_ecoli_core_predictions.csv

  Please ensure CPI-Pred predictions exist for this model.

Completed at: Wed Feb 18 03:59:32 PST 2026
