Starting kinGEMs pipeline for iEC1344_C
Config: configs/BiGG_models/iEC1344_C.json
Time: Tue Feb 17 19:42:00 PST 2026

Restricted license - for non-production use only - expires 2026-11-23
Loading configuration from: configs/BiGG_models/iEC1344_C.json

======================================================================
=== kinGEMs Pipeline for iEC1344_C ===
======================================================================
Run ID: iEC1344_C_20260217_6850
Model type: Standard
Organism: E coli
Results directory: /project/6000502/ranaab/kinGEMs_v2/results/tuning_results/BiGG_models/iEC1344_C_20260217_6850
======================================================================
=== kinGEMs Pipeline for iEC1344_C ===
Run ID: iEC1344_C_20260217_6850
Model type: Standard
Organism: E coli
Results directory: /project/6000502/ranaab/kinGEMs_v2/results/tuning_results/BiGG_models/iEC1344_C_20260217_6850
Solver: glpk
Biomass reaction: BIOMASS_Ec_iJO1366_core_53p95M
Baseline growth: 0.9824
=== Step 1: Preparing model data ===
Warning: Model has 8 validation errors
Loaded model with 2726 reactions and 1934 metabolites
Converted to irreversible model with 3691 reactions
Extracted 6267 substrate-reaction-direction pairs
Mapped metabolites to SMILES (4945 found)
Retrieved 2 protein sequences
  Model: 1344 genes, 3691 reactions
=== Step 2: Merging substrate and sequence data ===
  Merged data: 11882 rows
=== Step 3: Processing CPI-Pred kcat values ===

  ⚠️  No predictions file found for 'iEC1344_C'
  Available prediction files:
    - X06A_kinGEMs_ecoli_iML1515_predictions.csv
    - X06A_kinGEMs_382_genome_cpd03198_predictions.csv
    - X06A_kinGEMs_ecoli_core_predictions.csv

  Please ensure CPI-Pred predictions exist for this model.

Completed at: Wed Feb 18 03:34:35 PST 2026
