Starting kinGEMs pipeline for iEC1364_W
Config: configs/BiGG_models/iEC1364_W.json
Time: Tue Feb 17 19:42:31 PST 2026

Restricted license - for non-production use only - expires 2026-11-23
Loading configuration from: configs/BiGG_models/iEC1364_W.json

======================================================================
=== kinGEMs Pipeline for iEC1364_W ===
======================================================================
Run ID: iEC1364_W_20260217_3038
Model type: Standard
Organism: E coli
Results directory: /project/6000502/ranaab/kinGEMs_v2/results/tuning_results/BiGG_models/iEC1364_W_20260217_3038
======================================================================
=== kinGEMs Pipeline for iEC1364_W ===
Run ID: iEC1364_W_20260217_3038
Model type: Standard
Organism: E coli
Results directory: /project/6000502/ranaab/kinGEMs_v2/results/tuning_results/BiGG_models/iEC1364_W_20260217_3038
Solver: glpk
Biomass reaction: BIOMASS_Ec_iJO1366_core_53p95M
Baseline growth: 0.9854
=== Step 1: Preparing model data ===
Warning: Model has 8 validation errors
Loaded model with 2764 reactions and 1927 metabolites
Converted to irreversible model with 3721 reactions
Extracted 6308 substrate-reaction-direction pairs
Mapped metabolites to SMILES (4956 found)
Retrieved 1359 protein sequences
  Model: 1364 genes, 3721 reactions
=== Step 2: Merging substrate and sequence data ===
  Merged data: 12055 rows
=== Step 3: Processing CPI-Pred kcat values ===

  ⚠️  No predictions file found for 'iEC1364_W'
  Available prediction files:
    - X06A_kinGEMs_ecoli_iML1515_predictions.csv
    - X06A_kinGEMs_382_genome_cpd03198_predictions.csv
    - X06A_kinGEMs_ecoli_core_predictions.csv

  Please ensure CPI-Pred predictions exist for this model.

Completed at: Wed Feb 18 04:00:53 PST 2026
