Starting kinGEMs pipeline for iEC55989_1330
Config: configs/BiGG_models/iEC55989_1330.json
Time: Tue Feb 17 19:42:31 PST 2026

Restricted license - for non-production use only - expires 2026-11-23
Loading configuration from: configs/BiGG_models/iEC55989_1330.json

======================================================================
=== kinGEMs Pipeline for iEC55989_1330 ===
======================================================================
Run ID: iEC55989_1330_20260217_9936
Model type: Standard
Organism: E coli
Results directory: /project/6000502/ranaab/kinGEMs_v2/results/tuning_results/BiGG_models/iEC55989_1330_20260217_9936
======================================================================
=== kinGEMs Pipeline for iEC55989_1330 ===
Run ID: iEC55989_1330_20260217_9936
Model type: Standard
Organism: E coli
Results directory: /project/6000502/ranaab/kinGEMs_v2/results/tuning_results/BiGG_models/iEC55989_1330_20260217_9936
Solver: glpk
Biomass reaction: BIOMASS_Ec_iJO1366_core_53p95M
Baseline growth: 0.9825
=== Step 1: Preparing model data ===
Warning: Model has 8 validation errors
Loaded model with 2756 reactions and 1953 metabolites
Converted to irreversible model with 3792 reactions
Extracted 6290 substrate-reaction-direction pairs
Mapped metabolites to SMILES (5008 found)
Retrieved 1329 protein sequences
  Model: 1330 genes, 3792 reactions
=== Step 2: Merging substrate and sequence data ===
  Merged data: 11673 rows
=== Step 3: Processing CPI-Pred kcat values ===

  ⚠️  No predictions file found for 'iEC55989_1330'
  Available prediction files:
    - X06A_kinGEMs_ecoli_iML1515_predictions.csv
    - X06A_kinGEMs_382_genome_cpd03198_predictions.csv
    - X06A_kinGEMs_ecoli_core_predictions.csv

  Please ensure CPI-Pred predictions exist for this model.

Completed at: Wed Feb 18 04:28:02 PST 2026
