Starting kinGEMs pipeline for iECABU_c1320
Config: configs/BiGG_models/iECABU_c1320.json
Time: Tue Feb 17 19:42:31 PST 2026

Restricted license - for non-production use only - expires 2026-11-23
Loading configuration from: configs/BiGG_models/iECABU_c1320.json

======================================================================
=== kinGEMs Pipeline for iECABU_c1320 ===
======================================================================
Run ID: iECABU_c1320_20260217_4488
Model type: Standard
Organism: E coli
Results directory: /project/6000502/ranaab/kinGEMs_v2/results/tuning_results/BiGG_models/iECABU_c1320_20260217_4488
======================================================================
=== kinGEMs Pipeline for iECABU_c1320 ===
Run ID: iECABU_c1320_20260217_4488
Model type: Standard
Organism: E coli
Results directory: /project/6000502/ranaab/kinGEMs_v2/results/tuning_results/BiGG_models/iECABU_c1320_20260217_4488
Solver: glpk
Biomass reaction: BIOMASS_Ec_iJO1366_core_53p95M
Baseline growth: 0.9825
=== Step 1: Preparing model data ===
Warning: Model has 8 validation errors
Loaded model with 2731 reactions and 1942 metabolites
Converted to irreversible model with 3762 reactions
Extracted 6205 substrate-reaction-direction pairs
Mapped metabolites to SMILES (4945 found)
Retrieved 1309 protein sequences
  Model: 1320 genes, 3762 reactions
=== Step 2: Merging substrate and sequence data ===
  Merged data: 11531 rows
=== Step 3: Processing CPI-Pred kcat values ===

  ⚠️  No predictions file found for 'iECABU_c1320'
  Available prediction files:
    - X06A_kinGEMs_ecoli_iML1515_predictions.csv
    - X06A_kinGEMs_382_genome_cpd03198_predictions.csv
    - X06A_kinGEMs_ecoli_core_predictions.csv

  Please ensure CPI-Pred predictions exist for this model.

Completed at: Wed Feb 18 03:04:36 PST 2026
