Starting kinGEMs pipeline for iECB_1328
Config: configs/BiGG_models/iECB_1328.json
Time: Tue Feb 17 19:42:31 PST 2026

Restricted license - for non-production use only - expires 2026-11-23
Loading configuration from: configs/BiGG_models/iECB_1328.json

======================================================================
=== kinGEMs Pipeline for iECB_1328 ===
======================================================================
Run ID: iECB_1328_20260217_7099
Model type: Standard
Organism: E coli
Results directory: /project/6000502/ranaab/kinGEMs_v2/results/tuning_results/BiGG_models/iECB_1328_20260217_7099
======================================================================
=== kinGEMs Pipeline for iECB_1328 ===
Run ID: iECB_1328_20260217_7099
Model type: Standard
Organism: E coli
Results directory: /project/6000502/ranaab/kinGEMs_v2/results/tuning_results/BiGG_models/iECB_1328_20260217_7099
Solver: glpk
Biomass reaction: BIOMASS_Ec_iJO1366_core_53p95M
Baseline growth: 0.9825
=== Step 1: Preparing model data ===
Warning: Model has 8 validation errors
Loaded model with 2748 reactions and 1951 metabolites
Converted to irreversible model with 3777 reactions
Extracted 6264 substrate-reaction-direction pairs
Mapped metabolites to SMILES (4990 found)
Retrieved 1328 protein sequences
  Model: 1329 genes, 3777 reactions
=== Step 2: Merging substrate and sequence data ===
  Merged data: 11584 rows
=== Step 3: Processing CPI-Pred kcat values ===

  ⚠️  No predictions file found for 'iECB_1328'
  Available prediction files:
    - X06A_kinGEMs_ecoli_iML1515_predictions.csv
    - X06A_kinGEMs_382_genome_cpd03198_predictions.csv
    - X06A_kinGEMs_ecoli_core_predictions.csv

  Please ensure CPI-Pred predictions exist for this model.

Completed at: Wed Feb 18 04:49:25 PST 2026
