Starting kinGEMs pipeline for iECDH1ME8569_1439
Config: configs/BiGG_models/iECDH1ME8569_1439.json
Time: Tue Feb 17 19:42:31 PST 2026

Restricted license - for non-production use only - expires 2026-11-23
Loading configuration from: configs/BiGG_models/iECDH1ME8569_1439.json

======================================================================
=== kinGEMs Pipeline for iECDH1ME8569_1439 ===
======================================================================
Run ID: iECDH1ME8569_1439_20260217_1858
Model type: Standard
Organism: E coli
Results directory: /project/6000502/ranaab/kinGEMs_v2/results/tuning_results/BiGG_models/iECDH1ME8569_1439_20260217_1858
======================================================================
=== kinGEMs Pipeline for iECDH1ME8569_1439 ===
Run ID: iECDH1ME8569_1439_20260217_1858
Model type: Standard
Organism: E coli
Results directory: /project/6000502/ranaab/kinGEMs_v2/results/tuning_results/BiGG_models/iECDH1ME8569_1439_20260217_1858
Solver: glpk
Biomass reaction: BIOMASS_Ec_iJO1366_core_53p95M
Baseline growth: 0.9825
=== Step 1: Preparing model data ===
Warning: Model has 8 validation errors
Loaded model with 2755 reactions and 1950 metabolites
Converted to irreversible model with 3790 reactions
Extracted 6291 substrate-reaction-direction pairs
Mapped metabolites to SMILES (5017 found)
Retrieved 1335 protein sequences
  Model: 1439 genes, 3790 reactions
=== Step 2: Merging substrate and sequence data ===
  Merged data: 11770 rows
=== Step 3: Processing CPI-Pred kcat values ===

  ⚠️  No predictions file found for 'iECDH1ME8569_1439'
  Available prediction files:
    - X06A_kinGEMs_ecoli_iML1515_predictions.csv
    - X06A_kinGEMs_382_genome_cpd03198_predictions.csv
    - X06A_kinGEMs_ecoli_core_predictions.csv

  Please ensure CPI-Pred predictions exist for this model.

Completed at: Wed Feb 18 03:37:11 PST 2026
