Starting kinGEMs pipeline for iECD_1391
Config: configs/BiGG_models/iECD_1391.json
Time: Tue Feb 17 19:42:31 PST 2026

Restricted license - for non-production use only - expires 2026-11-23
Loading configuration from: configs/BiGG_models/iECD_1391.json

======================================================================
=== kinGEMs Pipeline for iECD_1391 ===
======================================================================
Run ID: iECD_1391_20260217_4183
Model type: Standard
Organism: E coli
Results directory: /project/6000502/ranaab/kinGEMs_v2/results/tuning_results/BiGG_models/iECD_1391_20260217_4183
======================================================================
=== kinGEMs Pipeline for iECD_1391 ===
Run ID: iECD_1391_20260217_4183
Model type: Standard
Organism: E coli
Results directory: /project/6000502/ranaab/kinGEMs_v2/results/tuning_results/BiGG_models/iECD_1391_20260217_4183
Solver: glpk
Biomass reaction: BIOMASS_Ec_iJO1366_core_53p95M
Baseline growth: 0.9756
=== Step 1: Preparing model data ===
Warning: Model has 8 validation errors
Loaded model with 2741 reactions and 1943 metabolites
Converted to irreversible model with 3770 reactions
Extracted 6251 substrate-reaction-direction pairs
Mapped metabolites to SMILES (4979 found)
Retrieved 1331 protein sequences
  Model: 1333 genes, 3770 reactions
=== Step 2: Merging substrate and sequence data ===
  Merged data: 11595 rows
=== Step 3: Processing CPI-Pred kcat values ===

  ⚠️  No predictions file found for 'iECD_1391'
  Available prediction files:
    - X06A_kinGEMs_ecoli_iML1515_predictions.csv
    - X06A_kinGEMs_382_genome_cpd03198_predictions.csv
    - X06A_kinGEMs_ecoli_core_predictions.csv

  Please ensure CPI-Pred predictions exist for this model.

Completed at: Wed Feb 18 04:09:08 PST 2026
