Starting kinGEMs pipeline for iECDH10B_1368
Config: configs/BiGG_models/iECDH10B_1368.json
Time: Tue Feb 17 19:42:31 PST 2026

Restricted license - for non-production use only - expires 2026-11-23
Loading configuration from: configs/BiGG_models/iECDH10B_1368.json

======================================================================
=== kinGEMs Pipeline for iECDH10B_1368 ===
======================================================================
Run ID: iECDH10B_1368_20260217_4499
Model type: Standard
Organism: E coli
Results directory: /project/6000502/ranaab/kinGEMs_v2/results/tuning_results/BiGG_models/iECDH10B_1368_20260217_4499
======================================================================
=== kinGEMs Pipeline for iECDH10B_1368 ===
Run ID: iECDH10B_1368_20260217_4499
Model type: Standard
Organism: E coli
Results directory: /project/6000502/ranaab/kinGEMs_v2/results/tuning_results/BiGG_models/iECDH10B_1368_20260217_4499
Solver: glpk
Biomass reaction: BIOMASS_Ec_iJO1366_core_53p95M
Baseline growth: 1.0375
=== Step 1: Preparing model data ===
Warning: Model has 8 validation errors
Loaded model with 2742 reactions and 1947 metabolites
Converted to irreversible model with 3772 reactions
Extracted 6258 substrate-reaction-direction pairs
Mapped metabolites to SMILES (4991 found)
Retrieved 1326 protein sequences
  Model: 1327 genes, 3772 reactions
=== Step 2: Merging substrate and sequence data ===
  Merged data: 11638 rows
=== Step 3: Processing CPI-Pred kcat values ===

  ⚠️  No predictions file found for 'iECDH10B_1368'
  Available prediction files:
    - X06A_kinGEMs_ecoli_iML1515_predictions.csv
    - X06A_kinGEMs_382_genome_cpd03198_predictions.csv
    - X06A_kinGEMs_ecoli_core_predictions.csv

  Please ensure CPI-Pred predictions exist for this model.

Completed at: Wed Feb 18 02:04:57 PST 2026
