Starting kinGEMs pipeline for iECED1_1282
Config: configs/BiGG_models/iECED1_1282.json
Time: Tue Feb 17 19:42:31 PST 2026

Restricted license - for non-production use only - expires 2026-11-23
Loading configuration from: configs/BiGG_models/iECED1_1282.json

======================================================================
=== kinGEMs Pipeline for iECED1_1282 ===
======================================================================
Run ID: iECED1_1282_20260217_5008
Model type: Standard
Organism: E coli
Results directory: /project/6000502/ranaab/kinGEMs_v2/results/tuning_results/BiGG_models/iECED1_1282_20260217_5008
======================================================================
=== kinGEMs Pipeline for iECED1_1282 ===
Run ID: iECED1_1282_20260217_5008
Model type: Standard
Organism: E coli
Results directory: /project/6000502/ranaab/kinGEMs_v2/results/tuning_results/BiGG_models/iECED1_1282_20260217_5008
Solver: glpk
Biomass reaction: BIOMASS_Ec_iJO1366_core_53p95M
Baseline growth: 0.9825
=== Step 1: Preparing model data ===
Warning: Model has 8 validation errors
Loaded model with 2706 reactions and 1929 metabolites
Converted to irreversible model with 3732 reactions
Extracted 6145 substrate-reaction-direction pairs
Mapped metabolites to SMILES (4894 found)
Retrieved 1270 protein sequences
  Model: 1279 genes, 3732 reactions
=== Step 2: Merging substrate and sequence data ===
  Merged data: 10753 rows
=== Step 3: Processing CPI-Pred kcat values ===

  ⚠️  No predictions file found for 'iECED1_1282'
  Available prediction files:
    - X06A_kinGEMs_ecoli_iML1515_predictions.csv
    - X06A_kinGEMs_382_genome_cpd03198_predictions.csv
    - X06A_kinGEMs_ecoli_core_predictions.csv

  Please ensure CPI-Pred predictions exist for this model.

Completed at: Wed Feb 18 03:29:25 PST 2026
