Starting kinGEMs pipeline for iEcE24377_1341
Config: configs/BiGG_models/iEcE24377_1341.json
Time: Tue Feb 17 19:42:30 PST 2026

Restricted license - for non-production use only - expires 2026-11-23
Loading configuration from: configs/BiGG_models/iEcE24377_1341.json

======================================================================
=== kinGEMs Pipeline for iEcE24377_1341 ===
======================================================================
Run ID: iEcE24377_1341_20260217_3014
Model type: Standard
Organism: E coli
Results directory: /project/6000502/ranaab/kinGEMs_v2/results/tuning_results/BiGG_models/iEcE24377_1341_20260217_3014
======================================================================
=== kinGEMs Pipeline for iEcE24377_1341 ===
Run ID: iEcE24377_1341_20260217_3014
Model type: Standard
Organism: E coli
Results directory: /project/6000502/ranaab/kinGEMs_v2/results/tuning_results/BiGG_models/iEcE24377_1341_20260217_3014
Solver: glpk
Biomass reaction: BIOMASS_Ec_iJO1366_core_53p95M
Baseline growth: 0.9825
=== Step 1: Preparing model data ===
Warning: Model has 8 validation errors
Loaded model with 2763 reactions and 1972 metabolites
Converted to irreversible model with 3796 reactions
Extracted 6297 substrate-reaction-direction pairs
Mapped metabolites to SMILES (5009 found)
Retrieved 1339 protein sequences
  Model: 1341 genes, 3796 reactions
=== Step 2: Merging substrate and sequence data ===
  Merged data: 11657 rows
=== Step 3: Processing CPI-Pred kcat values ===

  ⚠️  No predictions file found for 'iEcE24377_1341'
  Available prediction files:
    - X06A_kinGEMs_ecoli_iML1515_predictions.csv
    - X06A_kinGEMs_382_genome_cpd03198_predictions.csv
    - X06A_kinGEMs_ecoli_core_predictions.csv

  Please ensure CPI-Pred predictions exist for this model.

Completed at: Wed Feb 18 04:00:00 PST 2026
