Starting kinGEMs pipeline for iEcHS_1320
Config: configs/BiGG_models/iEcHS_1320.json
Time: Tue Feb 17 19:42:30 PST 2026

Restricted license - for non-production use only - expires 2026-11-23
Loading configuration from: configs/BiGG_models/iEcHS_1320.json

======================================================================
=== kinGEMs Pipeline for iEcHS_1320 ===
======================================================================
Run ID: iEcHS_1320_20260217_3767
Model type: Standard
Organism: E coli
Results directory: /project/6000502/ranaab/kinGEMs_v2/results/tuning_results/BiGG_models/iEcHS_1320_20260217_3767
======================================================================
=== kinGEMs Pipeline for iEcHS_1320 ===
Run ID: iEcHS_1320_20260217_3767
Model type: Standard
Organism: E coli
Results directory: /project/6000502/ranaab/kinGEMs_v2/results/tuning_results/BiGG_models/iEcHS_1320_20260217_3767
Solver: glpk
Biomass reaction: BIOMASS_Ec_iJO1366_core_53p95M
Baseline growth: 0.9825
=== Step 1: Preparing model data ===
Warning: Model has 8 validation errors
Loaded model with 2753 reactions and 1963 metabolites
Converted to irreversible model with 3784 reactions
Extracted 6282 substrate-reaction-direction pairs
Mapped metabolites to SMILES (5003 found)
Retrieved 1319 protein sequences
  Model: 1321 genes, 3784 reactions
=== Step 2: Merging substrate and sequence data ===
  Merged data: 11572 rows
=== Step 3: Processing CPI-Pred kcat values ===

  ⚠️  No predictions file found for 'iEcHS_1320'
  Available prediction files:
    - X06A_kinGEMs_ecoli_iML1515_predictions.csv
    - X06A_kinGEMs_382_genome_cpd03198_predictions.csv
    - X06A_kinGEMs_ecoli_core_predictions.csv

  Please ensure CPI-Pred predictions exist for this model.

Completed at: Wed Feb 18 03:23:46 PST 2026
