Starting kinGEMs pipeline for iECIAI39_1322
Config: configs/BiGG_models/iECIAI39_1322.json
Time: Tue Feb 17 19:42:30 PST 2026

Restricted license - for non-production use only - expires 2026-11-23
Loading configuration from: configs/BiGG_models/iECIAI39_1322.json

======================================================================
=== kinGEMs Pipeline for iECIAI39_1322 ===
======================================================================
Run ID: iECIAI39_1322_20260217_4989
Model type: Standard
Organism: E coli
Results directory: /project/6000502/ranaab/kinGEMs_v2/results/tuning_results/BiGG_models/iECIAI39_1322_20260217_4989
======================================================================
=== kinGEMs Pipeline for iECIAI39_1322 ===
Run ID: iECIAI39_1322_20260217_4989
Model type: Standard
Organism: E coli
Results directory: /project/6000502/ranaab/kinGEMs_v2/results/tuning_results/BiGG_models/iECIAI39_1322_20260217_4989
Solver: glpk
Biomass reaction: BIOMASS_Ec_iJO1366_core_53p95M
Baseline growth: 0.9828
=== Step 1: Preparing model data ===
Warning: Model has 8 validation errors
Loaded model with 2721 reactions and 1953 metabolites
Converted to irreversible model with 3751 reactions
Extracted 6192 substrate-reaction-direction pairs
Mapped metabolites to SMILES (4950 found)
Retrieved 1317 protein sequences
  Model: 1321 genes, 3751 reactions
=== Step 2: Merging substrate and sequence data ===
  Merged data: 11474 rows
=== Step 3: Processing CPI-Pred kcat values ===

  ⚠️  No predictions file found for 'iECIAI39_1322'
  Available prediction files:
    - X06A_kinGEMs_ecoli_iML1515_predictions.csv
    - X06A_kinGEMs_382_genome_cpd03198_predictions.csv
    - X06A_kinGEMs_ecoli_core_predictions.csv

  Please ensure CPI-Pred predictions exist for this model.

Completed at: Wed Feb 18 04:32:57 PST 2026
