Starting kinGEMs pipeline for iECIAI1_1343
Config: configs/BiGG_models/iECIAI1_1343.json
Time: Tue Feb 17 19:42:30 PST 2026

Restricted license - for non-production use only - expires 2026-11-23
Loading configuration from: configs/BiGG_models/iECIAI1_1343.json

======================================================================
=== kinGEMs Pipeline for iECIAI1_1343 ===
======================================================================
Run ID: iECIAI1_1343_20260217_6977
Model type: Standard
Organism: E coli
Results directory: /project/6000502/ranaab/kinGEMs_v2/results/tuning_results/BiGG_models/iECIAI1_1343_20260217_6977
======================================================================
=== kinGEMs Pipeline for iECIAI1_1343 ===
Run ID: iECIAI1_1343_20260217_6977
Model type: Standard
Organism: E coli
Results directory: /project/6000502/ranaab/kinGEMs_v2/results/tuning_results/BiGG_models/iECIAI1_1343_20260217_6977
Solver: glpk
Biomass reaction: BIOMASS_Ec_iJO1366_core_53p95M
Baseline growth: 20.5222
=== Step 1: Preparing model data ===
Warning: Model has 8 validation errors
Loaded model with 2765 reactions and 1968 metabolites
Converted to irreversible model with 3795 reactions
Extracted 6295 substrate-reaction-direction pairs
Mapped metabolites to SMILES (5001 found)
Retrieved 1341 protein sequences
  Model: 1343 genes, 3795 reactions
=== Step 2: Merging substrate and sequence data ===
  Merged data: 11627 rows
=== Step 3: Processing CPI-Pred kcat values ===

  ⚠️  No predictions file found for 'iECIAI1_1343'
  Available prediction files:
    - X06A_kinGEMs_ecoli_iML1515_predictions.csv
    - X06A_kinGEMs_382_genome_cpd03198_predictions.csv
    - X06A_kinGEMs_ecoli_core_predictions.csv

  Please ensure CPI-Pred predictions exist for this model.

Completed at: Wed Feb 18 02:38:17 PST 2026
