Starting kinGEMs pipeline for iECNA114_1301
Config: configs/BiGG_models/iECNA114_1301.json
Time: Tue Feb 17 19:42:30 PST 2026

Restricted license - for non-production use only - expires 2026-11-23
Loading configuration from: configs/BiGG_models/iECNA114_1301.json

======================================================================
=== kinGEMs Pipeline for iECNA114_1301 ===
======================================================================
Run ID: iECNA114_1301_20260217_9050
Model type: Standard
Organism: E coli
Results directory: /project/6000502/ranaab/kinGEMs_v2/results/tuning_results/BiGG_models/iECNA114_1301_20260217_9050
======================================================================
=== kinGEMs Pipeline for iECNA114_1301 ===
Run ID: iECNA114_1301_20260217_9050
Model type: Standard
Organism: E coli
Results directory: /project/6000502/ranaab/kinGEMs_v2/results/tuning_results/BiGG_models/iECNA114_1301_20260217_9050
Solver: glpk
Biomass reaction: BIOMASS_Ec_iJO1366_core_53p95M
Baseline growth: 0.9825
=== Step 1: Preparing model data ===
Warning: Model has 8 validation errors
Loaded model with 2718 reactions and 1927 metabolites
Converted to irreversible model with 3747 reactions
Extracted 6182 substrate-reaction-direction pairs
Mapped metabolites to SMILES (4924 found)
Retrieved 1300 protein sequences
  Model: 1301 genes, 3747 reactions
=== Step 2: Merging substrate and sequence data ===
  Merged data: 11456 rows
=== Step 3: Processing CPI-Pred kcat values ===

  ⚠️  No predictions file found for 'iECNA114_1301'
  Available prediction files:
    - X06A_kinGEMs_ecoli_iML1515_predictions.csv
    - X06A_kinGEMs_382_genome_cpd03198_predictions.csv
    - X06A_kinGEMs_ecoli_core_predictions.csv

  Please ensure CPI-Pred predictions exist for this model.

Completed at: Wed Feb 18 04:52:16 PST 2026
