Starting kinGEMs pipeline for iECO26_1355
Config: configs/BiGG_models/iECO26_1355.json
Time: Tue Feb 17 19:42:30 PST 2026

Restricted license - for non-production use only - expires 2026-11-23
Loading configuration from: configs/BiGG_models/iECO26_1355.json

======================================================================
=== kinGEMs Pipeline for iECO26_1355 ===
======================================================================
Run ID: iECO26_1355_20260217_6857
Model type: Standard
Organism: E coli
Results directory: /project/6000502/ranaab/kinGEMs_v2/results/tuning_results/BiGG_models/iECO26_1355_20260217_6857
======================================================================
=== kinGEMs Pipeline for iECO26_1355 ===
Run ID: iECO26_1355_20260217_6857
Model type: Standard
Organism: E coli
Results directory: /project/6000502/ranaab/kinGEMs_v2/results/tuning_results/BiGG_models/iECO26_1355_20260217_6857
Solver: glpk
Biomass reaction: BIOMASS_Ec_iJO1366_core_53p95M
Baseline growth: 0.9825
=== Step 1: Preparing model data ===
Warning: Model has 8 validation errors
Loaded model with 2780 reactions and 1965 metabolites
Converted to irreversible model with 3814 reactions
Extracted 6336 substrate-reaction-direction pairs
Mapped metabolites to SMILES (5537 found)
Retrieved 1351 protein sequences
  Model: 1355 genes, 3814 reactions
=== Step 2: Merging substrate and sequence data ===
  Merged data: 11771 rows
=== Step 3: Processing CPI-Pred kcat values ===

  ⚠️  No predictions file found for 'iECO26_1355'
  Available prediction files:
    - X06A_kinGEMs_ecoli_iML1515_predictions.csv
    - X06A_kinGEMs_382_genome_cpd03198_predictions.csv
    - X06A_kinGEMs_ecoli_core_predictions.csv

  Please ensure CPI-Pred predictions exist for this model.

Completed at: Wed Feb 18 03:54:42 PST 2026
