Starting kinGEMs pipeline for iECOK1_1307
Config: configs/BiGG_models/iECOK1_1307.json
Time: Tue Feb 17 19:42:30 PST 2026

Restricted license - for non-production use only - expires 2026-11-23
Loading configuration from: configs/BiGG_models/iECOK1_1307.json

======================================================================
=== kinGEMs Pipeline for iECOK1_1307 ===
======================================================================
Run ID: iECOK1_1307_20260217_8794
Model type: Standard
Organism: E coli
Results directory: /project/6000502/ranaab/kinGEMs_v2/results/tuning_results/BiGG_models/iECOK1_1307_20260217_8794
======================================================================
=== kinGEMs Pipeline for iECOK1_1307 ===
Run ID: iECOK1_1307_20260217_8794
Model type: Standard
Organism: E coli
Results directory: /project/6000502/ranaab/kinGEMs_v2/results/tuning_results/BiGG_models/iECOK1_1307_20260217_8794
Solver: glpk
Biomass reaction: BIOMASS_Ec_iJO1366_core_53p95M
Baseline growth: 0.9825
=== Step 1: Preparing model data ===
Warning: Model has 8 validation errors
Loaded model with 2729 reactions and 1941 metabolites
Converted to irreversible model with 3758 reactions
Extracted 6198 substrate-reaction-direction pairs
Mapped metabolites to SMILES (4941 found)
Retrieved 1290 protein sequences
  Model: 1304 genes, 3758 reactions
=== Step 2: Merging substrate and sequence data ===
  Merged data: 11468 rows
=== Step 3: Processing CPI-Pred kcat values ===

  ⚠️  No predictions file found for 'iECOK1_1307'
  Available prediction files:
    - X06A_kinGEMs_ecoli_iML1515_predictions.csv
    - X06A_kinGEMs_382_genome_cpd03198_predictions.csv
    - X06A_kinGEMs_ecoli_core_predictions.csv

  Please ensure CPI-Pred predictions exist for this model.

Completed at: Wed Feb 18 04:14:51 PST 2026
