Starting kinGEMs pipeline for iEcolC_1368
Config: configs/BiGG_models/iEcolC_1368.json
Time: Tue Feb 17 19:42:58 PST 2026

Restricted license - for non-production use only - expires 2026-11-23
Loading configuration from: configs/BiGG_models/iEcolC_1368.json

======================================================================
=== kinGEMs Pipeline for iEcolC_1368 ===
======================================================================
Run ID: iEcolC_1368_20260217_3170
Model type: Standard
Organism: E coli
Results directory: /project/6000502/ranaab/kinGEMs_v2/results/tuning_results/BiGG_models/iEcolC_1368_20260217_3170
======================================================================
=== kinGEMs Pipeline for iEcolC_1368 ===
Run ID: iEcolC_1368_20260217_3170
Model type: Standard
Organism: E coli
Results directory: /project/6000502/ranaab/kinGEMs_v2/results/tuning_results/BiGG_models/iEcolC_1368_20260217_3170
Solver: glpk
Biomass reaction: BIOMASS_Ec_iJO1366_core_53p95M
Baseline growth: 0.9825
=== Step 1: Preparing model data ===
Warning: Model has 8 validation errors
Loaded model with 2768 reactions and 1969 metabolites
Converted to irreversible model with 3799 reactions
Extracted 6307 substrate-reaction-direction pairs
Mapped metabolites to SMILES (5013 found)
Retrieved 1365 protein sequences
  Model: 1368 genes, 3799 reactions
=== Step 2: Merging substrate and sequence data ===
  Merged data: 11768 rows
=== Step 3: Processing CPI-Pred kcat values ===

  ⚠️  No predictions file found for 'iEcolC_1368'
  Available prediction files:
    - X06A_kinGEMs_ecoli_iML1515_predictions.csv
    - X06A_kinGEMs_382_genome_cpd03198_predictions.csv
    - X06A_kinGEMs_ecoli_core_predictions.csv

  Please ensure CPI-Pred predictions exist for this model.

Completed at: Wed Feb 18 04:39:05 PST 2026
