Starting kinGEMs pipeline for iECO103_1326
Config: configs/BiGG_models/iECO103_1326.json
Time: Tue Feb 17 19:42:30 PST 2026

Restricted license - for non-production use only - expires 2026-11-23
Loading configuration from: configs/BiGG_models/iECO103_1326.json

======================================================================
=== kinGEMs Pipeline for iECO103_1326 ===
======================================================================
Run ID: iECO103_1326_20260217_7171
Model type: Standard
Organism: E coli
Results directory: /project/6000502/ranaab/kinGEMs_v2/results/tuning_results/BiGG_models/iECO103_1326_20260217_7171
======================================================================
=== kinGEMs Pipeline for iECO103_1326 ===
Run ID: iECO103_1326_20260217_7171
Model type: Standard
Organism: E coli
Results directory: /project/6000502/ranaab/kinGEMs_v2/results/tuning_results/BiGG_models/iECO103_1326_20260217_7171
Solver: glpk
Biomass reaction: BIOMASS_Ec_iJO1366_core_53p95M
Baseline growth: 0.9825
=== Step 1: Preparing model data ===
Warning: Model has 8 validation errors
Loaded model with 2758 reactions and 1958 metabolites
Converted to irreversible model with 3794 reactions
Extracted 6285 substrate-reaction-direction pairs
Mapped metabolites to SMILES (5003 found)
Retrieved 7 protein sequences
  Model: 1327 genes, 3794 reactions
=== Step 2: Merging substrate and sequence data ===
  Merged data: 11597 rows
=== Step 3: Processing CPI-Pred kcat values ===

  ⚠️  No predictions file found for 'iECO103_1326'
  Available prediction files:
    - X06A_kinGEMs_ecoli_iML1515_predictions.csv
    - X06A_kinGEMs_382_genome_cpd03198_predictions.csv
    - X06A_kinGEMs_ecoli_core_predictions.csv

  Please ensure CPI-Pred predictions exist for this model.

Completed at: Wed Feb 18 04:12:42 PST 2026
