Starting kinGEMs pipeline for iECO111_1330
Config: configs/BiGG_models/iECO111_1330.json
Time: Tue Feb 17 19:42:30 PST 2026

Restricted license - for non-production use only - expires 2026-11-23
Loading configuration from: configs/BiGG_models/iECO111_1330.json

======================================================================
=== kinGEMs Pipeline for iECO111_1330 ===
======================================================================
Run ID: iECO111_1330_20260217_2939
Model type: Standard
Organism: E coli
Results directory: /project/6000502/ranaab/kinGEMs_v2/results/tuning_results/BiGG_models/iECO111_1330_20260217_2939
======================================================================
=== kinGEMs Pipeline for iECO111_1330 ===
Run ID: iECO111_1330_20260217_2939
Model type: Standard
Organism: E coli
Results directory: /project/6000502/ranaab/kinGEMs_v2/results/tuning_results/BiGG_models/iECO111_1330_20260217_2939
Solver: glpk
Biomass reaction: BIOMASS_Ec_iJO1366_core_53p95M
Baseline growth: 0.9825
=== Step 1: Preparing model data ===
Warning: Model has 8 validation errors
Loaded model with 2760 reactions and 1959 metabolites
Converted to irreversible model with 3793 reactions
Extracted 6287 substrate-reaction-direction pairs
Mapped metabolites to SMILES (5538 found)
Retrieved 1318 protein sequences
  Model: 1328 genes, 3793 reactions
=== Step 2: Merging substrate and sequence data ===
  Merged data: 11580 rows
=== Step 3: Processing CPI-Pred kcat values ===

  ⚠️  No predictions file found for 'iECO111_1330'
  Available prediction files:
    - X06A_kinGEMs_ecoli_iML1515_predictions.csv
    - X06A_kinGEMs_382_genome_cpd03198_predictions.csv
    - X06A_kinGEMs_ecoli_core_predictions.csv

  Please ensure CPI-Pred predictions exist for this model.

Completed at: Wed Feb 18 03:25:03 PST 2026
