Starting kinGEMs pipeline for iECP_1309
Config: configs/BiGG_models/iECP_1309.json
Time: Tue Feb 17 19:42:30 PST 2026

Restricted license - for non-production use only - expires 2026-11-23
Loading configuration from: configs/BiGG_models/iECP_1309.json

======================================================================
=== kinGEMs Pipeline for iECP_1309 ===
======================================================================
Run ID: iECP_1309_20260217_8491
Model type: Standard
Organism: E coli
Results directory: /project/6000502/ranaab/kinGEMs_v2/results/tuning_results/BiGG_models/iECP_1309_20260217_8491
======================================================================
=== kinGEMs Pipeline for iECP_1309 ===
Run ID: iECP_1309_20260217_8491
Model type: Standard
Organism: E coli
Results directory: /project/6000502/ranaab/kinGEMs_v2/results/tuning_results/BiGG_models/iECP_1309_20260217_8491
Solver: glpk
Biomass reaction: BIOMASS_Ec_iJO1366_core_53p95M
Baseline growth: 0.9825
=== Step 1: Preparing model data ===
Warning: Model has 8 validation errors
Loaded model with 2739 reactions and 1941 metabolites
Converted to irreversible model with 3769 reactions
Extracted 6217 substrate-reaction-direction pairs
Mapped metabolites to SMILES (4955 found)
Retrieved 1308 protein sequences
  Model: 1309 genes, 3769 reactions
=== Step 2: Merging substrate and sequence data ===
  Merged data: 11531 rows
=== Step 3: Processing CPI-Pred kcat values ===

  ⚠️  No predictions file found for 'iECP_1309'
  Available prediction files:
    - X06A_kinGEMs_ecoli_iML1515_predictions.csv
    - X06A_kinGEMs_382_genome_cpd03198_predictions.csv
    - X06A_kinGEMs_ecoli_core_predictions.csv

  Please ensure CPI-Pred predictions exist for this model.

Completed at: Wed Feb 18 04:10:12 PST 2026
