Starting kinGEMs pipeline for iEcSMS35_1347
Config: configs/BiGG_models/iEcSMS35_1347.json
Time: Tue Feb 17 19:42:58 PST 2026

Restricted license - for non-production use only - expires 2026-11-23
Loading configuration from: configs/BiGG_models/iEcSMS35_1347.json

======================================================================
=== kinGEMs Pipeline for iEcSMS35_1347 ===
======================================================================
Run ID: iEcSMS35_1347_20260217_2066
Model type: Standard
Organism: E coli
Results directory: /project/6000502/ranaab/kinGEMs_v2/results/tuning_results/BiGG_models/iEcSMS35_1347_20260217_2066
======================================================================
=== kinGEMs Pipeline for iEcSMS35_1347 ===
Run ID: iEcSMS35_1347_20260217_2066
Model type: Standard
Organism: E coli
Results directory: /project/6000502/ranaab/kinGEMs_v2/results/tuning_results/BiGG_models/iEcSMS35_1347_20260217_2066
Solver: glpk
Biomass reaction: BIOMASS_Ec_iJO1366_core_53p95M
Baseline growth: 0.9825
=== Step 1: Preparing model data ===
Warning: Model has 8 validation errors
Loaded model with 2746 reactions and 1947 metabolites
Converted to irreversible model with 3775 reactions
Extracted 6248 substrate-reaction-direction pairs
Mapped metabolites to SMILES (4981 found)
Retrieved 1343 protein sequences
  Model: 1347 genes, 3775 reactions
=== Step 2: Merging substrate and sequence data ===
  Merged data: 11645 rows
=== Step 3: Processing CPI-Pred kcat values ===

  ⚠️  No predictions file found for 'iEcSMS35_1347'
  Available prediction files:
    - X06A_kinGEMs_ecoli_iML1515_predictions.csv
    - X06A_kinGEMs_382_genome_cpd03198_predictions.csv
    - X06A_kinGEMs_ecoli_core_predictions.csv

  Please ensure CPI-Pred predictions exist for this model.

Completed at: Wed Feb 18 04:37:11 PST 2026
