Starting kinGEMs pipeline for iECSE_1348
Config: configs/BiGG_models/iECSE_1348.json
Time: Tue Feb 17 19:42:30 PST 2026

Restricted license - for non-production use only - expires 2026-11-23
Loading configuration from: configs/BiGG_models/iECSE_1348.json

======================================================================
=== kinGEMs Pipeline for iECSE_1348 ===
======================================================================
Run ID: iECSE_1348_20260217_3193
Model type: Standard
Organism: E coli
Results directory: /project/6000502/ranaab/kinGEMs_v2/results/tuning_results/BiGG_models/iECSE_1348_20260217_3193
======================================================================
=== kinGEMs Pipeline for iECSE_1348 ===
Run ID: iECSE_1348_20260217_3193
Model type: Standard
Organism: E coli
Results directory: /project/6000502/ranaab/kinGEMs_v2/results/tuning_results/BiGG_models/iECSE_1348_20260217_3193
Solver: glpk
Biomass reaction: BIOMASS_Ec_iJO1366_core_53p95M
Baseline growth: 0.9825
=== Step 1: Preparing model data ===
Warning: Model has 8 validation errors
Loaded model with 2768 reactions and 1957 metabolites
Converted to irreversible model with 3804 reactions
Extracted 6313 substrate-reaction-direction pairs
Mapped metabolites to SMILES (5023 found)
Retrieved 1346 protein sequences
  Model: 1348 genes, 3804 reactions
=== Step 2: Merging substrate and sequence data ===
  Merged data: 11745 rows
=== Step 3: Processing CPI-Pred kcat values ===

  ⚠️  No predictions file found for 'iECSE_1348'
  Available prediction files:
    - X06A_kinGEMs_ecoli_iML1515_predictions.csv
    - X06A_kinGEMs_382_genome_cpd03198_predictions.csv
    - X06A_kinGEMs_ecoli_core_predictions.csv

  Please ensure CPI-Pred predictions exist for this model.

Completed at: Wed Feb 18 04:48:19 PST 2026
