Starting kinGEMs pipeline for iECSP_1301
Config: configs/BiGG_models/iECSP_1301.json
Time: Tue Feb 17 19:42:30 PST 2026

Restricted license - for non-production use only - expires 2026-11-23
Loading configuration from: configs/BiGG_models/iECSP_1301.json

======================================================================
=== kinGEMs Pipeline for iECSP_1301 ===
======================================================================
Run ID: iECSP_1301_20260217_3236
Model type: Standard
Organism: E coli
Results directory: /project/6000502/ranaab/kinGEMs_v2/results/tuning_results/BiGG_models/iECSP_1301_20260217_3236
======================================================================
=== kinGEMs Pipeline for iECSP_1301 ===
Run ID: iECSP_1301_20260217_3236
Model type: Standard
Organism: E coli
Results directory: /project/6000502/ranaab/kinGEMs_v2/results/tuning_results/BiGG_models/iECSP_1301_20260217_3236
Solver: glpk
Biomass reaction: BIOMASS_Ec_iJO1366_core_53p95M
Baseline growth: 0.9825
=== Step 1: Preparing model data ===
Warning: Model has 8 validation errors
Loaded model with 2712 reactions and 1920 metabolites
Converted to irreversible model with 3736 reactions
Extracted 6171 substrate-reaction-direction pairs
Mapped metabolites to SMILES (4914 found)
Retrieved 1293 protein sequences
  Model: 1299 genes, 3736 reactions
=== Step 2: Merging substrate and sequence data ===
  Merged data: 11461 rows
=== Step 3: Processing CPI-Pred kcat values ===

  ⚠️  No predictions file found for 'iECSP_1301'
  Available prediction files:
    - X06A_kinGEMs_ecoli_iML1515_predictions.csv
    - X06A_kinGEMs_382_genome_cpd03198_predictions.csv
    - X06A_kinGEMs_ecoli_core_predictions.csv

  Please ensure CPI-Pred predictions exist for this model.

Completed at: Wed Feb 18 04:40:32 PST 2026
