Starting kinGEMs pipeline for iECS88_1305
Config: configs/BiGG_models/iECS88_1305.json
Time: Tue Feb 17 19:42:30 PST 2026

Restricted license - for non-production use only - expires 2026-11-23
Loading configuration from: configs/BiGG_models/iECS88_1305.json

======================================================================
=== kinGEMs Pipeline for iECS88_1305 ===
======================================================================
Run ID: iECS88_1305_20260217_7711
Model type: Standard
Organism: E coli
Results directory: /project/6000502/ranaab/kinGEMs_v2/results/tuning_results/BiGG_models/iECS88_1305_20260217_7711
======================================================================
=== kinGEMs Pipeline for iECS88_1305 ===
Run ID: iECS88_1305_20260217_7711
Model type: Standard
Organism: E coli
Results directory: /project/6000502/ranaab/kinGEMs_v2/results/tuning_results/BiGG_models/iECS88_1305_20260217_7711
Solver: glpk
Biomass reaction: BIOMASS_Ec_iJO1366_core_53p95M
Baseline growth: 0.9825
=== Step 1: Preparing model data ===
Warning: Model has 8 validation errors
Loaded model with 2729 reactions and 1942 metabolites
Converted to irreversible model with 3756 reactions
Extracted 6188 substrate-reaction-direction pairs
Mapped metabolites to SMILES (4933 found)
Retrieved 1295 protein sequences
  Model: 1305 genes, 3756 reactions
=== Step 2: Merging substrate and sequence data ===
  Merged data: 11489 rows
=== Step 3: Processing CPI-Pred kcat values ===

  ⚠️  No predictions file found for 'iECS88_1305'
  Available prediction files:
    - X06A_kinGEMs_ecoli_iML1515_predictions.csv
    - X06A_kinGEMs_382_genome_cpd03198_predictions.csv
    - X06A_kinGEMs_ecoli_core_predictions.csv

  Please ensure CPI-Pred predictions exist for this model.

Completed at: Wed Feb 18 03:13:14 PST 2026
