Starting kinGEMs pipeline for iECSF_1327
Config: configs/BiGG_models/iECSF_1327.json
Time: Tue Feb 17 19:42:30 PST 2026

Restricted license - for non-production use only - expires 2026-11-23
Loading configuration from: configs/BiGG_models/iECSF_1327.json

======================================================================
=== kinGEMs Pipeline for iECSF_1327 ===
======================================================================
Run ID: iECSF_1327_20260217_9813
Model type: Standard
Organism: E coli
Results directory: /project/6000502/ranaab/kinGEMs_v2/results/tuning_results/BiGG_models/iECSF_1327_20260217_9813
======================================================================
=== kinGEMs Pipeline for iECSF_1327 ===
Run ID: iECSF_1327_20260217_9813
Model type: Standard
Organism: E coli
Results directory: /project/6000502/ranaab/kinGEMs_v2/results/tuning_results/BiGG_models/iECSF_1327_20260217_9813
Solver: glpk
Biomass reaction: BIOMASS_Ec_iJO1366_core_53p95M
Baseline growth: 0.9825
=== Step 1: Preparing model data ===
Warning: Model has 8 validation errors
Loaded model with 2742 reactions and 1951 metabolites
Converted to irreversible model with 3773 reactions
Extracted 6228 substrate-reaction-direction pairs
Mapped metabolites to SMILES (4978 found)
Retrieved 1325 protein sequences
  Model: 1327 genes, 3773 reactions
=== Step 2: Merging substrate and sequence data ===
  Merged data: 11553 rows
=== Step 3: Processing CPI-Pred kcat values ===

  ⚠️  No predictions file found for 'iECSF_1327'
  Available prediction files:
    - X06A_kinGEMs_ecoli_iML1515_predictions.csv
    - X06A_kinGEMs_382_genome_cpd03198_predictions.csv
    - X06A_kinGEMs_ecoli_core_predictions.csv

  Please ensure CPI-Pred predictions exist for this model.

Completed at: Wed Feb 18 04:42:14 PST 2026
