Starting kinGEMs pipeline for iECUMN_1333
Config: configs/BiGG_models/iECUMN_1333.json
Time: Tue Feb 17 19:42:30 PST 2026

Restricted license - for non-production use only - expires 2026-11-23
Loading configuration from: configs/BiGG_models/iECUMN_1333.json

======================================================================
=== kinGEMs Pipeline for iECUMN_1333 ===
======================================================================
Run ID: iECUMN_1333_20260217_1263
Model type: Standard
Organism: E coli
Results directory: /project/6000502/ranaab/kinGEMs_v2/results/tuning_results/BiGG_models/iECUMN_1333_20260217_1263
======================================================================
=== kinGEMs Pipeline for iECUMN_1333 ===
Run ID: iECUMN_1333_20260217_1263
Model type: Standard
Organism: E coli
Results directory: /project/6000502/ranaab/kinGEMs_v2/results/tuning_results/BiGG_models/iECUMN_1333_20260217_1263
Solver: glpk
Biomass reaction: BIOMASS_Ec_iJO1366_core_53p95M
Baseline growth: 0.9827
=== Step 1: Preparing model data ===
Warning: Model has 8 validation errors
Loaded model with 2740 reactions and 1935 metabolites
Converted to irreversible model with 3771 reactions
Extracted 6240 substrate-reaction-direction pairs
Mapped metabolites to SMILES (4967 found)
Retrieved 1330 protein sequences
  Model: 1332 genes, 3771 reactions
=== Step 2: Merging substrate and sequence data ===
  Merged data: 11586 rows
=== Step 3: Processing CPI-Pred kcat values ===

  ⚠️  No predictions file found for 'iECUMN_1333'
  Available prediction files:
    - X06A_kinGEMs_ecoli_iML1515_predictions.csv
    - X06A_kinGEMs_382_genome_cpd03198_predictions.csv
    - X06A_kinGEMs_ecoli_core_predictions.csv

  Please ensure CPI-Pred predictions exist for this model.

Completed at: Wed Feb 18 04:13:29 PST 2026
