Starting kinGEMs pipeline for iECW_1372
Config: configs/BiGG_models/iECW_1372.json
Time: Tue Feb 17 19:42:30 PST 2026

Restricted license - for non-production use only - expires 2026-11-23
Loading configuration from: configs/BiGG_models/iECW_1372.json

======================================================================
=== kinGEMs Pipeline for iECW_1372 ===
======================================================================
Run ID: iECW_1372_20260217_8876
Model type: Standard
Organism: E coli
Results directory: /project/6000502/ranaab/kinGEMs_v2/results/tuning_results/BiGG_models/iECW_1372_20260217_8876
======================================================================
=== kinGEMs Pipeline for iECW_1372 ===
Run ID: iECW_1372_20260217_8876
Model type: Standard
Organism: E coli
Results directory: /project/6000502/ranaab/kinGEMs_v2/results/tuning_results/BiGG_models/iECW_1372_20260217_8876
Solver: glpk
Biomass reaction: BIOMASS_Ec_iJO1366_core_53p95M
Baseline growth: 0.9825
=== Step 1: Preparing model data ===
Warning: Model has 8 validation errors
Loaded model with 2782 reactions and 1973 metabolites
Converted to irreversible model with 3815 reactions
Extracted 6344 substrate-reaction-direction pairs
Mapped metabolites to SMILES (5042 found)
Retrieved 1371 protein sequences
  Model: 1372 genes, 3815 reactions
=== Step 2: Merging substrate and sequence data ===
  Merged data: 11719 rows
=== Step 3: Processing CPI-Pred kcat values ===

  ⚠️  No predictions file found for 'iECW_1372'
  Available prediction files:
    - X06A_kinGEMs_ecoli_iML1515_predictions.csv
    - X06A_kinGEMs_382_genome_cpd03198_predictions.csv
    - X06A_kinGEMs_ecoli_core_predictions.csv

  Please ensure CPI-Pred predictions exist for this model.

Completed at: Wed Feb 18 03:33:29 PST 2026
