Starting kinGEMs pipeline for iEK1008
Config: configs/BiGG_models/iEK1008.json
Time: Tue Feb 17 19:42:30 PST 2026

Restricted license - for non-production use only - expires 2026-11-23
Loading configuration from: configs/BiGG_models/iEK1008.json

======================================================================
=== kinGEMs Pipeline for iEK1008 ===
======================================================================
Run ID: iEK1008_20260217_6848
Model type: Standard
Organism: M tuberculosis
Results directory: /project/6000502/ranaab/kinGEMs_v2/results/tuning_results/BiGG_models/iEK1008_20260217_6848
======================================================================
=== kinGEMs Pipeline for iEK1008 ===
Run ID: iEK1008_20260217_6848
Model type: Standard
Organism: M tuberculosis
Results directory: /project/6000502/ranaab/kinGEMs_v2/results/tuning_results/BiGG_models/iEK1008_20260217_6848
Solver: glpk
Biomass reaction: BIOMASS__2
Baseline growth: 0.0582
=== Step 1: Preparing model data ===
Warning: Model has 8 validation errors
Loaded model with 1226 reactions and 998 metabolites
Converted to irreversible model with 1605 reactions
Extracted 3394 substrate-reaction-direction pairs
Mapped metabolites to SMILES (2517 found)
Retrieved 1007 protein sequences
  Model: 1008 genes, 1605 reactions
=== Step 2: Merging substrate and sequence data ===
  Merged data: 13399 rows
=== Step 3: Processing CPI-Pred kcat values ===

  ⚠️  No predictions file found for 'iEK1008'
  Available prediction files:
    - X06A_kinGEMs_ecoli_iML1515_predictions.csv
    - X06A_kinGEMs_382_genome_cpd03198_predictions.csv
    - X06A_kinGEMs_ecoli_core_predictions.csv

  Please ensure CPI-Pred predictions exist for this model.

Completed at: Wed Feb 18 04:39:05 PST 2026
