Starting kinGEMs pipeline for iEKO11_1354
Config: configs/BiGG_models/iEKO11_1354.json
Time: Tue Feb 17 19:42:30 PST 2026

Restricted license - for non-production use only - expires 2026-11-23
Loading configuration from: configs/BiGG_models/iEKO11_1354.json

======================================================================
=== kinGEMs Pipeline for iEKO11_1354 ===
======================================================================
Run ID: iEKO11_1354_20260217_5614
Model type: Standard
Organism: E coli
Results directory: /project/6000502/ranaab/kinGEMs_v2/results/tuning_results/BiGG_models/iEKO11_1354_20260217_5614
======================================================================
=== kinGEMs Pipeline for iEKO11_1354 ===
Run ID: iEKO11_1354_20260217_5614
Model type: Standard
Organism: E coli
Results directory: /project/6000502/ranaab/kinGEMs_v2/results/tuning_results/BiGG_models/iEKO11_1354_20260217_5614
Solver: glpk
Biomass reaction: BIOMASS_Ec_iJO1366_core_53p95M
Baseline growth: 0.9825
=== Step 1: Preparing model data ===
Warning: Model has 8 validation errors
Loaded model with 2778 reactions and 1972 metabolites
Converted to irreversible model with 3813 reactions
Extracted 6332 substrate-reaction-direction pairs
Mapped metabolites to SMILES (5035 found)
Retrieved 1353 protein sequences
  Model: 1354 genes, 3813 reactions
=== Step 2: Merging substrate and sequence data ===
  Merged data: 11797 rows
=== Step 3: Processing CPI-Pred kcat values ===

  ⚠️  No predictions file found for 'iEKO11_1354'
  Available prediction files:
    - X06A_kinGEMs_ecoli_iML1515_predictions.csv
    - X06A_kinGEMs_382_genome_cpd03198_predictions.csv
    - X06A_kinGEMs_ecoli_core_predictions.csv

  Please ensure CPI-Pred predictions exist for this model.

Completed at: Wed Feb 18 04:42:08 PST 2026
