Starting kinGEMs pipeline for iETEC_1333
Config: configs/BiGG_models/iETEC_1333.json
Time: Tue Feb 17 19:42:30 PST 2026

Restricted license - for non-production use only - expires 2026-11-23
Loading configuration from: configs/BiGG_models/iETEC_1333.json

======================================================================
=== kinGEMs Pipeline for iETEC_1333 ===
======================================================================
Run ID: iETEC_1333_20260217_7673
Model type: Standard
Organism: E coli
Results directory: /project/6000502/ranaab/kinGEMs_v2/results/tuning_results/BiGG_models/iETEC_1333_20260217_7673
======================================================================
=== kinGEMs Pipeline for iETEC_1333 ===
Run ID: iETEC_1333_20260217_7673
Model type: Standard
Organism: E coli
Results directory: /project/6000502/ranaab/kinGEMs_v2/results/tuning_results/BiGG_models/iETEC_1333_20260217_7673
Solver: glpk
Biomass reaction: BIOMASS_Ec_iJO1366_core_53p95M
Baseline growth: 0.9825
=== Step 1: Preparing model data ===
Warning: Model has 8 validation errors
Loaded model with 2756 reactions and 1962 metabolites
Converted to irreversible model with 3791 reactions
Extracted 6293 substrate-reaction-direction pairs
Mapped metabolites to SMILES (5006 found)
Retrieved 1332 protein sequences
  Model: 1333 genes, 3791 reactions
=== Step 2: Merging substrate and sequence data ===
  Merged data: 11706 rows
=== Step 3: Processing CPI-Pred kcat values ===

  ⚠️  No predictions file found for 'iETEC_1333'
  Available prediction files:
    - X06A_kinGEMs_ecoli_iML1515_predictions.csv
    - X06A_kinGEMs_382_genome_cpd03198_predictions.csv
    - X06A_kinGEMs_ecoli_core_predictions.csv

  Please ensure CPI-Pred predictions exist for this model.

Completed at: Wed Feb 18 04:35:37 PST 2026
