Starting kinGEMs pipeline for iG2583_1286
Config: configs/BiGG_models/iG2583_1286.json
Time: Tue Feb 17 19:42:58 PST 2026

Restricted license - for non-production use only - expires 2026-11-23
Loading configuration from: configs/BiGG_models/iG2583_1286.json

======================================================================
=== kinGEMs Pipeline for iG2583_1286 ===
======================================================================
Run ID: iG2583_1286_20260217_3578
Model type: Standard
Organism: E coli
Results directory: /project/6000502/ranaab/kinGEMs_v2/results/tuning_results/BiGG_models/iG2583_1286_20260217_3578
======================================================================
=== kinGEMs Pipeline for iG2583_1286 ===
Run ID: iG2583_1286_20260217_3578
Model type: Standard
Organism: E coli
Results directory: /project/6000502/ranaab/kinGEMs_v2/results/tuning_results/BiGG_models/iG2583_1286_20260217_3578
Solver: glpk
Biomass reaction: BIOMASS_Ec_iJO1366_core_53p95M
Baseline growth: 0.9825
=== Step 1: Preparing model data ===
Warning: Model has 8 validation errors
Loaded model with 2704 reactions and 1919 metabolites
Converted to irreversible model with 3730 reactions
Extracted 6159 substrate-reaction-direction pairs
Mapped metabolites to SMILES (4905 found)
Retrieved 1279 protein sequences
  Model: 1283 genes, 3730 reactions
=== Step 2: Merging substrate and sequence data ===
  Merged data: 11400 rows
=== Step 3: Processing CPI-Pred kcat values ===

  ⚠️  No predictions file found for 'iG2583_1286'
  Available prediction files:
    - X06A_kinGEMs_ecoli_iML1515_predictions.csv
    - X06A_kinGEMs_382_genome_cpd03198_predictions.csv
    - X06A_kinGEMs_ecoli_core_predictions.csv

  Please ensure CPI-Pred predictions exist for this model.

Completed at: Wed Feb 18 04:44:19 PST 2026
