Starting kinGEMs pipeline for iHN637
Config: configs/BiGG_models/iHN637.json
Time: Tue Feb 17 19:42:58 PST 2026

Restricted license - for non-production use only - expires 2026-11-23
Loading configuration from: configs/BiGG_models/iHN637.json

======================================================================
=== kinGEMs Pipeline for iHN637 ===
======================================================================
Run ID: iHN637_20260217_8798
Model type: Standard
Organism: Clostridium
Results directory: /project/6000502/ranaab/kinGEMs_v2/results/tuning_results/BiGG_models/iHN637_20260217_8798
======================================================================
=== kinGEMs Pipeline for iHN637 ===
Run ID: iHN637_20260217_8798
Model type: Standard
Organism: Clostridium
Results directory: /project/6000502/ranaab/kinGEMs_v2/results/tuning_results/BiGG_models/iHN637_20260217_8798
Solver: glpk
Biomass reaction: BIOMASS_Cl_DSM_WT_46p666M1
Baseline growth: 0.2245
=== Step 1: Preparing model data ===
Warning: Model has 8 validation errors
Loaded model with 785 reactions and 698 metabolites
Converted to irreversible model with 1077 reactions
Extracted 2065 substrate-reaction-direction pairs
Mapped metabolites to SMILES (1715 found)
Retrieved 627 protein sequences
  Model: 637 genes, 1077 reactions
=== Step 2: Merging substrate and sequence data ===
  Merged data: 3173 rows
=== Step 3: Processing CPI-Pred kcat values ===

  ⚠️  No predictions file found for 'iHN637'
  Available prediction files:
    - X06A_kinGEMs_ecoli_iML1515_predictions.csv
    - X06A_kinGEMs_382_genome_cpd03198_predictions.csv
    - X06A_kinGEMs_ecoli_core_predictions.csv

  Please ensure CPI-Pred predictions exist for this model.

Completed at: Tue Feb 17 22:02:17 PST 2026
