Starting kinGEMs pipeline for iIS312_Trypomastigote
Config: configs/BiGG_models/iIS312_Trypomastigote.json
Time: Tue Feb 17 19:43:28 PST 2026

Restricted license - for non-production use only - expires 2026-11-23
Loading configuration from: configs/BiGG_models/iIS312_Trypomastigote.json

======================================================================
=== kinGEMs Pipeline for iIS312_Trypomastigote ===
======================================================================
Run ID: iIS312_Trypomastigote_20260217_6176
Model type: Standard
Organism: T cruzi
Results directory: /project/6000502/ranaab/kinGEMs_v2/results/tuning_results/BiGG_models/iIS312_Trypomastigote_20260217_6176
======================================================================
=== kinGEMs Pipeline for iIS312_Trypomastigote ===
Run ID: iIS312_Trypomastigote_20260217_6176
Model type: Standard
Organism: T cruzi
Results directory: /project/6000502/ranaab/kinGEMs_v2/results/tuning_results/BiGG_models/iIS312_Trypomastigote_20260217_6176
Solver: glpk
Biomass reaction: BIOMASS_trypo
Baseline growth: 53.0363
=== Step 1: Preparing model data ===
Warning: Model has 8 validation errors
Loaded model with 520 reactions and 606 metabolites
Converted to irreversible model with 810 reactions
Extracted 1500 substrate-reaction-direction pairs
Mapped metabolites to SMILES (1242 found)
Retrieved 309 protein sequences
  Model: 312 genes, 810 reactions
=== Step 2: Merging substrate and sequence data ===
  Merged data: 2212 rows
=== Step 3: Processing CPI-Pred kcat values ===

  ⚠️  No predictions file found for 'iIS312_Trypomastigote'
  Available prediction files:
    - X06A_kinGEMs_ecoli_iML1515_predictions.csv
    - X06A_kinGEMs_382_genome_cpd03198_predictions.csv
    - X06A_kinGEMs_ecoli_core_predictions.csv

  Please ensure CPI-Pred predictions exist for this model.

Completed at: Tue Feb 17 21:04:26 PST 2026
