Starting kinGEMs pipeline for iIS312_Epimastigote
Config: configs/BiGG_models/iIS312_Epimastigote.json
Time: Tue Feb 17 19:43:28 PST 2026

Restricted license - for non-production use only - expires 2026-11-23
Loading configuration from: configs/BiGG_models/iIS312_Epimastigote.json

======================================================================
=== kinGEMs Pipeline for iIS312_Epimastigote ===
======================================================================
Run ID: iIS312_Epimastigote_20260217_1574
Model type: Standard
Organism: T cruzi
Results directory: /project/6000502/ranaab/kinGEMs_v2/results/tuning_results/BiGG_models/iIS312_Epimastigote_20260217_1574
======================================================================
=== kinGEMs Pipeline for iIS312_Epimastigote ===
Run ID: iIS312_Epimastigote_20260217_1574
Model type: Standard
Organism: T cruzi
Results directory: /project/6000502/ranaab/kinGEMs_v2/results/tuning_results/BiGG_models/iIS312_Epimastigote_20260217_1574
Solver: glpk
Biomass reaction: BIOMASS_t_cruzi
Baseline growth: 50.6781
=== Step 1: Preparing model data ===
Warning: Model has 8 validation errors
Loaded model with 519 reactions and 606 metabolites
Converted to irreversible model with 824 reactions
Extracted 1511 substrate-reaction-direction pairs
Mapped metabolites to SMILES (1249 found)
Retrieved 309 protein sequences
  Model: 312 genes, 824 reactions
=== Step 2: Merging substrate and sequence data ===
  Merged data: 2226 rows
=== Step 3: Processing CPI-Pred kcat values ===

  ⚠️  No predictions file found for 'iIS312_Epimastigote'
  Available prediction files:
    - X06A_kinGEMs_ecoli_iML1515_predictions.csv
    - X06A_kinGEMs_382_genome_cpd03198_predictions.csv
    - X06A_kinGEMs_ecoli_core_predictions.csv

  Please ensure CPI-Pred predictions exist for this model.

Completed at: Tue Feb 17 19:58:22 PST 2026
