Starting kinGEMs pipeline for iIS312
Config: configs/BiGG_models/iIS312.json
Time: Tue Feb 17 19:43:28 PST 2026

Restricted license - for non-production use only - expires 2026-11-23
Loading configuration from: configs/BiGG_models/iIS312.json

======================================================================
=== kinGEMs Pipeline for iIS312 ===
======================================================================
Run ID: iIS312_20260217_9753
Model type: Standard
Organism: T cruzi
Results directory: /project/6000502/ranaab/kinGEMs_v2/results/tuning_results/BiGG_models/iIS312_20260217_9753
======================================================================
=== kinGEMs Pipeline for iIS312 ===
Run ID: iIS312_20260217_9753
Model type: Standard
Organism: T cruzi
Results directory: /project/6000502/ranaab/kinGEMs_v2/results/tuning_results/BiGG_models/iIS312_20260217_9753
Solver: glpk
Biomass reaction: BIOMASS_t_cruzi
Baseline growth: 50.6781
=== Step 1: Preparing model data ===
Warning: Model has 8 validation errors
Loaded model with 519 reactions and 606 metabolites
Converted to irreversible model with 826 reactions
Extracted 1514 substrate-reaction-direction pairs
Mapped metabolites to SMILES (1252 found)
Retrieved 309 protein sequences
  Model: 312 genes, 826 reactions
=== Step 2: Merging substrate and sequence data ===
  Merged data: 2229 rows
=== Step 3: Processing CPI-Pred kcat values ===

  ⚠️  No predictions file found for 'iIS312'
  Available prediction files:
    - X06A_kinGEMs_ecoli_iML1515_predictions.csv
    - X06A_kinGEMs_382_genome_cpd03198_predictions.csv
    - X06A_kinGEMs_ecoli_core_predictions.csv

  Please ensure CPI-Pred predictions exist for this model.

Completed at: Tue Feb 17 22:05:52 PST 2026
