Starting kinGEMs pipeline for iIT341
Config: configs/BiGG_models/iIT341.json
Time: Tue Feb 17 19:43:28 PST 2026

Restricted license - for non-production use only - expires 2026-11-23
Loading configuration from: configs/BiGG_models/iIT341.json

======================================================================
=== kinGEMs Pipeline for iIT341 ===
======================================================================
Run ID: iIT341_20260217_4328
Model type: Standard
Organism: H pylori
Results directory: /project/6000502/ranaab/kinGEMs_v2/results/tuning_results/BiGG_models/iIT341_20260217_4328
======================================================================
=== kinGEMs Pipeline for iIT341 ===
Run ID: iIT341_20260217_4328
Model type: Standard
Organism: H pylori
Results directory: /project/6000502/ranaab/kinGEMs_v2/results/tuning_results/BiGG_models/iIT341_20260217_4328
Solver: glpk
Biomass reaction: BIOMASS_HP_published
Baseline growth: 0.6928
=== Step 1: Preparing model data ===
Warning: Model has 8 validation errors
Loaded model with 554 reactions and 485 metabolites
Converted to irreversible model with 796 reactions
Extracted 1488 substrate-reaction-direction pairs
Mapped metabolites to SMILES (1261 found)
Retrieved 335 protein sequences
  Model: 339 genes, 796 reactions
=== Step 2: Merging substrate and sequence data ===
  Merged data: 1878 rows
=== Step 3: Processing CPI-Pred kcat values ===

  ⚠️  No predictions file found for 'iIT341'
  Available prediction files:
    - X06A_kinGEMs_ecoli_iML1515_predictions.csv
    - X06A_kinGEMs_382_genome_cpd03198_predictions.csv
    - X06A_kinGEMs_ecoli_core_predictions.csv

  Please ensure CPI-Pred predictions exist for this model.

Completed at: Tue Feb 17 20:20:23 PST 2026
