Starting kinGEMs pipeline for iJB785
Config: configs/BiGG_models/iJB785.json
Time: Tue Feb 17 19:43:28 PST 2026

Restricted license - for non-production use only - expires 2026-11-23
Loading configuration from: configs/BiGG_models/iJB785.json

======================================================================
=== kinGEMs Pipeline for iJB785 ===
======================================================================
Run ID: iJB785_20260217_6182
Model type: Standard
Organism: Synechococcus
Results directory: /project/6000502/ranaab/kinGEMs_v2/results/tuning_results/BiGG_models/iJB785_20260217_6182
======================================================================
=== kinGEMs Pipeline for iJB785 ===
Run ID: iJB785_20260217_6182
Model type: Standard
Organism: Synechococcus
Results directory: /project/6000502/ranaab/kinGEMs_v2/results/tuning_results/BiGG_models/iJB785_20260217_6182
Solver: glpk
Biomass reaction: BIOMASS__1
Baseline growth: 0.0539
=== Step 1: Preparing model data ===
Warning: Model has 8 validation errors
Loaded model with 849 reactions and 768 metabolites
Converted to irreversible model with 1088 reactions
Extracted 2250 substrate-reaction-direction pairs
Mapped metabolites to SMILES (1716 found)
Retrieved 12 protein sequences
  Model: 785 genes, 1088 reactions
=== Step 2: Merging substrate and sequence data ===
  Merged data: 3895 rows
=== Step 3: Processing CPI-Pred kcat values ===

  ⚠️  No predictions file found for 'iJB785'
  Available prediction files:
    - X06A_kinGEMs_ecoli_iML1515_predictions.csv
    - X06A_kinGEMs_382_genome_cpd03198_predictions.csv
    - X06A_kinGEMs_ecoli_core_predictions.csv

  Please ensure CPI-Pred predictions exist for this model.

Completed at: Tue Feb 17 22:57:37 PST 2026
