Starting kinGEMs pipeline for iJN1463
Config: configs/BiGG_models/iJN1463.json
Time: Tue Feb 17 19:43:28 PST 2026

Restricted license - for non-production use only - expires 2026-11-23
Loading configuration from: configs/BiGG_models/iJN1463.json

======================================================================
=== kinGEMs Pipeline for iJN1463 ===
======================================================================
Run ID: iJN1463_20260217_9931
Model type: Standard
Organism: Pseudomonas
Results directory: /project/6000502/ranaab/kinGEMs_v2/results/tuning_results/BiGG_models/iJN1463_20260217_9931
======================================================================
=== kinGEMs Pipeline for iJN1463 ===
Run ID: iJN1463_20260217_9931
Model type: Standard
Organism: Pseudomonas
Results directory: /project/6000502/ranaab/kinGEMs_v2/results/tuning_results/BiGG_models/iJN1463_20260217_9931
Solver: glpk
Biomass reaction: BIOMASS_KT2440_WT3
Baseline growth: 0.5861
=== Step 1: Preparing model data ===
Warning: Model has 8 validation errors
Loaded model with 2927 reactions and 2153 metabolites
Converted to irreversible model with 4038 reactions
Extracted 6968 substrate-reaction-direction pairs
Mapped metabolites to SMILES (4610 found)
Retrieved 1440 protein sequences
  Model: 1462 genes, 4038 reactions
=== Step 2: Merging substrate and sequence data ===
  Merged data: 12060 rows
=== Step 3: Processing CPI-Pred kcat values ===

  ⚠️  No predictions file found for 'iJN1463'
  Available prediction files:
    - X06A_kinGEMs_ecoli_iML1515_predictions.csv
    - X06A_kinGEMs_382_genome_cpd03198_predictions.csv
    - X06A_kinGEMs_ecoli_core_predictions.csv

  Please ensure CPI-Pred predictions exist for this model.

Completed at: Wed Feb 18 03:04:35 PST 2026
