Starting kinGEMs pipeline for iJN678
Config: configs/BiGG_models/iJN678.json
Time: Tue Feb 17 19:43:28 PST 2026

Restricted license - for non-production use only - expires 2026-11-23
Loading configuration from: configs/BiGG_models/iJN678.json

======================================================================
=== kinGEMs Pipeline for iJN678 ===
======================================================================
Run ID: iJN678_20260217_1896
Model type: Standard
Organism: Synechocystis
Results directory: /project/6000502/ranaab/kinGEMs_v2/results/tuning_results/BiGG_models/iJN678_20260217_1896
======================================================================
=== kinGEMs Pipeline for iJN678 ===
Run ID: iJN678_20260217_1896
Model type: Standard
Organism: Synechocystis
Results directory: /project/6000502/ranaab/kinGEMs_v2/results/tuning_results/BiGG_models/iJN678_20260217_1896
Solver: glpk
Biomass reaction: BIOMASS_Ec_SynHetero
Baseline growth: 0.0631
=== Step 1: Preparing model data ===
Warning: Model has 8 validation errors
Loaded model with 863 reactions and 795 metabolites
Converted to irreversible model with 1122 reactions
Extracted 2575 substrate-reaction-direction pairs
Mapped metabolites to SMILES (2040 found)
Retrieved 622 protein sequences
  Model: 622 genes, 1122 reactions
=== Step 2: Merging substrate and sequence data ===
  Merged data: 4321 rows
=== Step 3: Processing CPI-Pred kcat values ===

  ⚠️  No predictions file found for 'iJN678'
  Available prediction files:
    - X06A_kinGEMs_ecoli_iML1515_predictions.csv
    - X06A_kinGEMs_382_genome_cpd03198_predictions.csv
    - X06A_kinGEMs_ecoli_core_predictions.csv

  Please ensure CPI-Pred predictions exist for this model.

Completed at: Wed Feb 18 01:27:19 PST 2026
