Starting kinGEMs pipeline for iJN746
Config: configs/BiGG_models/iJN746.json
Time: Tue Feb 17 19:43:28 PST 2026

Restricted license - for non-production use only - expires 2026-11-23
Loading configuration from: configs/BiGG_models/iJN746.json

======================================================================
=== kinGEMs Pipeline for iJN746 ===
======================================================================
Run ID: iJN746_20260217_8238
Model type: Standard
Organism: Pseudomonas
Results directory: /project/6000502/ranaab/kinGEMs_v2/results/tuning_results/BiGG_models/iJN746_20260217_8238
======================================================================
=== kinGEMs Pipeline for iJN746 ===
Run ID: iJN746_20260217_8238
Model type: Standard
Organism: Pseudomonas
Results directory: /project/6000502/ranaab/kinGEMs_v2/results/tuning_results/BiGG_models/iJN746_20260217_8238
Solver: glpk
Biomass reaction: BIOMASS_KT_TEMP
Baseline growth: 1.4000
=== Step 1: Preparing model data ===
Warning: Model has 8 validation errors
Loaded model with 1054 reactions and 907 metabolites
Converted to irreversible model with 1491 reactions
Extracted 2797 substrate-reaction-direction pairs
Mapped metabolites to SMILES (2276 found)
Retrieved 729 protein sequences
  Model: 746 genes, 1491 reactions
=== Step 2: Merging substrate and sequence data ===
  Merged data: 4214 rows
=== Step 3: Processing CPI-Pred kcat values ===

  ⚠️  No predictions file found for 'iJN746'
  Available prediction files:
    - X06A_kinGEMs_ecoli_iML1515_predictions.csv
    - X06A_kinGEMs_382_genome_cpd03198_predictions.csv
    - X06A_kinGEMs_ecoli_core_predictions.csv

  Please ensure CPI-Pred predictions exist for this model.

Completed at: Tue Feb 17 23:53:34 PST 2026
