Starting kinGEMs pipeline for iJO1366
Config: configs/BiGG_models/iJO1366.json
Time: Tue Feb 17 19:43:28 PST 2026

Restricted license - for non-production use only - expires 2026-11-23
Loading configuration from: configs/BiGG_models/iJO1366.json

======================================================================
=== kinGEMs Pipeline for iJO1366 ===
======================================================================
Run ID: iJO1366_20260217_6428
Model type: Standard
Organism: E coli
Results directory: /project/6000502/ranaab/kinGEMs_v2/results/tuning_results/BiGG_models/iJO1366_20260217_6428
======================================================================
=== kinGEMs Pipeline for iJO1366 ===
Run ID: iJO1366_20260217_6428
Model type: Standard
Organism: E coli
Results directory: /project/6000502/ranaab/kinGEMs_v2/results/tuning_results/BiGG_models/iJO1366_20260217_6428
Solver: glpk
Biomass reaction: BIOMASS_Ec_iJO1366_core_53p95M
Baseline growth: 0.9824
=== Step 1: Preparing model data ===
Warning: Model has 8 validation errors
Loaded model with 2583 reactions and 1805 metabolites
Converted to irreversible model with 3518 reactions
Extracted 5974 substrate-reaction-direction pairs
Mapped metabolites to SMILES (4775 found)
Retrieved 1366 protein sequences
  Model: 1367 genes, 3518 reactions
=== Step 2: Merging substrate and sequence data ===
  Merged data: 11300 rows
=== Step 3: Processing CPI-Pred kcat values ===

  ⚠️  No predictions file found for 'iJO1366'
  Available prediction files:
    - X06A_kinGEMs_ecoli_iML1515_predictions.csv
    - X06A_kinGEMs_382_genome_cpd03198_predictions.csv
    - X06A_kinGEMs_ecoli_core_predictions.csv

  Please ensure CPI-Pred predictions exist for this model.

Completed at: Wed Feb 18 04:41:51 PST 2026
