Starting kinGEMs pipeline for iJR904
Config: configs/BiGG_models/iJR904.json
Time: Tue Feb 17 19:43:28 PST 2026

Restricted license - for non-production use only - expires 2026-11-23
Loading configuration from: configs/BiGG_models/iJR904.json

======================================================================
=== kinGEMs Pipeline for iJR904 ===
======================================================================
Run ID: iJR904_20260217_7381
Model type: Standard
Organism: E coli
Results directory: /project/6000502/ranaab/kinGEMs_v2/results/tuning_results/BiGG_models/iJR904_20260217_7381
======================================================================
=== kinGEMs Pipeline for iJR904 ===
Run ID: iJR904_20260217_7381
Model type: Standard
Organism: E coli
Results directory: /project/6000502/ranaab/kinGEMs_v2/results/tuning_results/BiGG_models/iJR904_20260217_7381
Solver: glpk
Biomass reaction: BIOMASS_Ecoli
Baseline growth: 0.9219
=== Step 1: Preparing model data ===
Warning: Model has 8 validation errors
Loaded model with 1075 reactions and 761 metabolites
Converted to irreversible model with 1467 reactions
Extracted 2712 substrate-reaction-direction pairs
Mapped metabolites to SMILES (2279 found)
Retrieved 893 protein sequences
  Model: 904 genes, 1467 reactions
=== Step 2: Merging substrate and sequence data ===
  Merged data: 4626 rows
=== Step 3: Processing CPI-Pred kcat values ===

  ⚠️  No predictions file found for 'iJR904'
  Available prediction files:
    - X06A_kinGEMs_ecoli_iML1515_predictions.csv
    - X06A_kinGEMs_382_genome_cpd03198_predictions.csv
    - X06A_kinGEMs_ecoli_core_predictions.csv

  Please ensure CPI-Pred predictions exist for this model.

Completed at: Wed Feb 18 01:44:31 PST 2026
