Starting kinGEMs pipeline for iLB1027_lipid
Config: configs/BiGG_models/iLB1027_lipid.json
Time: Tue Feb 17 19:43:28 PST 2026

Restricted license - for non-production use only - expires 2026-11-23
Loading configuration from: configs/BiGG_models/iLB1027_lipid.json

======================================================================
=== kinGEMs Pipeline for iLB1027_lipid ===
======================================================================
Run ID: iLB1027_lipid_20260217_4081
Model type: Standard
Organism: Phaeodactylum
Results directory: /project/6000502/ranaab/kinGEMs_v2/results/tuning_results/BiGG_models/iLB1027_lipid_20260217_4081
======================================================================
=== kinGEMs Pipeline for iLB1027_lipid ===
Run ID: iLB1027_lipid_20260217_4081
Model type: Standard
Organism: Phaeodactylum
Results directory: /project/6000502/ranaab/kinGEMs_v2/results/tuning_results/BiGG_models/iLB1027_lipid_20260217_4081
Solver: glpk
Biomass reaction: DM_biomass_c
Baseline growth: 0.3596
=== Step 1: Preparing model data ===
Warning: Model has 8 validation errors
Loaded model with 4456 reactions and 2172 metabolites
Converted to irreversible model with 4954 reactions
Extracted 10122 substrate-reaction-direction pairs
Mapped metabolites to SMILES (4232 found)
Retrieved 699 protein sequences
  Model: 1027 genes, 4954 reactions
=== Step 2: Merging substrate and sequence data ===
  Merged data: 17130 rows
=== Step 3: Processing CPI-Pred kcat values ===

  ⚠️  No predictions file found for 'iLB1027_lipid'
  Available prediction files:
    - X06A_kinGEMs_ecoli_iML1515_predictions.csv
    - X06A_kinGEMs_382_genome_cpd03198_predictions.csv
    - X06A_kinGEMs_ecoli_core_predictions.csv

  Please ensure CPI-Pred predictions exist for this model.

Completed at: Wed Feb 18 02:44:40 PST 2026
