Starting kinGEMs pipeline for iLF82_1304
Config: configs/BiGG_models/iLF82_1304.json
Time: Tue Feb 17 19:43:28 PST 2026

Restricted license - for non-production use only - expires 2026-11-23
Loading configuration from: configs/BiGG_models/iLF82_1304.json

======================================================================
=== kinGEMs Pipeline for iLF82_1304 ===
======================================================================
Run ID: iLF82_1304_20260217_4579
Model type: Standard
Organism: E coli
Results directory: /project/6000502/ranaab/kinGEMs_v2/results/tuning_results/BiGG_models/iLF82_1304_20260217_4579
======================================================================
=== kinGEMs Pipeline for iLF82_1304 ===
Run ID: iLF82_1304_20260217_4579
Model type: Standard
Organism: E coli
Results directory: /project/6000502/ranaab/kinGEMs_v2/results/tuning_results/BiGG_models/iLF82_1304_20260217_4579
Solver: glpk
Biomass reaction: BIOMASS_Ec_iJO1366_core_53p95M
Baseline growth: 0.9825
=== Step 1: Preparing model data ===
Warning: Model has 8 validation errors
Loaded model with 2726 reactions and 1938 metabolites
Converted to irreversible model with 3759 reactions
Extracted 6197 substrate-reaction-direction pairs
Mapped metabolites to SMILES (4937 found)
Retrieved 1293 protein sequences
  Model: 1302 genes, 3759 reactions
=== Step 2: Merging substrate and sequence data ===
  Merged data: 11470 rows
=== Step 3: Processing CPI-Pred kcat values ===

  ⚠️  No predictions file found for 'iLF82_1304'
  Available prediction files:
    - X06A_kinGEMs_ecoli_iML1515_predictions.csv
    - X06A_kinGEMs_382_genome_cpd03198_predictions.csv
    - X06A_kinGEMs_ecoli_core_predictions.csv

  Please ensure CPI-Pred predictions exist for this model.

Completed at: Wed Feb 18 04:22:15 PST 2026
