Starting kinGEMs pipeline for iLJ478
Config: configs/BiGG_models/iLJ478.json
Time: Tue Feb 17 19:43:28 PST 2026

Restricted license - for non-production use only - expires 2026-11-23
Loading configuration from: configs/BiGG_models/iLJ478.json

======================================================================
=== kinGEMs Pipeline for iLJ478 ===
======================================================================
Run ID: iLJ478_20260217_9538
Model type: Standard
Organism: Thermotoga
Results directory: /project/6000502/ranaab/kinGEMs_v2/results/tuning_results/BiGG_models/iLJ478_20260217_9538
======================================================================
=== kinGEMs Pipeline for iLJ478 ===
Run ID: iLJ478_20260217_9538
Model type: Standard
Organism: Thermotoga
Results directory: /project/6000502/ranaab/kinGEMs_v2/results/tuning_results/BiGG_models/iLJ478_20260217_9538
Solver: glpk
Biomass reaction: BIOMASS_Ecoli_TM
Baseline growth: 0.2284
=== Step 1: Preparing model data ===
Warning: Model has 8 validation errors
Loaded model with 652 reactions and 570 metabolites
Converted to irreversible model with 918 reactions
Extracted 1775 substrate-reaction-direction pairs
Mapped metabolites to SMILES (1390 found)
Retrieved 478 protein sequences
  Model: 482 genes, 918 reactions
=== Step 2: Merging substrate and sequence data ===
  Merged data: 3094 rows
=== Step 3: Processing CPI-Pred kcat values ===

  ⚠️  No predictions file found for 'iLJ478'
  Available prediction files:
    - X06A_kinGEMs_ecoli_iML1515_predictions.csv
    - X06A_kinGEMs_382_genome_cpd03198_predictions.csv
    - X06A_kinGEMs_ecoli_core_predictions.csv

  Please ensure CPI-Pred predictions exist for this model.

Completed at: Tue Feb 17 23:30:43 PST 2026
