Starting kinGEMs pipeline for iMM1415
Config: configs/BiGG_models/iMM1415.json
Time: Tue Feb 17 19:43:28 PST 2026

Restricted license - for non-production use only - expires 2026-11-23
Loading configuration from: configs/BiGG_models/iMM1415.json

======================================================================
=== kinGEMs Pipeline for iMM1415 ===
======================================================================
Run ID: iMM1415_20260217_5768
Model type: Standard
Organism: Mouse
Results directory: /project/6000502/ranaab/kinGEMs_v2/results/tuning_results/BiGG_models/iMM1415_20260217_5768
======================================================================
=== kinGEMs Pipeline for iMM1415 ===
Run ID: iMM1415_20260217_5768
Model type: Standard
Organism: Mouse
Results directory: /project/6000502/ranaab/kinGEMs_v2/results/tuning_results/BiGG_models/iMM1415_20260217_5768
Solver: glpk

Completed at: Tue Feb 17 19:43:42 PST 2026
