Starting kinGEMs pipeline for iMM904
Config: configs/BiGG_models/iMM904.json
Time: Tue Feb 17 19:43:28 PST 2026

Restricted license - for non-production use only - expires 2026-11-23
Loading configuration from: configs/BiGG_models/iMM904.json

======================================================================
=== kinGEMs Pipeline for iMM904 ===
======================================================================
Run ID: iMM904_20260217_6355
Model type: Standard
Organism: Yeast
Results directory: /project/6000502/ranaab/kinGEMs_v2/results/tuning_results/BiGG_models/iMM904_20260217_6355
======================================================================
=== kinGEMs Pipeline for iMM904 ===
Run ID: iMM904_20260217_6355
Model type: Standard
Organism: Yeast
Results directory: /project/6000502/ranaab/kinGEMs_v2/results/tuning_results/BiGG_models/iMM904_20260217_6355
Solver: glpk
Biomass reaction: BIOMASS_SC5_notrace
Baseline growth: 0.2879
=== Step 1: Preparing model data ===
Warning: Model has 8 validation errors
Loaded model with 1577 reactions and 1226 metabolites
Converted to irreversible model with 2230 reactions
Extracted 4088 substrate-reaction-direction pairs
Mapped metabolites to SMILES (3234 found)
Retrieved 904 protein sequences
  Model: 905 genes, 2230 reactions
=== Step 2: Merging substrate and sequence data ===
  Merged data: 7606 rows
=== Step 3: Processing CPI-Pred kcat values ===

  ⚠️  No predictions file found for 'iMM904'
  Available prediction files:
    - X06A_kinGEMs_ecoli_iML1515_predictions.csv
    - X06A_kinGEMs_382_genome_cpd03198_predictions.csv
    - X06A_kinGEMs_ecoli_core_predictions.csv

  Please ensure CPI-Pred predictions exist for this model.

Completed at: Wed Feb 18 02:51:53 PST 2026
