Starting kinGEMs pipeline for iND750
Config: configs/BiGG_models/iND750.json
Time: Tue Feb 17 19:43:57 PST 2026

Restricted license - for non-production use only - expires 2026-11-23
Loading configuration from: configs/BiGG_models/iND750.json

======================================================================
=== kinGEMs Pipeline for iND750 ===
======================================================================
Run ID: iND750_20260217_2796
Model type: Standard
Organism: Yeast
Results directory: /project/6000502/ranaab/kinGEMs_v2/results/tuning_results/BiGG_models/iND750_20260217_2796
======================================================================
=== kinGEMs Pipeline for iND750 ===
Run ID: iND750_20260217_2796
Model type: Standard
Organism: Yeast
Results directory: /project/6000502/ranaab/kinGEMs_v2/results/tuning_results/BiGG_models/iND750_20260217_2796
Solver: glpk
Biomass reaction: BIOMASS_SC4_bal
Baseline growth: 0.0973
=== Step 1: Preparing model data ===
Warning: Model has 8 validation errors
Loaded model with 1266 reactions and 1059 metabolites
Converted to irreversible model with 1815 reactions
Extracted 3444 substrate-reaction-direction pairs
Mapped metabolites to SMILES (2782 found)
Retrieved 750 protein sequences
  Model: 750 genes, 1815 reactions
=== Step 2: Merging substrate and sequence data ===
  Merged data: 5397 rows
=== Step 3: Processing CPI-Pred kcat values ===

  ⚠️  No predictions file found for 'iND750'
  Available prediction files:
    - X06A_kinGEMs_ecoli_iML1515_predictions.csv
    - X06A_kinGEMs_382_genome_cpd03198_predictions.csv
    - X06A_kinGEMs_ecoli_core_predictions.csv

  Please ensure CPI-Pred predictions exist for this model.

Completed at: Wed Feb 18 01:29:25 PST 2026
