Starting kinGEMs pipeline for iNJ661
Config: configs/BiGG_models/iNJ661.json
Time: Tue Feb 17 19:43:57 PST 2026

Restricted license - for non-production use only - expires 2026-11-23
Loading configuration from: configs/BiGG_models/iNJ661.json

======================================================================
=== kinGEMs Pipeline for iNJ661 ===
======================================================================
Run ID: iNJ661_20260217_7100
Model type: Standard
Organism: M tuberculosis
Results directory: /project/6000502/ranaab/kinGEMs_v2/results/tuning_results/BiGG_models/iNJ661_20260217_7100
======================================================================
=== kinGEMs Pipeline for iNJ661 ===
Run ID: iNJ661_20260217_7100
Model type: Standard
Organism: M tuberculosis
Results directory: /project/6000502/ranaab/kinGEMs_v2/results/tuning_results/BiGG_models/iNJ661_20260217_7100
Solver: glpk
Biomass reaction: BIOMASS_Mtb_9_60atp
Baseline growth: 0.0525
=== Step 1: Preparing model data ===
Warning: Model has 8 validation errors
Loaded model with 1025 reactions and 825 metabolites
Converted to irreversible model with 1366 reactions
Extracted 2871 substrate-reaction-direction pairs
Mapped metabolites to SMILES (2202 found)
Retrieved 660 protein sequences
  Model: 661 genes, 1366 reactions
=== Step 2: Merging substrate and sequence data ===
  Merged data: 4476 rows
=== Step 3: Processing CPI-Pred kcat values ===

  ⚠️  No predictions file found for 'iNJ661'
  Available prediction files:
    - X06A_kinGEMs_ecoli_iML1515_predictions.csv
    - X06A_kinGEMs_382_genome_cpd03198_predictions.csv
    - X06A_kinGEMs_ecoli_core_predictions.csv

  Please ensure CPI-Pred predictions exist for this model.

Completed at: Tue Feb 17 23:11:54 PST 2026
