Starting kinGEMs pipeline for iPC815
Config: configs/BiGG_models/iPC815.json
Time: Tue Feb 17 19:43:57 PST 2026

Restricted license - for non-production use only - expires 2026-11-23
Loading configuration from: configs/BiGG_models/iPC815.json

======================================================================
=== kinGEMs Pipeline for iPC815 ===
======================================================================
Run ID: iPC815_20260217_3428
Model type: Standard
Organism: Yersinia
Results directory: /project/6000502/ranaab/kinGEMs_v2/results/tuning_results/BiGG_models/iPC815_20260217_3428
======================================================================
=== kinGEMs Pipeline for iPC815 ===
Run ID: iPC815_20260217_3428
Model type: Standard
Organism: Yersinia
Results directory: /project/6000502/ranaab/kinGEMs_v2/results/tuning_results/BiGG_models/iPC815_20260217_3428
Solver: glpk
Biomass reaction: BIOMASS_37C
Baseline growth: 0.2836
=== Step 1: Preparing model data ===
Warning: Model has 8 validation errors
Loaded model with 1961 reactions and 1552 metabolites

Completed at: Tue Feb 17 19:44:19 PST 2026
