Starting kinGEMs pipeline for iRC1080
Config: configs/BiGG_models/iRC1080.json
Time: Tue Feb 17 19:53:37 PST 2026

Restricted license - for non-production use only - expires 2026-11-23
Loading configuration from: configs/BiGG_models/iRC1080.json

======================================================================
=== kinGEMs Pipeline for iRC1080 ===
======================================================================
Run ID: iRC1080_20260217_1323
Model type: Standard
Organism: E coli
Results directory: /project/6000502/ranaab/kinGEMs_v2/results/tuning_results/BiGG_models/iRC1080_20260217_1323
======================================================================
=== kinGEMs Pipeline for iRC1080 ===
Run ID: iRC1080_20260217_1323
Model type: Standard
Organism: E coli
Results directory: /project/6000502/ranaab/kinGEMs_v2/results/tuning_results/BiGG_models/iRC1080_20260217_1323
Solver: glpk

Completed at: Tue Feb 17 19:54:54 PST 2026
