Starting kinGEMs pipeline for iS_1188
Config: configs/BiGG_models/iS_1188.json
Time: Tue Feb 17 19:54:28 PST 2026

Restricted license - for non-production use only - expires 2026-11-23
Loading configuration from: configs/BiGG_models/iS_1188.json

======================================================================
=== kinGEMs Pipeline for iS_1188 ===
======================================================================
Run ID: iS_1188_20260217_3407
Model type: Standard
Organism: E coli
Results directory: /project/6000502/ranaab/kinGEMs_v2/results/tuning_results/BiGG_models/iS_1188_20260217_3407
======================================================================
=== kinGEMs Pipeline for iS_1188 ===
Run ID: iS_1188_20260217_3407
Model type: Standard
Organism: E coli
Results directory: /project/6000502/ranaab/kinGEMs_v2/results/tuning_results/BiGG_models/iS_1188_20260217_3407
Solver: glpk
Biomass reaction: BIOMASS_Ec_iJO1366_core_53p95M
Baseline growth: 0.8571
=== Step 1: Preparing model data ===
Warning: Model has 8 validation errors
Loaded model with 2619 reactions and 1914 metabolites
Converted to irreversible model with 3632 reactions
Extracted 5932 substrate-reaction-direction pairs
Mapped metabolites to SMILES (4727 found)
Retrieved 1186 protein sequences
  Model: 1188 genes, 3632 reactions
=== Step 2: Merging substrate and sequence data ===
  Merged data: 10863 rows
=== Step 3: Processing CPI-Pred kcat values ===

  ⚠️  No predictions file found for 'iS_1188'
  Available prediction files:
    - X06A_kinGEMs_ecoli_iML1515_predictions.csv
    - X06A_kinGEMs_382_genome_cpd03198_predictions.csv
    - X06A_kinGEMs_ecoli_core_predictions.csv

  Please ensure CPI-Pred predictions exist for this model.

Completed at: Wed Feb 18 03:17:09 PST 2026
