Starting kinGEMs pipeline for iSB619
Config: configs/BiGG_models/iSB619.json
Time: Tue Feb 17 19:54:35 PST 2026

Restricted license - for non-production use only - expires 2026-11-23
Loading configuration from: configs/BiGG_models/iSB619.json

======================================================================
=== kinGEMs Pipeline for iSB619 ===
======================================================================
Run ID: iSB619_20260217_5420
Model type: Standard
Organism: S aureus
Results directory: /project/6000502/ranaab/kinGEMs_v2/results/tuning_results/BiGG_models/iSB619_20260217_5420
======================================================================
=== kinGEMs Pipeline for iSB619 ===
Run ID: iSB619_20260217_5420
Model type: Standard
Organism: S aureus
Results directory: /project/6000502/ranaab/kinGEMs_v2/results/tuning_results/BiGG_models/iSB619_20260217_5420
Solver: glpk
Biomass reaction: BIOMASS_SA_8a
Baseline growth: 0.1581
=== Step 1: Preparing model data ===
Warning: Model has 8 validation errors
Loaded model with 743 reactions and 655 metabolites
Converted to irreversible model with 1036 reactions
Extracted 2581 substrate-reaction-direction pairs
Mapped metabolites to SMILES (2104 found)
Retrieved 612 protein sequences
  Model: 619 genes, 1036 reactions
=== Step 2: Merging substrate and sequence data ===
  Merged data: 3757 rows
=== Step 3: Processing CPI-Pred kcat values ===

  ⚠️  No predictions file found for 'iSB619'
  Available prediction files:
    - X06A_kinGEMs_ecoli_iML1515_predictions.csv
    - X06A_kinGEMs_382_genome_cpd03198_predictions.csv
    - X06A_kinGEMs_ecoli_core_predictions.csv

  Please ensure CPI-Pred predictions exist for this model.

Completed at: Wed Feb 18 02:38:55 PST 2026
