Starting kinGEMs pipeline for iSbBS512_1146
Config: configs/BiGG_models/iSbBS512_1146.json
Time: Tue Feb 17 19:54:28 PST 2026

Restricted license - for non-production use only - expires 2026-11-23
Loading configuration from: configs/BiGG_models/iSbBS512_1146.json

======================================================================
=== kinGEMs Pipeline for iSbBS512_1146 ===
======================================================================
Run ID: iSbBS512_1146_20260217_1862
Model type: Standard
Organism: E coli
Results directory: /project/6000502/ranaab/kinGEMs_v2/results/tuning_results/BiGG_models/iSbBS512_1146_20260217_1862
======================================================================
=== kinGEMs Pipeline for iSbBS512_1146 ===
Run ID: iSbBS512_1146_20260217_1862
Model type: Standard
Organism: E coli
Results directory: /project/6000502/ranaab/kinGEMs_v2/results/tuning_results/BiGG_models/iSbBS512_1146_20260217_1862
Solver: glpk
Biomass reaction: BIOMASS_Ec_iJO1366_core_53p95M
Baseline growth: 0.9828
=== Step 1: Preparing model data ===
Warning: Model has 8 validation errors
Loaded model with 2591 reactions and 1910 metabolites
Converted to irreversible model with 3599 reactions
Extracted 5846 substrate-reaction-direction pairs
Mapped metabolites to SMILES (4678 found)
Retrieved 1142 protein sequences
  Model: 1147 genes, 3599 reactions
=== Step 2: Merging substrate and sequence data ===
  Merged data: 10498 rows
=== Step 3: Processing CPI-Pred kcat values ===

  ⚠️  No predictions file found for 'iSbBS512_1146'
  Available prediction files:
    - X06A_kinGEMs_ecoli_iML1515_predictions.csv
    - X06A_kinGEMs_382_genome_cpd03198_predictions.csv
    - X06A_kinGEMs_ecoli_core_predictions.csv

  Please ensure CPI-Pred predictions exist for this model.

Completed at: Wed Feb 18 02:58:17 PST 2026
