Starting kinGEMs pipeline for iSBO_1134
Config: configs/BiGG_models/iSBO_1134.json
Time: Tue Feb 17 19:54:28 PST 2026

Restricted license - for non-production use only - expires 2026-11-23
Loading configuration from: configs/BiGG_models/iSBO_1134.json

======================================================================
=== kinGEMs Pipeline for iSBO_1134 ===
======================================================================
Run ID: iSBO_1134_20260217_5317
Model type: Standard
Organism: E coli
Results directory: /project/6000502/ranaab/kinGEMs_v2/results/tuning_results/BiGG_models/iSBO_1134_20260217_5317
======================================================================
=== kinGEMs Pipeline for iSBO_1134 ===
Run ID: iSBO_1134_20260217_5317
Model type: Standard
Organism: E coli
Results directory: /project/6000502/ranaab/kinGEMs_v2/results/tuning_results/BiGG_models/iSBO_1134_20260217_5317
Solver: glpk
Biomass reaction: BIOMASS_Ec_iJO1366_core_53p95M
Baseline growth: 0.3999
=== Step 1: Preparing model data ===
Warning: Model has 8 validation errors
Loaded model with 2591 reactions and 1908 metabolites
Converted to irreversible model with 3597 reactions
Extracted 5859 substrate-reaction-direction pairs
Mapped metabolites to SMILES (4665 found)
Retrieved 1132 protein sequences
  Model: 1134 genes, 3597 reactions
=== Step 2: Merging substrate and sequence data ===
  Merged data: 10363 rows
=== Step 3: Processing CPI-Pred kcat values ===

  ⚠️  No predictions file found for 'iSBO_1134'
  Available prediction files:
    - X06A_kinGEMs_ecoli_iML1515_predictions.csv
    - X06A_kinGEMs_382_genome_cpd03198_predictions.csv
    - X06A_kinGEMs_ecoli_core_predictions.csv

  Please ensure CPI-Pred predictions exist for this model.

Completed at: Wed Feb 18 03:14:57 PST 2026
