Starting kinGEMs pipeline for iSDY_1059
Config: configs/BiGG_models/iSDY_1059.json
Time: Tue Feb 17 19:54:28 PST 2026

Restricted license - for non-production use only - expires 2026-11-23
Loading configuration from: configs/BiGG_models/iSDY_1059.json

======================================================================
=== kinGEMs Pipeline for iSDY_1059 ===
======================================================================
Run ID: iSDY_1059_20260217_1983
Model type: Standard
Organism: E coli
Results directory: /project/6000502/ranaab/kinGEMs_v2/results/tuning_results/BiGG_models/iSDY_1059_20260217_1983
======================================================================
=== kinGEMs Pipeline for iSDY_1059 ===
Run ID: iSDY_1059_20260217_1983
Model type: Standard
Organism: E coli
Results directory: /project/6000502/ranaab/kinGEMs_v2/results/tuning_results/BiGG_models/iSDY_1059_20260217_1983
Solver: glpk
Biomass reaction: BIOMASS_Ec_iJO1366_core_53p95M
Baseline growth: 0.9379
=== Step 1: Preparing model data ===
Warning: Model has 8 validation errors
Loaded model with 2539 reactions and 1888 metabolites
Converted to irreversible model with 3540 reactions
Extracted 5747 substrate-reaction-direction pairs
Mapped metabolites to SMILES (4595 found)
Retrieved 1057 protein sequences
  Model: 1059 genes, 3540 reactions
=== Step 2: Merging substrate and sequence data ===
  Merged data: 9160 rows
=== Step 3: Processing CPI-Pred kcat values ===

  ⚠️  No predictions file found for 'iSDY_1059'
  Available prediction files:
    - X06A_kinGEMs_ecoli_iML1515_predictions.csv
    - X06A_kinGEMs_382_genome_cpd03198_predictions.csv
    - X06A_kinGEMs_ecoli_core_predictions.csv

  Please ensure CPI-Pred predictions exist for this model.

Completed at: Wed Feb 18 01:25:09 PST 2026
