Starting kinGEMs pipeline for iSF_1195
Config: configs/BiGG_models/iSF_1195.json
Time: Tue Feb 17 19:54:28 PST 2026

Restricted license - for non-production use only - expires 2026-11-23
Loading configuration from: configs/BiGG_models/iSF_1195.json

======================================================================
=== kinGEMs Pipeline for iSF_1195 ===
======================================================================
Run ID: iSF_1195_20260217_5622
Model type: Standard
Organism: E coli
Results directory: /project/6000502/ranaab/kinGEMs_v2/results/tuning_results/BiGG_models/iSF_1195_20260217_5622
======================================================================
=== kinGEMs Pipeline for iSF_1195 ===
Run ID: iSF_1195_20260217_5622
Model type: Standard
Organism: E coli
Results directory: /project/6000502/ranaab/kinGEMs_v2/results/tuning_results/BiGG_models/iSF_1195_20260217_5622
Solver: glpk
Biomass reaction: BIOMASS_Ec_iJO1366_core_53p95M
Baseline growth: 0.9146
=== Step 1: Preparing model data ===
Warning: Model has 8 validation errors
Loaded model with 2630 reactions and 1917 metabolites
Converted to irreversible model with 3648 reactions
Extracted 5967 substrate-reaction-direction pairs
Mapped metabolites to SMILES (4760 found)
Retrieved 1192 protein sequences
  Model: 1195 genes, 3648 reactions
=== Step 2: Merging substrate and sequence data ===
  Merged data: 10871 rows
=== Step 3: Processing CPI-Pred kcat values ===

  ⚠️  No predictions file found for 'iSF_1195'
  Available prediction files:
    - X06A_kinGEMs_ecoli_iML1515_predictions.csv
    - X06A_kinGEMs_382_genome_cpd03198_predictions.csv
    - X06A_kinGEMs_ecoli_core_predictions.csv

  Please ensure CPI-Pred predictions exist for this model.

Completed at: Wed Feb 18 04:47:43 PST 2026
