Starting kinGEMs pipeline for iSFV_1184
Config: configs/BiGG_models/iSFV_1184.json
Time: Tue Feb 17 19:54:28 PST 2026

Restricted license - for non-production use only - expires 2026-11-23
Loading configuration from: configs/BiGG_models/iSFV_1184.json

======================================================================
=== kinGEMs Pipeline for iSFV_1184 ===
======================================================================
Run ID: iSFV_1184_20260217_7164
Model type: Standard
Organism: E coli
Results directory: /project/6000502/ranaab/kinGEMs_v2/results/tuning_results/BiGG_models/iSFV_1184_20260217_7164
======================================================================
=== kinGEMs Pipeline for iSFV_1184 ===
Run ID: iSFV_1184_20260217_7164
Model type: Standard
Organism: E coli
Results directory: /project/6000502/ranaab/kinGEMs_v2/results/tuning_results/BiGG_models/iSFV_1184_20260217_7164
Solver: glpk
Biomass reaction: BIOMASS_Ec_iJO1366_core_53p95M
Baseline growth: 0.8939
=== Step 1: Preparing model data ===
Warning: Model has 8 validation errors
Loaded model with 2621 reactions and 1917 metabolites
Converted to irreversible model with 3637 reactions
Extracted 5952 substrate-reaction-direction pairs
Mapped metabolites to SMILES (4747 found)
Retrieved 1182 protein sequences
  Model: 1184 genes, 3637 reactions
=== Step 2: Merging substrate and sequence data ===
  Merged data: 10877 rows
=== Step 3: Processing CPI-Pred kcat values ===

  ⚠️  No predictions file found for 'iSFV_1184'
  Available prediction files:
    - X06A_kinGEMs_ecoli_iML1515_predictions.csv
    - X06A_kinGEMs_382_genome_cpd03198_predictions.csv
    - X06A_kinGEMs_ecoli_core_predictions.csv

  Please ensure CPI-Pred predictions exist for this model.

Completed at: Wed Feb 18 00:18:09 PST 2026
