Starting kinGEMs pipeline for iSFxv_1172
Config: configs/BiGG_models/iSFxv_1172.json
Time: Tue Feb 17 19:54:28 PST 2026

Restricted license - for non-production use only - expires 2026-11-23
Loading configuration from: configs/BiGG_models/iSFxv_1172.json

======================================================================
=== kinGEMs Pipeline for iSFxv_1172 ===
======================================================================
Run ID: iSFxv_1172_20260217_5926
Model type: Standard
Organism: E coli
Results directory: /project/6000502/ranaab/kinGEMs_v2/results/tuning_results/BiGG_models/iSFxv_1172_20260217_5926
======================================================================
=== kinGEMs Pipeline for iSFxv_1172 ===
Run ID: iSFxv_1172_20260217_5926
Model type: Standard
Organism: E coli
Results directory: /project/6000502/ranaab/kinGEMs_v2/results/tuning_results/BiGG_models/iSFxv_1172_20260217_5926
Solver: glpk
Biomass reaction: BIOMASS_Ec_iJO1366_core_53p95M
Baseline growth: 0.8941
=== Step 1: Preparing model data ===
Warning: Model has 8 validation errors
Loaded model with 2638 reactions and 1918 metabolites
Converted to irreversible model with 3652 reactions
Extracted 5977 substrate-reaction-direction pairs
Mapped metabolites to SMILES (4747 found)
Retrieved 1165 protein sequences
  Model: 1169 genes, 3652 reactions
=== Step 2: Merging substrate and sequence data ===
  Merged data: 10884 rows
=== Step 3: Processing CPI-Pred kcat values ===

  ⚠️  No predictions file found for 'iSFxv_1172'
  Available prediction files:
    - X06A_kinGEMs_ecoli_iML1515_predictions.csv
    - X06A_kinGEMs_382_genome_cpd03198_predictions.csv
    - X06A_kinGEMs_ecoli_core_predictions.csv

  Please ensure CPI-Pred predictions exist for this model.

Completed at: Wed Feb 18 03:42:23 PST 2026
