Starting kinGEMs pipeline for iSSON_1240
Config: configs/BiGG_models/iSSON_1240.json
Time: Tue Feb 17 19:54:28 PST 2026

Restricted license - for non-production use only - expires 2026-11-23
Loading configuration from: configs/BiGG_models/iSSON_1240.json

======================================================================
=== kinGEMs Pipeline for iSSON_1240 ===
======================================================================
Run ID: iSSON_1240_20260217_4759
Model type: Standard
Organism: E coli
Results directory: /project/6000502/ranaab/kinGEMs_v2/results/tuning_results/BiGG_models/iSSON_1240_20260217_4759
======================================================================
=== kinGEMs Pipeline for iSSON_1240 ===
Run ID: iSSON_1240_20260217_4759
Model type: Standard
Organism: E coli
Results directory: /project/6000502/ranaab/kinGEMs_v2/results/tuning_results/BiGG_models/iSSON_1240_20260217_4759
Solver: glpk
Biomass reaction: BIOMASS_Ec_iJO1366_core_53p95M
Baseline growth: 0.9826
=== Step 1: Preparing model data ===
Warning: Model has 8 validation errors
Loaded model with 2693 reactions and 1936 metabolites
Converted to irreversible model with 3713 reactions
Extracted 6112 substrate-reaction-direction pairs
Mapped metabolites to SMILES (4864 found)
Retrieved 1238 protein sequences
  Model: 1240 genes, 3713 reactions
=== Step 2: Merging substrate and sequence data ===
  Merged data: 11213 rows
=== Step 3: Processing CPI-Pred kcat values ===

  ⚠️  No predictions file found for 'iSSON_1240'
  Available prediction files:
    - X06A_kinGEMs_ecoli_iML1515_predictions.csv
    - X06A_kinGEMs_382_genome_cpd03198_predictions.csv
    - X06A_kinGEMs_ecoli_core_predictions.csv

  Please ensure CPI-Pred predictions exist for this model.

Completed at: Wed Feb 18 04:25:11 PST 2026
