Starting kinGEMs pipeline for iSynCJ816
Config: configs/BiGG_models/iSynCJ816.json
Time: Tue Feb 17 19:54:28 PST 2026

Restricted license - for non-production use only - expires 2026-11-23
Loading configuration from: configs/BiGG_models/iSynCJ816.json

======================================================================
=== kinGEMs Pipeline for iSynCJ816 ===
======================================================================
Run ID: iSynCJ816_20260217_7896
Model type: Standard
Organism: Synechocystis
Results directory: /project/6000502/ranaab/kinGEMs_v2/results/tuning_results/BiGG_models/iSynCJ816_20260217_7896
======================================================================
=== kinGEMs Pipeline for iSynCJ816 ===
Run ID: iSynCJ816_20260217_7896
Model type: Standard
Organism: Synechocystis
Results directory: /project/6000502/ranaab/kinGEMs_v2/results/tuning_results/BiGG_models/iSynCJ816_20260217_7896
Solver: glpk

Completed at: Tue Feb 17 19:54:34 PST 2026
