Starting kinGEMs pipeline for iUMNK88_1353
Config: configs/BiGG_models/iUMNK88_1353.json
Time: Tue Feb 17 19:54:28 PST 2026

Restricted license - for non-production use only - expires 2026-11-23
Loading configuration from: configs/BiGG_models/iUMNK88_1353.json

======================================================================
=== kinGEMs Pipeline for iUMNK88_1353 ===
======================================================================
Run ID: iUMNK88_1353_20260217_2385
Model type: Standard
Organism: E coli
Results directory: /project/6000502/ranaab/kinGEMs_v2/results/tuning_results/BiGG_models/iUMNK88_1353_20260217_2385
======================================================================
=== kinGEMs Pipeline for iUMNK88_1353 ===
Run ID: iUMNK88_1353_20260217_2385
Model type: Standard
Organism: E coli
Results directory: /project/6000502/ranaab/kinGEMs_v2/results/tuning_results/BiGG_models/iUMNK88_1353_20260217_2385
Solver: glpk
Biomass reaction: BIOMASS_Ec_iJO1366_core_53p95M
Baseline growth: 0.9825
=== Step 1: Preparing model data ===
Warning: Model has 8 validation errors
Loaded model with 2777 reactions and 1969 metabolites
Converted to irreversible model with 3811 reactions
Extracted 6336 substrate-reaction-direction pairs
Mapped metabolites to SMILES (5037 found)
Retrieved 1351 protein sequences
  Model: 1353 genes, 3811 reactions
=== Step 2: Merging substrate and sequence data ===
  Merged data: 11767 rows
=== Step 3: Processing CPI-Pred kcat values ===

  ⚠️  No predictions file found for 'iUMNK88_1353'
  Available prediction files:
    - X06A_kinGEMs_ecoli_iML1515_predictions.csv
    - X06A_kinGEMs_382_genome_cpd03198_predictions.csv
    - X06A_kinGEMs_ecoli_core_predictions.csv

  Please ensure CPI-Pred predictions exist for this model.

Completed at: Wed Feb 18 03:30:05 PST 2026
