Starting kinGEMs pipeline for iUMN146_1321
Config: configs/BiGG_models/iUMN146_1321.json
Time: Tue Feb 17 19:54:28 PST 2026

Restricted license - for non-production use only - expires 2026-11-23
Loading configuration from: configs/BiGG_models/iUMN146_1321.json

======================================================================
=== kinGEMs Pipeline for iUMN146_1321 ===
======================================================================
Run ID: iUMN146_1321_20260217_2549
Model type: Standard
Organism: E coli
Results directory: /project/6000502/ranaab/kinGEMs_v2/results/tuning_results/BiGG_models/iUMN146_1321_20260217_2549
======================================================================
=== kinGEMs Pipeline for iUMN146_1321 ===
Run ID: iUMN146_1321_20260217_2549
Model type: Standard
Organism: E coli
Results directory: /project/6000502/ranaab/kinGEMs_v2/results/tuning_results/BiGG_models/iUMN146_1321_20260217_2549
Solver: glpk
Biomass reaction: BIOMASS_Ec_iJO1366_core_53p95M
Baseline growth: 0.9825
=== Step 1: Preparing model data ===
Warning: Model has 8 validation errors
Loaded model with 2735 reactions and 1942 metabolites
Converted to irreversible model with 3764 reactions
Extracted 6210 substrate-reaction-direction pairs
Mapped metabolites to SMILES (4952 found)
Retrieved 1308 protein sequences
  Model: 1319 genes, 3764 reactions
=== Step 2: Merging substrate and sequence data ===
  Merged data: 11541 rows
=== Step 3: Processing CPI-Pred kcat values ===

  ⚠️  No predictions file found for 'iUMN146_1321'
  Available prediction files:
    - X06A_kinGEMs_ecoli_iML1515_predictions.csv
    - X06A_kinGEMs_382_genome_cpd03198_predictions.csv
    - X06A_kinGEMs_ecoli_core_predictions.csv

  Please ensure CPI-Pred predictions exist for this model.

Completed at: Wed Feb 18 04:33:18 PST 2026
