Starting kinGEMs pipeline for iUTI89_1310
Config: configs/BiGG_models/iUTI89_1310.json
Time: Tue Feb 17 19:54:28 PST 2026

Restricted license - for non-production use only - expires 2026-11-23
Loading configuration from: configs/BiGG_models/iUTI89_1310.json

======================================================================
=== kinGEMs Pipeline for iUTI89_1310 ===
======================================================================
Run ID: iUTI89_1310_20260217_6817
Model type: Standard
Organism: E coli
Results directory: /project/6000502/ranaab/kinGEMs_v2/results/tuning_results/BiGG_models/iUTI89_1310_20260217_6817
======================================================================
=== kinGEMs Pipeline for iUTI89_1310 ===
Run ID: iUTI89_1310_20260217_6817
Model type: Standard
Organism: E coli
Results directory: /project/6000502/ranaab/kinGEMs_v2/results/tuning_results/BiGG_models/iUTI89_1310_20260217_6817
Solver: glpk
Biomass reaction: BIOMASS_Ec_iJO1366_core_53p95M
Baseline growth: 0.9825
=== Step 1: Preparing model data ===
Warning: Model has 8 validation errors
Loaded model with 2725 reactions and 1940 metabolites
Converted to irreversible model with 3754 reactions
Extracted 6189 substrate-reaction-direction pairs
Mapped metabolites to SMILES (4931 found)
Retrieved 1309 protein sequences
  Model: 1310 genes, 3754 reactions
=== Step 2: Merging substrate and sequence data ===
  Merged data: 11506 rows
=== Step 3: Processing CPI-Pred kcat values ===

  ⚠️  No predictions file found for 'iUTI89_1310'
  Available prediction files:
    - X06A_kinGEMs_ecoli_iML1515_predictions.csv
    - X06A_kinGEMs_382_genome_cpd03198_predictions.csv
    - X06A_kinGEMs_ecoli_core_predictions.csv

  Please ensure CPI-Pred predictions exist for this model.

Completed at: Wed Feb 18 04:10:01 PST 2026
