Starting kinGEMs pipeline for iY75_1357
Config: configs/BiGG_models/iY75_1357.json
Time: Tue Feb 17 19:54:28 PST 2026

Restricted license - for non-production use only - expires 2026-11-23
Loading configuration from: configs/BiGG_models/iY75_1357.json

======================================================================
=== kinGEMs Pipeline for iY75_1357 ===
======================================================================
Run ID: iY75_1357_20260217_3868
Model type: Standard
Organism: E coli
Results directory: /project/6000502/ranaab/kinGEMs_v2/results/tuning_results/BiGG_models/iY75_1357_20260217_3868
======================================================================
=== kinGEMs Pipeline for iY75_1357 ===
Run ID: iY75_1357_20260217_3868
Model type: Standard
Organism: E coli
Results directory: /project/6000502/ranaab/kinGEMs_v2/results/tuning_results/BiGG_models/iY75_1357_20260217_3868
Solver: glpk
Biomass reaction: BIOMASS_Ec_iJO1366_core_53p95M
Baseline growth: 0.9825
=== Step 1: Preparing model data ===
Warning: Model has 8 validation errors
Loaded model with 2759 reactions and 1953 metabolites
Converted to irreversible model with 3794 reactions
Extracted 6298 substrate-reaction-direction pairs
Mapped metabolites to SMILES (5024 found)
Retrieved 1352 protein sequences
  Model: 1358 genes, 3794 reactions
=== Step 2: Merging substrate and sequence data ===
  Merged data: 11758 rows
=== Step 3: Processing CPI-Pred kcat values ===

  ⚠️  No predictions file found for 'iY75_1357'
  Available prediction files:
    - X06A_kinGEMs_ecoli_iML1515_predictions.csv
    - X06A_kinGEMs_382_genome_cpd03198_predictions.csv
    - X06A_kinGEMs_ecoli_core_predictions.csv

  Please ensure CPI-Pred predictions exist for this model.

Completed at: Wed Feb 18 03:02:48 PST 2026
