Starting kinGEMs pipeline for iYL1228
Config: configs/BiGG_models/iYL1228.json
Time: Tue Feb 17 19:54:28 PST 2026

Restricted license - for non-production use only - expires 2026-11-23
Loading configuration from: configs/BiGG_models/iYL1228.json

======================================================================
=== kinGEMs Pipeline for iYL1228 ===
======================================================================
Run ID: iYL1228_20260217_1867
Model type: Standard
Organism: Klebsiella
Results directory: /project/6000502/ranaab/kinGEMs_v2/results/tuning_results/BiGG_models/iYL1228_20260217_1867
======================================================================
=== kinGEMs Pipeline for iYL1228 ===
Run ID: iYL1228_20260217_1867
Model type: Standard
Organism: Klebsiella
Results directory: /project/6000502/ranaab/kinGEMs_v2/results/tuning_results/BiGG_models/iYL1228_20260217_1867
Solver: glpk
Biomass reaction: BIOMASS_
Baseline growth: 1.0426
=== Step 1: Preparing model data ===
Warning: Model has 8 validation errors
Loaded model with 2262 reactions and 1658 metabolites
Converted to irreversible model with 3090 reactions
Extracted 5098 substrate-reaction-direction pairs
Mapped metabolites to SMILES (4056 found)
Retrieved 1228 protein sequences
  Model: 1229 genes, 3090 reactions
=== Step 2: Merging substrate and sequence data ===
  Merged data: 9834 rows
=== Step 3: Processing CPI-Pred kcat values ===

  ⚠️  No predictions file found for 'iYL1228'
  Available prediction files:
    - X06A_kinGEMs_ecoli_iML1515_predictions.csv
    - X06A_kinGEMs_382_genome_cpd03198_predictions.csv
    - X06A_kinGEMs_ecoli_core_predictions.csv

  Please ensure CPI-Pred predictions exist for this model.

Completed at: Wed Feb 18 03:50:55 PST 2026
