Starting kinGEMs pipeline for iYO844
Config: configs/BiGG_models/iYO844.json
Time: Tue Feb 17 19:54:28 PST 2026

Restricted license - for non-production use only - expires 2026-11-23
Loading configuration from: configs/BiGG_models/iYO844.json

======================================================================
=== kinGEMs Pipeline for iYO844 ===
======================================================================
Run ID: iYO844_20260217_3037
Model type: Standard
Organism: B subtilis
Results directory: /project/6000502/ranaab/kinGEMs_v2/results/tuning_results/BiGG_models/iYO844_20260217_3037
======================================================================
=== kinGEMs Pipeline for iYO844 ===
Run ID: iYO844_20260217_3037
Model type: Standard
Organism: B subtilis
Results directory: /project/6000502/ranaab/kinGEMs_v2/results/tuning_results/BiGG_models/iYO844_20260217_3037
Solver: glpk
Biomass reaction: BIOMASS_BS_10
Baseline growth: 0.1180
=== Step 1: Preparing model data ===
Warning: Model has 8 validation errors
Loaded model with 1250 reactions and 990 metabolites
Converted to irreversible model with 1809 reactions
Extracted 3286 substrate-reaction-direction pairs
Mapped metabolites to SMILES (2708 found)
Retrieved 841 protein sequences
  Model: 844 genes, 1809 reactions
=== Step 2: Merging substrate and sequence data ===
  Merged data: 5963 rows
=== Step 3: Processing CPI-Pred kcat values ===

  ⚠️  No predictions file found for 'iYO844'
  Available prediction files:
    - X06A_kinGEMs_ecoli_iML1515_predictions.csv
    - X06A_kinGEMs_382_genome_cpd03198_predictions.csv
    - X06A_kinGEMs_ecoli_core_predictions.csv

  Please ensure CPI-Pred predictions exist for this model.

Completed at: Wed Feb 18 01:47:46 PST 2026
