Starting kinGEMs pipeline for iYS1720
Config: configs/BiGG_models/iYS1720.json
Time: Tue Feb 17 19:54:59 PST 2026

Restricted license - for non-production use only - expires 2026-11-23
Loading configuration from: configs/BiGG_models/iYS1720.json

======================================================================
=== kinGEMs Pipeline for iYS1720 ===
======================================================================
Run ID: iYS1720_20260217_1472
Model type: Standard
Organism: E coli
Results directory: /project/6000502/ranaab/kinGEMs_v2/results/tuning_results/BiGG_models/iYS1720_20260217_1472
======================================================================
=== kinGEMs Pipeline for iYS1720 ===
Run ID: iYS1720_20260217_1472
Model type: Standard
Organism: E coli
Results directory: /project/6000502/ranaab/kinGEMs_v2/results/tuning_results/BiGG_models/iYS1720_20260217_1472
Solver: glpk
Biomass reaction: BIOMASS_iRR1083_1
Baseline growth: 0.4885
=== Step 1: Preparing model data ===
Warning: Model has 8 validation errors
Loaded model with 3357 reactions and 2436 metabolites
Converted to irreversible model with 4455 reactions
Extracted 7123 substrate-reaction-direction pairs
Mapped metabolites to SMILES (5091 found)
Retrieved 4 protein sequences
  Model: 1707 genes, 4455 reactions
=== Step 2: Merging substrate and sequence data ===
  Merged data: 13371 rows
=== Step 3: Processing CPI-Pred kcat values ===

  ⚠️  No predictions file found for 'iYS1720'
  Available prediction files:
    - X06A_kinGEMs_ecoli_iML1515_predictions.csv
    - X06A_kinGEMs_382_genome_cpd03198_predictions.csv
    - X06A_kinGEMs_ecoli_core_predictions.csv

  Please ensure CPI-Pred predictions exist for this model.

Completed at: Wed Feb 18 04:26:27 PST 2026
