Starting kinGEMs pipeline for iYS854
Config: configs/BiGG_models/iYS854.json
Time: Tue Feb 17 19:54:59 PST 2026

Restricted license - for non-production use only - expires 2026-11-23
Loading configuration from: configs/BiGG_models/iYS854.json

======================================================================
=== kinGEMs Pipeline for iYS854 ===
======================================================================
Run ID: iYS854_20260217_5725
Model type: Standard
Organism: S aureus
Results directory: /project/6000502/ranaab/kinGEMs_v2/results/tuning_results/BiGG_models/iYS854_20260217_5725
======================================================================
=== kinGEMs Pipeline for iYS854 ===
Run ID: iYS854_20260217_5725
Model type: Standard
Organism: S aureus
Results directory: /project/6000502/ranaab/kinGEMs_v2/results/tuning_results/BiGG_models/iYS854_20260217_5725
Solver: glpk
Biomass reaction: BIOMASS_iYS_wild_type
Baseline growth: 1.3602
=== Step 1: Preparing model data ===
Warning: Model has 8 validation errors
Loaded model with 1455 reactions and 1335 metabolites
Converted to irreversible model with 2101 reactions
Extracted 3916 substrate-reaction-direction pairs
Mapped metabolites to SMILES (2862 found)
Retrieved 863 protein sequences
  Model: 866 genes, 2101 reactions
=== Step 2: Merging substrate and sequence data ===
  Merged data: 5841 rows
=== Step 3: Processing CPI-Pred kcat values ===

  ⚠️  No predictions file found for 'iYS854'
  Available prediction files:
    - X06A_kinGEMs_ecoli_iML1515_predictions.csv
    - X06A_kinGEMs_382_genome_cpd03198_predictions.csv
    - X06A_kinGEMs_ecoli_core_predictions.csv

  Please ensure CPI-Pred predictions exist for this model.

Completed at: Wed Feb 18 04:20:30 PST 2026
