Starting kinGEMs pipeline for iZ_1308
Config: configs/BiGG_models/iZ_1308.json
Time: Tue Feb 17 19:54:59 PST 2026

Restricted license - for non-production use only - expires 2026-11-23
Loading configuration from: configs/BiGG_models/iZ_1308.json

======================================================================
=== kinGEMs Pipeline for iZ_1308 ===
======================================================================
Run ID: iZ_1308_20260217_5986
Model type: Standard
Organism: E coli
Results directory: /project/6000502/ranaab/kinGEMs_v2/results/tuning_results/BiGG_models/iZ_1308_20260217_5986
======================================================================
=== kinGEMs Pipeline for iZ_1308 ===
Run ID: iZ_1308_20260217_5986
Model type: Standard
Organism: E coli
Results directory: /project/6000502/ranaab/kinGEMs_v2/results/tuning_results/BiGG_models/iZ_1308_20260217_5986
Solver: glpk
Biomass reaction: BIOMASS_Ec_iJO1366_core_53p95M
Baseline growth: 0.9825
=== Step 1: Preparing model data ===
Warning: Model has 8 validation errors
Loaded model with 2721 reactions and 1923 metabolites
Converted to irreversible model with 3745 reactions
Extracted 6190 substrate-reaction-direction pairs
Mapped metabolites to SMILES (4924 found)
Retrieved 1299 protein sequences
  Model: 1308 genes, 3745 reactions
=== Step 2: Merging substrate and sequence data ===
  Merged data: 11531 rows
=== Step 3: Processing CPI-Pred kcat values ===

  ⚠️  No predictions file found for 'iZ_1308'
  Available prediction files:
    - X06A_kinGEMs_ecoli_iML1515_predictions.csv
    - X06A_kinGEMs_382_genome_cpd03198_predictions.csv
    - X06A_kinGEMs_ecoli_core_predictions.csv

  Please ensure CPI-Pred predictions exist for this model.

Completed at: Wed Feb 18 01:43:35 PST 2026
