Starting kinGEMs pipeline for Recon3D
Config: configs/BiGG_models/Recon3D.json
Time: Tue Feb 17 19:41:57 PST 2026

Restricted license - for non-production use only - expires 2026-11-23
Loading configuration from: configs/BiGG_models/Recon3D.json

======================================================================
=== kinGEMs Pipeline for Recon3D ===
======================================================================
Run ID: Recon3D_20260217_6223
Model type: Standard
Organism: Human
Results directory: /project/6000502/ranaab/kinGEMs_v2/results/tuning_results/BiGG_models/Recon3D_20260217_6223
======================================================================
=== kinGEMs Pipeline for Recon3D ===
Run ID: Recon3D_20260217_6223
Model type: Standard
Organism: Human
Results directory: /project/6000502/ranaab/kinGEMs_v2/results/tuning_results/BiGG_models/Recon3D_20260217_6223
Solver: glpk
Biomass reaction: BIOMASS_maintenance
Baseline growth: 755.0032
=== Step 1: Preparing model data ===
Warning: Model has 8 validation errors
Loaded model with 10600 reactions and 5835 metabolites
Converted to irreversible model with 15869 reactions
Extracted 26718 substrate-reaction-direction pairs
Mapped metabolites to SMILES (16351 found)
Retrieved 0 protein sequences
  Model: 2248 genes, 15869 reactions
=== Step 2: Merging substrate and sequence data ===
  Merged data: 73709 rows
=== Step 3: Processing CPI-Pred kcat values ===

  ⚠️  No predictions file found for 'Recon3D'
  Available prediction files:
    - X06A_kinGEMs_ecoli_iML1515_predictions.csv
    - X06A_kinGEMs_382_genome_cpd03198_predictions.csv
    - X06A_kinGEMs_ecoli_core_predictions.csv

  Please ensure CPI-Pred predictions exist for this model.

Completed at: Wed Feb 18 04:39:39 PST 2026
