Starting kinGEMs pipeline for RECON1
Config: configs/BiGG_models/RECON1.json
Time: Tue Feb 17 19:41:57 PST 2026

Restricted license - for non-production use only - expires 2026-11-23
Loading configuration from: configs/BiGG_models/RECON1.json

======================================================================
=== kinGEMs Pipeline for RECON1 ===
======================================================================
Run ID: RECON1_20260217_3312
Model type: Standard
Organism: Human
Results directory: /project/6000502/ranaab/kinGEMs_v2/results/tuning_results/BiGG_models/RECON1_20260217_3312
======================================================================
=== kinGEMs Pipeline for RECON1 ===
Run ID: RECON1_20260217_3312
Model type: Standard
Organism: Human
Results directory: /project/6000502/ranaab/kinGEMs_v2/results/tuning_results/BiGG_models/RECON1_20260217_3312
Solver: glpk
Biomass reaction: S6T14g
Baseline growth: 0.0000
=== Step 1: Preparing model data ===
Warning: Model has 8 validation errors
Loaded model with 3741 reactions and 2766 metabolites
Converted to irreversible model with 5296 reactions
Extracted 8931 substrate-reaction-direction pairs
Mapped metabolites to SMILES (6032 found)
Retrieved 0 protein sequences
  Model: 1905 genes, 5296 reactions
=== Step 2: Merging substrate and sequence data ===
  Merged data: 40389 rows
=== Step 3: Processing CPI-Pred kcat values ===

  ⚠️  No predictions file found for 'RECON1'
  Available prediction files:
    - X06A_kinGEMs_ecoli_iML1515_predictions.csv
    - X06A_kinGEMs_382_genome_cpd03198_predictions.csv
    - X06A_kinGEMs_ecoli_core_predictions.csv

  Please ensure CPI-Pred predictions exist for this model.

Completed at: Wed Feb 18 04:29:31 PST 2026
