Starting kinGEMs pipeline for STM_v1_0
Config: configs/BiGG_models/STM_v1_0.json
Time: Tue Feb 17 19:41:57 PST 2026

Restricted license - for non-production use only - expires 2026-11-23
Loading configuration from: configs/BiGG_models/STM_v1_0.json

======================================================================
=== kinGEMs Pipeline for STM_v1_0 ===
======================================================================
Run ID: STM_v1_0_20260217_5936
Model type: Standard
Organism: Salmonella
Results directory: /project/6000502/ranaab/kinGEMs_v2/results/tuning_results/BiGG_models/STM_v1_0_20260217_5936
======================================================================
=== kinGEMs Pipeline for STM_v1_0 ===
Run ID: STM_v1_0_20260217_5936
Model type: Standard
Organism: Salmonella
Results directory: /project/6000502/ranaab/kinGEMs_v2/results/tuning_results/BiGG_models/STM_v1_0_20260217_5936
Solver: glpk
Biomass reaction: BIOMASS_iRR1083_metals
Baseline growth: 0.4778
=== Step 1: Preparing model data ===
Warning: Model has 8 validation errors
Loaded model with 2545 reactions and 1802 metabolites
Converted to irreversible model with 3469 reactions
Extracted 5696 substrate-reaction-direction pairs
Mapped metabolites to SMILES (4448 found)
Retrieved 1251 protein sequences
  Model: 1271 genes, 3469 reactions
=== Step 2: Merging substrate and sequence data ===
  Merged data: 10286 rows
=== Step 3: Processing CPI-Pred kcat values ===

  ⚠️  No predictions file found for 'STM_v1_0'
  Available prediction files:
    - X06A_kinGEMs_ecoli_iML1515_predictions.csv
    - X06A_kinGEMs_382_genome_cpd03198_predictions.csv
    - X06A_kinGEMs_ecoli_core_predictions.csv

  Please ensure CPI-Pred predictions exist for this model.

Completed at: Wed Feb 18 01:16:30 PST 2026
