2025-10-10 14:51:02.407 | INFO     | kinGEMs.config:<module>:12 - PROJ_ROOT path is: /project/6000502/ranaab/kinGEMs_v2
Loading configuration from: configs/iML1515_GEM.json
  Found predictions file: X06A_kinGEMs_ecoli_iML1515_predictions.csv

======================================================================
=== kinGEMs Pipeline for iML1515_GEM ===
======================================================================
Run ID: iML1515_GEM_20251010_2720
Model type: Standard
Organism: E coli
Results directory: /project/def-mahadeva/ranaab/kinGEMs_v2/results/tuning_results/iML1515_GEM_20251010_2720
Solver: glpk
======================================================================

=== Configuration Summary ===
Config file: configs/iML1515_GEM.json
Model name: iML1515_GEM
Enzyme upper bound: 0.15
Enable FVA: True
Enable Biolog validation: False

Simulated Annealing Settings:
  Temperature: 1.0
  Cooling rate: 0.975
  Min temperature: 0.001
  Max iterations: 100
  Max unchanged iterations: 5
  Change threshold: 0.009
  Biomass goal: 0.5
======================================================================

Biomass reaction: BIOMASS_Ec_iML1515_core_75p37M

=== Step 1: Preparing model data ===
  ✓ Found existing files, loading cached data:
    - /project/def-mahadeva/ranaab/kinGEMs_v2/data/interim/iML1515_GEM/iML1515_GEM_substrates.csv
    - /project/def-mahadeva/ranaab/kinGEMs_v2/data/interim/iML1515_GEM/iML1515_GEM_sequences.csv
Warning: Model has 8 validation errors
  Model: 1516 genes, 2712 reactions

=== Step 2: Merging substrate and sequence data ===
  ✓ Found existing file, loading cached data:
    - /project/def-mahadeva/ranaab/kinGEMs_v2/data/interim/iML1515_GEM/iML1515_GEM_merged_data.csv
  Merged data: 12229 rows

=== Step 3: Processing CPI-Pred kcat values & annotating model ===
  ✓ Found existing file, loading cached data:
    - /project/def-mahadeva/ranaab/kinGEMs_v2/data/processed/iML1515_GEM/iML1515_GEM_processed_data.csv
  Processed data: 33657 rows
  Reactions with kcat: 2136/2712

=== Step 4: Running optimization ===
  Running standard COBRApy FBA (no enzyme constraints)...
    COBRApy biomass: 0.8770
  Running kinGEMs enzyme-constrained optimization...
    kinGEMs biomass: 0.0394

  Comparison:
    Standard FBA:           0.8770
    Enzyme-constrained FBA: 0.0394
    Reduction due to enzyme budget: 95.5%
  Using standard model - may need additional constraint processing

=== Step 5: Running simulated annealing ===
  Configuration:
    - Temperature: 1.0
    - Cooling rate: 0.975
    - Max iterations: 100
    - Max unchanged iterations: 5
    - Change threshold: 0.009
    - Biomass goal: 0.5
  Starting optimization...

  Iter 1/100: biomass=0.044371, temp=1.0000  Iter 2/100: biomass=0.075311, temp=0.9750  Iter 3/100: biomass=0.105224, temp=0.9506  Iter 4/100: biomass=0.119517, temp=0.9269  Iter 5/100: biomass=0.133088, temp=0.9037  Iter 6/100: biomass=0.138946, temp=0.8811  Iter 7/100: biomass=0.144628, temp=0.8591  Iter 8/100: biomass=0.147412, temp=0.8376  Iter 9/100: biomass=0.151119, temp=0.8167  Iter 10/100: biomass=0.154513, temp=0.7962  Iter 11/100: biomass=0.157746, temp=0.7763  Iter 12/100: biomass=0.160491, temp=0.7569  Iter 13/100: biomass=0.162182, temp=0.7380  Iter 14/100: biomass=0.164160, temp=0.7195  Iter 15/100: biomass=0.166039, temp=0.7016  Iter 16/100: biomass=0.167598, temp=0.6840  Iter 17/100: biomass=0.169000, temp=0.6669  Iter 18/100: biomass=0.170177, temp=0.6502  Iter 19/100: biomass=0.171311, temp=0.6340  Iter 20/100: biomass=0.171983, temp=0.6181  Iter 21/100: biomass=0.172919, temp=0.6027
  Early stop: No change for 5 iterations


  Annealing complete!
  Initial biomass: 0.0394
  Final biomass: 0.1729
  Improvement: 339.4%
  Total iterations: 22

  Biomass progression:
    Iter   0: 0.039351
    Iter   2: 0.075311 (+91.38%)
    Iter   4: 0.119517 (+58.70%)
    Iter   6: 0.138946 (+16.26%)
    Iter   8: 0.147412 (+6.09%)
    Iter  10: 0.154513 (+4.82%)
    Iter  12: 0.160491 (+3.87%)
    Iter  14: 0.164160 (+2.29%)
    Iter  16: 0.167598 (+2.09%)
    Iter  18: 0.170177 (+1.54%)
    Iter  20: 0.171983 (+1.06%)
    Iter  21: 0.172919 (+0.54%)

  Top 10 enzymes by mass contribution:
     Reactions Single_gene  enzyme_mass
0        DHAPT       b1200     0.021658
1        DHAPT       b1198     0.015800
2        DHAPT       b2416     0.013517
3     SUCptspp       b2416     0.013517
4     TREptspp       b2416     0.013517
5    ACGAptspp       b2416     0.013517
6  ACMANAptspp       b2416     0.013517
7    ASCBptspp       b2416     0.013517
8     SBTptspp       b2416     0.013517
9     FRUptspp       b2416     0.013517

  Saved merged DataFrame to: /project/def-mahadeva/ranaab/kinGEMs_v2/results/tuning_results/iML1515_GEM_20251010_2720/final_model_info.csv

=== Step 7: Saving final model ===
  Final GEM saved to: /project/def-mahadeva/ranaab/kinGEMs_v2/models/iML1515_GEM_20251010_2720.xml

======================================================================
=== Pipeline Complete ===
======================================================================
Run ID: iML1515_GEM_20251010_2720
Model: iML1515_GEM (Standard)
Initial biomass: 0.0394
Final biomass: 0.1729
Improvement: 339.4%
Iterations: 22

Results directory: /project/def-mahadeva/ranaab/kinGEMs_v2/results/tuning_results/iML1515_GEM_20251010_2720
Final model: /project/def-mahadeva/ranaab/kinGEMs_v2/models/iML1515_GEM_20251010_2720.xml
======================================================================
