=========================================
Job: Compile Validation Results
Job ID: 12498372
Node: fc30554
Current working directory: /project/def-mahadeva/ranaab/kinGEMs_v2
Starting run at: Tue Nov 25 22:54:34 PST 2025
=========================================
Compiling validation results...

======================================================================
=== Compiling Validation Results ===
======================================================================
Input: results/validation_parallel
Output: results/validation_compiled
Fitness threshold: -2
Simulation threshold: 0.001
======================================================================

=== Step 1: Loading results ===
  ✓ Loaded experimental: (1326, 25)
  ✓ Loaded baseline: (1326, 25)
  ✓ Loaded pre_tuning: (1326, 25)
  ✓ Loaded post_tuning: (1326, 25)
  ✓ Loaded baseline wild-type growth: (25,)
  ✓ Loaded pretuning wild-type growth: (25,)
  ✓ Loaded posttuning wild-type growth: (25,)

=== Step 2: Calculating correlation metrics across 9 scenarios ===
Scenarios:
  1. No filtering (all data)
  2. Experimental fitness > -2
  3. Experimental fitness > -2 AND predicted growth > 0.0001

Comparison Types:
  A. Growth Rate Space: Direct predicted growth vs experimental fitness
  B. Fitness Space: Predicted fitness vs experimental fitness
  C. Normalized Growth Space: Predicted normalized growth vs experimental fitness

  Processing Baseline GEM...
    - Growth rate space: No filtering
    - Fitness space: No filtering
    - Normalized growth space: No filtering
    - Growth rate space: Exp fitness > -2
    - Fitness space: Exp fitness > -2
    - Normalized growth space: Exp fitness > -2
    - Growth rate space: Exp fitness > -2 AND Pred > 0.0001
    - Fitness space: Exp fitness > -2 AND Pred > 0.0001
    - Normalized growth space: Exp fitness > -2 AND Pred > 0.0001
  ✓ Baseline GEM - all scenarios calculated

  Processing Pre-tuning kinGEMs...
    - Growth rate space: No filtering
    - Fitness space: No filtering
    - Normalized growth space: No filtering
    - Growth rate space: Exp fitness > -2
    - Fitness space: Exp fitness > -2
    - Normalized growth space: Exp fitness > -2
    - Growth rate space: Exp fitness > -2 AND Pred > 0.0001
    - Fitness space: Exp fitness > -2 AND Pred > 0.0001
    - Normalized growth space: Exp fitness > -2 AND Pred > 0.0001
  ✓ Pre-tuning kinGEMs - all scenarios calculated

  Processing Post-tuning kinGEMs...
    - Growth rate space: No filtering
    - Fitness space: No filtering
    - Normalized growth space: No filtering
    - Growth rate space: Exp fitness > -2
    - Fitness space: Exp fitness > -2
    - Normalized growth space: Exp fitness > -2
    - Growth rate space: Exp fitness > -2 AND Pred > 0.0001
    - Fitness space: Exp fitness > -2 AND Pred > 0.0001
    - Normalized growth space: Exp fitness > -2 AND Pred > 0.0001
  ✓ Post-tuning kinGEMs - all scenarios calculated

====================================================================================================
=== Data Filtering Summary Across All Scenarios ===
====================================================================================================

📊 Scenario: No filtering (no_filter)
----------------------------------------------------------------------------------------------------
  Baseline GEM                  : 33,150 / 33,150 points (100.0% kept,      0 filtered)
  Pre-tuning kinGEMs            : 33,150 / 33,150 points (100.0% kept,      0 filtered)
  Post-tuning kinGEMs           : 33,150 / 33,150 points (100.0% kept,      0 filtered)

📊 Scenario: Exp fitness > -2 (fit_filter)
----------------------------------------------------------------------------------------------------
  Baseline GEM                  : 30,102 / 33,150 points ( 90.8% kept,  3,048 filtered)
  Pre-tuning kinGEMs            : 30,102 / 33,150 points ( 90.8% kept,  3,048 filtered)
  Post-tuning kinGEMs           : 30,102 / 33,150 points ( 90.8% kept,  3,048 filtered)

📊 Scenario: Exp fitness > -2 AND Pred > 0.0001 (both_filter)
----------------------------------------------------------------------------------------------------
  Baseline GEM                  : 29,520 / 33,150 points ( 89.0% kept,  3,630 filtered)
  Pre-tuning kinGEMs            : 29,520 / 33,150 points ( 89.0% kept,  3,630 filtered)
  Post-tuning kinGEMs           : 29,520 / 33,150 points ( 89.0% kept,  3,630 filtered)
====================================================================================================

=== Step 3: Calculating classification metrics ===
  ✓ Baseline classification metrics calculated
  ✓ Pre-tuning classification metrics calculated
  ✓ Post-tuning classification metrics calculated

=== Step 4: Creating correlation visualizations ===
  ✓ Saved comparison plot: results/validation_compiled/validation_comparison.png

=== Step 4a: Creating fitness-scale scatter plots ===
  ✓ Saved fitness comparison scatter plots: results/validation_compiled/fitness_comparison_scatter.png
  ✓ Saved combined fitness comparison plot: results/validation_compiled/fitness_comparison_combined.png

=== Step 4b: Creating distribution plots ===
  ✓ Saved distribution histograms: results/validation_compiled/prediction_distributions_histograms.png
  ✓ Saved density plot: results/validation_compiled/prediction_distributions_density.png
  ✓ Saved box plot: results/validation_compiled/prediction_distributions_boxplot.png
  ✓ Saved CDF plot: results/validation_compiled/prediction_distributions_cdf.png
  ✓ Saved violin plot: results/validation_compiled/prediction_distributions_violin.png
  ✓ Saved distribution statistics: results/validation_compiled/prediction_distribution_statistics.csv

======================================================================
=== Prediction Distribution Statistics ===
======================================================================
                       count      mean       std  min       25%    median       75%       max   zeros  zeros_pct
Baseline GEM         33150.0  0.698394  0.424865 -0.0  0.377356  0.704686  0.877309  1.779800   807.0       2.43
Pre-tuning kinGEMs   33150.0  0.172858  0.070273  0.0  0.145628  0.194641  0.222431  0.263183  2171.0       6.55
Post-tuning kinGEMs  33150.0  0.340238  0.205209  0.0  0.179043  0.326564  0.497260  0.873985  2171.0       6.55
======================================================================

=== Step 4c: Creating fitness distribution plots ===
  ✓ Saved fitness distribution histograms: results/validation_compiled/fitness_distributions_histograms.png
  ✓ Saved fitness density plot: results/validation_compiled/fitness_distributions_density.png
  ✓ Saved fitness box plot: results/validation_compiled/fitness_distributions_boxplot.png
  ✓ Saved fitness violin plot: results/validation_compiled/fitness_distributions_violin.png
  ✓ Saved fitness CDF plot: results/validation_compiled/fitness_distributions_cdf.png
  ✓ Saved fitness distribution statistics: results/validation_compiled/fitness_distribution_statistics.csv

======================================================================
=== Fitness Distribution Statistics ===
======================================================================
                       count   mean    std     min    25%  median    75%    max  negative_pct  positive_pct  neutral_pct  strong_negative_pct  strong_positive_pct
Experimental         30102.0 -0.075  0.402  -2.000 -0.143  -0.018  0.086  8.518          54.7          45.2         46.2                  3.7                  0.6
Baseline GEM         30102.0 -0.632  4.486 -34.051 -0.000  -0.000  0.000  0.000          74.5          25.5         97.0                  1.9                  0.0
Pre-tuning kinGEMs   30102.0 -0.591  4.228 -31.280  0.000   0.000  0.012  0.030           7.3          92.7         97.4                  1.9                  0.0
Post-tuning kinGEMs  30102.0 -0.606  4.342 -33.022  0.000   0.003  0.007  0.029          12.7          87.3         97.7                  1.9                  0.0
======================================================================
Notes:
  - negative_pct: % of mutations with fitness < 0 (deleterious)
  - positive_pct: % of mutations with fitness > 0 (beneficial)
  - neutral_pct: % of mutations with |fitness| < 0.1 (near-neutral)
  - strong_negative_pct: % with fitness < -1 (>50% reduction)
  - strong_positive_pct: % with fitness > 1 (>2× improvement)
======================================================================

=== Step 4d: Creating multi-scenario scatter plots ===
  Creating multi-scenario scatter plots...
    Creating scatter plots for scenario: No filtering
      ✓ Saved growth rate scatter: results/validation_compiled/scatter_growth_rate_no_filter.png
      ✓ Saved fitness scatter: results/validation_compiled/scatter_fitness_no_filter.png
      ✓ Saved normalized growth scatter: results/validation_compiled/scatter_normalized_no_filter.png
    Creating scatter plots for scenario: Exp fitness > -2
      ✓ Saved growth rate scatter: results/validation_compiled/scatter_growth_rate_fit_filter.png
      ✓ Saved fitness scatter: results/validation_compiled/scatter_fitness_fit_filter.png
      ✓ Saved normalized growth scatter: results/validation_compiled/scatter_normalized_fit_filter.png
    Creating scatter plots for scenario: Exp fitness > -2 AND Pred > 0.0001
      ✓ Saved growth rate scatter: results/validation_compiled/scatter_growth_rate_both_filter.png
      ✓ Saved fitness scatter: results/validation_compiled/scatter_fitness_both_filter.png
      ✓ Saved normalized growth scatter: results/validation_compiled/scatter_normalized_both_filter.png

=== Step 4e: Creating multi-scenario histograms ===
  Creating multi-scenario histogram plots...
    Creating histograms for scenario: No filtering
      ✓ Saved raw value histograms: results/validation_compiled/histograms_raw_no_filter.png
      ✓ Saved fitness histograms: results/validation_compiled/histograms_fitness_no_filter.png
      ✓ Saved normalized growth histograms: results/validation_compiled/histograms_normalized_no_filter.png
    Creating histograms for scenario: Exp fitness > -2
      ✓ Saved raw value histograms: results/validation_compiled/histograms_raw_fit_filter.png
      ✓ Saved fitness histograms: results/validation_compiled/histograms_fitness_fit_filter.png
      ✓ Saved normalized growth histograms: results/validation_compiled/histograms_normalized_fit_filter.png
    Creating histograms for scenario: Exp fitness > -2 AND Pred > 0.0001
      ✓ Saved raw value histograms: results/validation_compiled/histograms_raw_both_filter.png
      ✓ Saved fitness histograms: results/validation_compiled/histograms_fitness_both_filter.png
      ✓ Saved normalized growth histograms: results/validation_compiled/histograms_normalized_both_filter.png

=== Step 5: Creating classification visualizations ===
  ✓ Saved ROC curve: results/validation_compiled/baseline_gem_roc_curve.png
  ✓ Saved PR curve: results/validation_compiled/baseline_gem_pr_curve.png
  ✓ Saved confusion matrix: results/validation_compiled/baseline_gem_confusion_matrix.png
  ✓ Saved ROC curve: results/validation_compiled/pre_tuning_kingems_roc_curve.png
  ✓ Saved PR curve: results/validation_compiled/pre_tuning_kingems_pr_curve.png
  ✓ Saved confusion matrix: results/validation_compiled/pre_tuning_kingems_confusion_matrix.png
  ✓ Saved ROC curve: results/validation_compiled/post_tuning_kingems_roc_curve.png
  ✓ Saved PR curve: results/validation_compiled/post_tuning_kingems_pr_curve.png
  ✓ Saved confusion matrix: results/validation_compiled/post_tuning_kingems_confusion_matrix.png

=== Step 6: Creating metrics tables ===

  Creating multi-scenario correlation metrics tables...
  ✓ Saved multi-scenario growth rate metrics: results/validation_compiled/validation_metrics_all_scenarios.csv

====================================================================================================
=== Growth Rate Space Correlation Metrics - All Scenarios ===
====================================================================================================
                                      scenario n_points n_filtered_out pearson_r spearman_r kendall_tau        r2      rmse
Baseline GEM [no_filter]             no_filter    33150              0  0.282992   0.149991     0.09916 -0.804909  1.596846
Baseline GEM [fit_filter]           fit_filter    30102           3048  0.027661   0.008459    0.005318 -5.014303  0.986401
Baseline GEM [both_filter]         both_filter    29520           3630 -0.039699  -0.033987   -0.022498 -5.613558  0.985987
Pre-tuning kinGEMs [no_filter]       no_filter    33150              0  0.420069    0.15079    0.100156 -0.199486  1.301766
Pre-tuning kinGEMs [fit_filter]     fit_filter    30102           3048  0.075636   0.014796    0.009589 -0.406833   0.47707
Pre-tuning kinGEMs [both_filter]   both_filter    29520           3630 -0.035488  -0.027236   -0.018144 -0.442778  0.460525
Post-tuning kinGEMs [no_filter]      no_filter    33150              0  0.284284    0.14701    0.097501 -0.336732  1.374224
Post-tuning kinGEMs [fit_filter]    fit_filter    30102           3048  0.022751   0.008903    0.005625  -1.37372  0.619692
Post-tuning kinGEMs [both_filter]  both_filter    29520           3630 -0.045639  -0.033444   -0.022259 -1.527877  0.609581
====================================================================================================

====================================================================================================
=== Data Points Summary (Growth Rate Space) ===
====================================================================================================
                                      scenario n_points n_filtered_out n_total_before_filter
Baseline GEM [no_filter]             no_filter    33150              0                 33150
Baseline GEM [fit_filter]           fit_filter    30102           3048                 33150
Baseline GEM [both_filter]         both_filter    29520           3630                 33150
Pre-tuning kinGEMs [no_filter]       no_filter    33150              0                 33150
Pre-tuning kinGEMs [fit_filter]     fit_filter    30102           3048                 33150
Pre-tuning kinGEMs [both_filter]   both_filter    29520           3630                 33150
Post-tuning kinGEMs [no_filter]      no_filter    33150              0                 33150
Post-tuning kinGEMs [fit_filter]    fit_filter    30102           3048                 33150
Post-tuning kinGEMs [both_filter]  both_filter    29520           3630                 33150
====================================================================================================
Note: n_points = number of data points used in analysis
      n_filtered_out = number of data points excluded by filtering
      n_total_before_filter = total data points before any filtering
====================================================================================================
  ✓ Saved multi-scenario fitness metrics: results/validation_compiled/validation_metrics_fitness_all_scenarios.csv

====================================================================================================
=== Fitness Space Correlation Metrics - All Scenarios ===
====================================================================================================
                                      scenario n_points n_filtered_out pearson_r_fitness spearman_r_fitness kendall_tau_fitness  r2_fitness rmse_fitness
Baseline GEM [no_filter]             no_filter    33150              0          0.638443           0.202329            0.135532  -39.463875     7.560824
Baseline GEM [fit_filter]           fit_filter    30102           3048          0.250337           0.063116            0.041924 -120.750769     4.438098
Baseline GEM [both_filter]         both_filter    29520           3630          0.142467           0.023553            0.015591   -0.009684     0.385253
Pre-tuning kinGEMs [no_filter]       no_filter    33150              0          0.637594           0.172606            0.115053  -34.460635     7.077969
Pre-tuning kinGEMs [fit_filter]     fit_filter    30102           3048          0.250145           0.037879            0.025216  -106.88369     4.177716
Pre-tuning kinGEMs [both_filter]   both_filter    29520           3630          0.023109          -0.002725           -0.001886    -0.03557     0.390161
Post-tuning kinGEMs [no_filter]      no_filter    33150              0          0.637688           0.181649            0.122086  -36.621643     7.290449
Post-tuning kinGEMs [fit_filter]    fit_filter    30102           3048          0.250009           0.057588            0.038827 -112.891425     4.292463
Post-tuning kinGEMs [both_filter]  both_filter    29520           3630          0.070491           0.018278            0.012277   -0.023837     0.387944
====================================================================================================

====================================================================================================
=== Data Points Summary (Fitness Space) ===
====================================================================================================
                                      scenario n_points n_filtered_out n_total_before_filter
Baseline GEM [no_filter]             no_filter    33150              0                 33150
Baseline GEM [fit_filter]           fit_filter    30102           3048                 33150
Baseline GEM [both_filter]         both_filter    29520           3630                 33150
Pre-tuning kinGEMs [no_filter]       no_filter    33150              0                 33150
Pre-tuning kinGEMs [fit_filter]     fit_filter    30102           3048                 33150
Pre-tuning kinGEMs [both_filter]   both_filter    29520           3630                 33150
Post-tuning kinGEMs [no_filter]      no_filter    33150              0                 33150
Post-tuning kinGEMs [fit_filter]    fit_filter    30102           3048                 33150
Post-tuning kinGEMs [both_filter]  both_filter    29520           3630                 33150
====================================================================================================
Note: n_points = number of data points used in analysis
      n_filtered_out = number of data points excluded by filtering
      n_total_before_filter = total data points before any filtering
====================================================================================================

  Creating multi-scenario normalized growth metrics table...
  ✓ Saved multi-scenario normalized growth metrics: results/validation_compiled/validation_metrics_normalized_growth_all_scenarios.csv

====================================================================================================
=== Normalized Growth Space Correlation Metrics - All Scenarios ===
====================================================================================================
                            scenario     scenario n_points n_filtered_out
0           Baseline GEM [no_filter]    no_filter    33150              0
1          Baseline GEM [fit_filter]   fit_filter    30102           3048
2         Baseline GEM [both_filter]  both_filter    29520           3630
3     Pre-tuning kinGEMs [no_filter]    no_filter    33150              0
4    Pre-tuning kinGEMs [fit_filter]   fit_filter    30102           3048
5   Pre-tuning kinGEMs [both_filter]  both_filter    29520           3630
6    Post-tuning kinGEMs [no_filter]    no_filter    33150              0
7   Post-tuning kinGEMs [fit_filter]   fit_filter    30102           3048
8  Post-tuning kinGEMs [both_filter]  both_filter    29520           3630
====================================================================================================

====================================================================================================
=== Data Points Summary (Normalized Growth Space) ===
====================================================================================================
                            scenario     scenario n_points n_filtered_out n_total_before_filter
0           Baseline GEM [no_filter]    no_filter    33150              0                 33150
1          Baseline GEM [fit_filter]   fit_filter    30102           3048                 33150
2         Baseline GEM [both_filter]  both_filter    29520           3630                 33150
3     Pre-tuning kinGEMs [no_filter]    no_filter    33150              0                 33150
4    Pre-tuning kinGEMs [fit_filter]   fit_filter    30102           3048                 33150
5   Pre-tuning kinGEMs [both_filter]  both_filter    29520           3630                 33150
6    Post-tuning kinGEMs [no_filter]    no_filter    33150              0                 33150
7   Post-tuning kinGEMs [fit_filter]   fit_filter    30102           3048                 33150
8  Post-tuning kinGEMs [both_filter]  both_filter    29520           3630                 33150
====================================================================================================
Note: n_points = number of data points used in analysis
      n_filtered_out = number of data points excluded by filtering
      n_total_before_filter = total data points before any filtering
      Normalized growth = predicted_growth / wild_type_growth (linear scale)
====================================================================================================

  Creating data points summary table...
  ✓ Saved data points summary: results/validation_compiled/data_points_summary.csv
  ✓ Saved data points summary (fitness space): results/validation_compiled/data_points_summary_fitness.csv

  Creating legacy single-scenario metrics tables...
  ✓ Saved metrics table: results/validation_compiled/validation_metrics.csv

======================================================================
=== Validation Metrics ===
======================================================================
                    pearson_r pearson_p spearman_r spearman_p kendall_tau kendall_p        r2      rmse       mae energy_distance wasserstein_distance n_points n_total_before_filter n_filtered_out fitness_threshold_used pred_threshold_used    scenario
Baseline GEM         0.027661  0.000002   0.008459   0.142205    0.005318  0.166798 -5.014303  0.986401  0.836744        0.936986             0.814204    30102                 33150           3048                     -2                None  fit_filter
Pre-tuning kinGEMs   0.075636       0.0   0.014796   0.010255    0.009589  0.012992 -0.406833   0.47707  0.318118        0.459967             0.296924    30102                 33150           3048                     -2                None  fit_filter
Post-tuning kinGEMs  0.022751  0.000079   0.008903   0.122447    0.005625  0.144991  -1.37372  0.619692  0.479959         0.60973              0.44311    30102                 33150           3048                     -2                None  fit_filter
======================================================================
  ✓ Saved fitness-based correlation metrics: results/validation_compiled/validation_metrics_fitness.csv

======================================================================
=== Fitness-Based Correlation Metrics ===
======================================================================
                    pearson_r_fitness pearson_p_fitness spearman_r_fitness spearman_p_fitness kendall_tau_fitness kendall_p_fitness  r2_fitness rmse_fitness mae_fitness energy_distance_fitness wasserstein_distance_fitness        wild_type_growth_used n_points n_total_before_filter n_filtered_out fitness_threshold_used pred_threshold_used    scenario pred_fitness_mean pred_fitness_std pred_fitness_min pred_fitness_max
Baseline GEM                 0.250337               0.0           0.063116                0.0            0.041924               0.0 -120.750769     4.438098    0.821152                0.319522                     0.784709  mean=0.751302, std=0.395219    30102                 33150           3048                     -2                None  fit_filter         -0.632318         4.486394       -34.050996              0.0
Pre-tuning kinGEMs           0.250145               0.0           0.037879                0.0            0.025216               0.0  -106.88369     4.177716    0.788759                0.310299                     0.742438  mean=0.184907, std=0.054745    30102                 33150           3048                     -2                None  fit_filter         -0.591108         4.227988        -31.28022         0.030143
Post-tuning kinGEMs          0.250009               0.0           0.057588                0.0            0.038827               0.0 -112.891425     4.292463    0.802559                0.312646                     0.761399  mean=0.364673, std=0.190648    30102                 33150           3048                     -2                None  fit_filter         -0.605606         4.342251        -33.02165         0.028565
======================================================================
Note: Predictions converted to log2(mutant/WT) fitness scale
======================================================================
  ✓ Saved classification metrics: results/validation_compiled/classification_metrics.csv

======================================================================
=== Classification Metrics ===
======================================================================
                     accuracy  balanced_accuracy  precision  recall  f1_score     mcc  roc_auc  average_precision  pr_auc_notebook  optimal_threshold  accuracy_optimal  balanced_accuracy_optimal  true_negatives  false_positives  false_negatives  true_positives  n_samples
Baseline GEM           0.9384              0.751     0.9529  0.9807    0.9666  0.5863   0.7778             0.9579         0.613369             0.1531            0.9377                     0.7533          1589.0           1459.0            582.0         29520.0    33150.0
Pre-tuning kinGEMs     0.9384              0.751     0.9529  0.9807    0.9666  0.5863   0.7685             0.9568         0.613369             0.0382            0.9371                     0.7526          1589.0           1459.0            582.0         29520.0    33150.0
Post-tuning kinGEMs    0.9384              0.751     0.9529  0.9807    0.9666  0.5863   0.7705             0.9570         0.613369             0.0572            0.9335                     0.7526          1589.0           1459.0            582.0         29520.0    33150.0
======================================================================

=== Step 7: Improvement analysis ===
  ✓ Saved improvements analysis: results/validation_compiled/validation_improvements.csv

======================================================================
=== Improvement Analysis ===
======================================================================
                          Δ Pearson r  Δ Spearman r  Δ RMSE  % RMSE change
Baseline → Pre-tuning          0.0480        0.0063 -0.5093       -51.6353
Baseline → Post-tuning        -0.0049        0.0004 -0.3667       -37.1765
Pre-tuning → Post-tuning      -0.0529       -0.0059  0.1426        29.8953
======================================================================
Note: Negative Δ RMSE indicates improvement (lower error)
======================================================================

=== Step 8: Saving metadata ===
  ✓ Saved combined metadata: results/validation_compiled/compiled_metadata.json

======================================================================
=== Compilation Complete ===
======================================================================
Results saved to: results/validation_compiled

Generated files:

📊 MULTI-SCENARIO METRICS (NEW):
  - validation_metrics_all_scenarios.csv (growth rate space - 3 filtering scenarios)
  - validation_metrics_fitness_all_scenarios.csv (fitness space - 3 filtering scenarios)
  - data_points_summary.csv (data point counts for growth rate space)
  - data_points_summary_fitness.csv (data point counts for fitness space)

📈 LEGACY SINGLE-SCENARIO METRICS:
  - validation_metrics.csv (growth rate space - exp fitness > -2)
  - validation_metrics_fitness.csv (fitness space - exp fitness > -2)
  - classification_metrics.csv (classification metrics)
  - validation_improvements.csv
  - validation_comparison.png (scatter: experimental fitness vs predicted growth)
  - fitness_comparison_scatter.png (scatter: experimental fitness vs predicted fitness)
  - fitness_comparison_combined.png (combined fitness scatter for all models)
  - prediction_distributions_histograms.png (individual histograms)
  - prediction_distributions_density.png (overlaid density plots)
  - prediction_distributions_boxplot.png (box plot comparison)
  - prediction_distributions_cdf.png (cumulative distribution)
  - prediction_distributions_violin.png (violin plot)
  - prediction_distribution_statistics.csv (distribution stats)
  - fitness_distributions_histograms.png (fitness histograms)
  - fitness_distributions_density.png (fitness density plots)
  - fitness_distributions_boxplot.png (fitness box plot)
  - fitness_distributions_violin.png (fitness violin plot)
  - fitness_distributions_cdf.png (fitness CDF)
  - fitness_distribution_statistics.csv (fitness distribution stats)
  - *_roc_curve.png (ROC curves for each model)
  - *_pr_curve.png (Precision-Recall curves)
  - *_confusion_matrix.png (confusion matrices)
  - compiled_metadata.json
======================================================================
=========================================
Finished at: Tue Nov 25 22:55:52 PST 2025
Exit code: 0
=========================================
