2026-03-11 09:27:19.468 | INFO     | kinGEMs.config:<module>:12 - PROJ_ROOT path is: /project/6000502/ranaab/kinGEMs_v2
2026-03-11 09:29:16.341 | INFO     | kinGEMs.config:<module>:12 - PROJ_ROOT path is: /project/6000502/ranaab/kinGEMs_v2
2026-03-11 09:29:16.345 | INFO     | kinGEMs.config:<module>:12 - PROJ_ROOT path is: /project/6000502/ranaab/kinGEMs_v2
2026-03-11 09:29:16.348 | INFO     | kinGEMs.config:<module>:12 - PROJ_ROOT path is: /project/6000502/ranaab/kinGEMs_v2
2026-03-11 09:29:16.366 | INFO     | kinGEMs.config:<module>:12 - PROJ_ROOT path is: /project/6000502/ranaab/kinGEMs_v2
2026-03-11 09:29:16.392 | INFO     | kinGEMs.config:<module>:12 - PROJ_ROOT path is: /project/6000502/ranaab/kinGEMs_v2
2026-03-11 09:29:16.395 | INFO     | kinGEMs.config:<module>:12 - PROJ_ROOT path is: /project/6000502/ranaab/kinGEMs_v2
2026-03-11 09:29:16.457 | INFO     | kinGEMs.config:<module>:12 - PROJ_ROOT path is: /project/6000502/ranaab/kinGEMs_v2
2026-03-11 09:29:16.490 | INFO     | kinGEMs.config:<module>:12 - PROJ_ROOT path is: /project/6000502/ranaab/kinGEMs_v2
2026-03-11 10:25:52.933 | INFO     | kinGEMs.config:<module>:12 - PROJ_ROOT path is: /project/6000502/ranaab/kinGEMs_v2
2026-03-11 10:25:52.933 | INFO     | kinGEMs.config:<module>:12 - PROJ_ROOT path is: /project/6000502/ranaab/kinGEMs_v2
2026-03-11 10:25:52.939 | INFO     | kinGEMs.config:<module>:12 - PROJ_ROOT path is: /project/6000502/ranaab/kinGEMs_v2
2026-03-11 10:25:52.941 | INFO     | kinGEMs.config:<module>:12 - PROJ_ROOT path is: /project/6000502/ranaab/kinGEMs_v2
2026-03-11 10:25:53.338 | INFO     | kinGEMs.config:<module>:12 - PROJ_ROOT path is: /project/6000502/ranaab/kinGEMs_v2
2026-03-11 10:25:53.357 | INFO     | kinGEMs.config:<module>:12 - PROJ_ROOT path is: /project/6000502/ranaab/kinGEMs_v2
2026-03-11 10:25:53.472 | INFO     | kinGEMs.config:<module>:12 - PROJ_ROOT path is: /project/6000502/ranaab/kinGEMs_v2
2026-03-11 10:25:53.538 | INFO     | kinGEMs.config:<module>:12 - PROJ_ROOT path is: /project/6000502/ranaab/kinGEMs_v2
2026-03-11 11:23:11,214 - distributed.client - ERROR - 
Traceback (most recent call last):
  File "/project/6000502/ranaab/kinGEMs_v2/venv/lib/python3.11/site-packages/distributed/utils.py", line 1923, in wait_for
    return await fut
           ^^^^^^^^^
asyncio.exceptions.CancelledError

The above exception was the direct cause of the following exception:

Traceback (most recent call last):
  File "/project/6000502/ranaab/kinGEMs_v2/venv/lib/python3.11/site-packages/distributed/utils.py", line 818, in wrapper
    return await func(*args, **kwargs)
           ^^^^^^^^^^^^^^^^^^^^^^^^^^^
  File "/project/6000502/ranaab/kinGEMs_v2/venv/lib/python3.11/site-packages/distributed/client.py", line 1928, in _close
    await self.cluster.close()
  File "/project/6000502/ranaab/kinGEMs_v2/venv/lib/python3.11/site-packages/distributed/deploy/spec.py", line 454, in _close
    await self._correct_state()
  File "/project/6000502/ranaab/kinGEMs_v2/venv/lib/python3.11/site-packages/distributed/deploy/spec.py", line 365, in _correct_state_internal
    await asyncio.gather(*tasks)
  File "/project/6000502/ranaab/kinGEMs_v2/venv/lib/python3.11/site-packages/distributed/nanny.py", line 619, in close
    await self.kill(timeout=timeout, reason=reason)
  File "/project/6000502/ranaab/kinGEMs_v2/venv/lib/python3.11/site-packages/distributed/nanny.py", line 400, in kill
    await self.process.kill(reason=reason, timeout=timeout)
  File "/project/6000502/ranaab/kinGEMs_v2/venv/lib/python3.11/site-packages/distributed/nanny.py", line 883, in kill
    await process.join(max(0, deadline - time()))
  File "/project/6000502/ranaab/kinGEMs_v2/venv/lib/python3.11/site-packages/distributed/process.py", line 330, in join
    await wait_for(asyncio.shield(self._exit_future), timeout)
  File "/project/6000502/ranaab/kinGEMs_v2/venv/lib/python3.11/site-packages/distributed/utils.py", line 1922, in wait_for
    async with asyncio.timeout(timeout):
  File "/cvmfs/soft.computecanada.ca/gentoo/2023/x86-64-v3/usr/lib/python3.11/asyncio/timeouts.py", line 111, in __aexit__
    raise TimeoutError from exc_val
TimeoutError
2026-03-11 11:23:11,299 - tornado.application - ERROR - Exception in callback functools.partial(<bound method IOLoop._discard_future_result of <tornado.platform.asyncio.AsyncIOMainLoop object at 0x15193299aad0>>, <Task finished name='Task-3808291' coro=<SpecCluster._correct_state_internal() done, defined at /project/6000502/ranaab/kinGEMs_v2/venv/lib/python3.11/site-packages/distributed/deploy/spec.py:352> exception=TimeoutError()>)
Traceback (most recent call last):
  File "/project/6000502/ranaab/kinGEMs_v2/venv/lib/python3.11/site-packages/distributed/utils.py", line 1923, in wait_for
    return await fut
           ^^^^^^^^^
asyncio.exceptions.CancelledError

The above exception was the direct cause of the following exception:

Traceback (most recent call last):
  File "/project/6000502/ranaab/kinGEMs_v2/venv/lib/python3.11/site-packages/tornado/ioloop.py", line 758, in _run_callback
    ret = callback()
          ^^^^^^^^^^
  File "/project/6000502/ranaab/kinGEMs_v2/venv/lib/python3.11/site-packages/tornado/ioloop.py", line 782, in _discard_future_result
    future.result()
TimeoutError
2026-03-11 11:23:30.623 | INFO     | kinGEMs.config:<module>:12 - PROJ_ROOT path is: /project/6000502/ranaab/kinGEMs_v2
2026-03-11 11:23:30.624 | INFO     | kinGEMs.config:<module>:12 - PROJ_ROOT path is: /project/6000502/ranaab/kinGEMs_v2
2026-03-11 11:23:30.632 | INFO     | kinGEMs.config:<module>:12 - PROJ_ROOT path is: /project/6000502/ranaab/kinGEMs_v2
2026-03-11 11:23:30.637 | INFO     | kinGEMs.config:<module>:12 - PROJ_ROOT path is: /project/6000502/ranaab/kinGEMs_v2
2026-03-11 11:23:30.655 | INFO     | kinGEMs.config:<module>:12 - PROJ_ROOT path is: /project/6000502/ranaab/kinGEMs_v2
2026-03-11 11:23:30.687 | INFO     | kinGEMs.config:<module>:12 - PROJ_ROOT path is: /project/6000502/ranaab/kinGEMs_v2
2026-03-11 11:23:30.701 | INFO     | kinGEMs.config:<module>:12 - PROJ_ROOT path is: /project/6000502/ranaab/kinGEMs_v2
2026-03-11 11:23:30.707 | INFO     | kinGEMs.config:<module>:12 - PROJ_ROOT path is: /project/6000502/ranaab/kinGEMs_v2
Exception ignored in: <function Client.__del__ at 0x1519f1b7bb00>
Traceback (most recent call last):
  File "/project/6000502/ranaab/kinGEMs_v2/venv/lib/python3.11/site-packages/distributed/client.py", line 1726, in __del__
    self.close()
  File "/project/6000502/ranaab/kinGEMs_v2/venv/lib/python3.11/site-packages/distributed/client.py", line 1981, in close
    sync(self.loop, self._close, fast=True, callback_timeout=timeout)
  File "/project/6000502/ranaab/kinGEMs_v2/venv/lib/python3.11/site-packages/distributed/utils.py", line 446, in sync
    raise TimeoutError(f"timed out after {timeout} s.")
TimeoutError: timed out after 60 s.
2026-03-11 11:25:03,038 - distributed.client - ERROR - 
Traceback (most recent call last):
  File "/project/6000502/ranaab/kinGEMs_v2/venv/lib/python3.11/site-packages/distributed/utils.py", line 818, in wrapper
    return await func(*args, **kwargs)
           ^^^^^^^^^^^^^^^^^^^^^^^^^^^
  File "/project/6000502/ranaab/kinGEMs_v2/venv/lib/python3.11/site-packages/distributed/client.py", line 1928, in _close
    await self.cluster.close()
  File "/project/6000502/ranaab/kinGEMs_v2/venv/lib/python3.11/site-packages/distributed/deploy/spec.py", line 440, in _close
    await asyncio.sleep(0.1)
  File "/cvmfs/soft.computecanada.ca/gentoo/2023/x86-64-v3/usr/lib/python3.11/asyncio/tasks.py", line 639, in sleep
    return await future
           ^^^^^^^^^^^^
asyncio.exceptions.CancelledError
2026-03-11 12:19:15.301 | INFO     | kinGEMs.config:<module>:12 - PROJ_ROOT path is: /project/6000502/ranaab/kinGEMs_v2
2026-03-11 12:19:15.311 | INFO     | kinGEMs.config:<module>:12 - PROJ_ROOT path is: /project/6000502/ranaab/kinGEMs_v2
2026-03-11 12:19:15.341 | INFO     | kinGEMs.config:<module>:12 - PROJ_ROOT path is: /project/6000502/ranaab/kinGEMs_v2
2026-03-11 12:19:15.387 | INFO     | kinGEMs.config:<module>:12 - PROJ_ROOT path is: /project/6000502/ranaab/kinGEMs_v2
2026-03-11 12:19:15.411 | INFO     | kinGEMs.config:<module>:12 - PROJ_ROOT path is: /project/6000502/ranaab/kinGEMs_v2
2026-03-11 12:19:15.614 | INFO     | kinGEMs.config:<module>:12 - PROJ_ROOT path is: /project/6000502/ranaab/kinGEMs_v2
2026-03-11 12:19:15.853 | INFO     | kinGEMs.config:<module>:12 - PROJ_ROOT path is: /project/6000502/ranaab/kinGEMs_v2
2026-03-11 12:19:15.989 | INFO     | kinGEMs.config:<module>:12 - PROJ_ROOT path is: /project/6000502/ranaab/kinGEMs_v2
2026-03-11 13:21:43.889 | INFO     | kinGEMs.config:<module>:12 - PROJ_ROOT path is: /project/6000502/ranaab/kinGEMs_v2
2026-03-11 13:21:43.889 | INFO     | kinGEMs.config:<module>:12 - PROJ_ROOT path is: /project/6000502/ranaab/kinGEMs_v2
2026-03-11 13:21:43.898 | INFO     | kinGEMs.config:<module>:12 - PROJ_ROOT path is: /project/6000502/ranaab/kinGEMs_v2
2026-03-11 13:21:43.901 | INFO     | kinGEMs.config:<module>:12 - PROJ_ROOT path is: /project/6000502/ranaab/kinGEMs_v2
2026-03-11 13:21:43.909 | INFO     | kinGEMs.config:<module>:12 - PROJ_ROOT path is: /project/6000502/ranaab/kinGEMs_v2
2026-03-11 13:21:43.924 | INFO     | kinGEMs.config:<module>:12 - PROJ_ROOT path is: /project/6000502/ranaab/kinGEMs_v2
2026-03-11 13:21:43.953 | INFO     | kinGEMs.config:<module>:12 - PROJ_ROOT path is: /project/6000502/ranaab/kinGEMs_v2
2026-03-11 13:21:43.955 | INFO     | kinGEMs.config:<module>:12 - PROJ_ROOT path is: /project/6000502/ranaab/kinGEMs_v2
2026-03-11 15:08:41.761 | INFO     | kinGEMs.config:<module>:12 - PROJ_ROOT path is: /project/6000502/ranaab/kinGEMs_v2
2026-03-11 15:08:41.761 | INFO     | kinGEMs.config:<module>:12 - PROJ_ROOT path is: /project/6000502/ranaab/kinGEMs_v2
2026-03-11 15:08:41.761 | INFO     | kinGEMs.config:<module>:12 - PROJ_ROOT path is: /project/6000502/ranaab/kinGEMs_v2
2026-03-11 15:08:41.762 | INFO     | kinGEMs.config:<module>:12 - PROJ_ROOT path is: /project/6000502/ranaab/kinGEMs_v2
2026-03-11 15:08:41.764 | INFO     | kinGEMs.config:<module>:12 - PROJ_ROOT path is: /project/6000502/ranaab/kinGEMs_v2
2026-03-11 15:08:41.766 | INFO     | kinGEMs.config:<module>:12 - PROJ_ROOT path is: /project/6000502/ranaab/kinGEMs_v2
2026-03-11 15:08:41.768 | INFO     | kinGEMs.config:<module>:12 - PROJ_ROOT path is: /project/6000502/ranaab/kinGEMs_v2
2026-03-11 15:08:41.771 | INFO     | kinGEMs.config:<module>:12 - PROJ_ROOT path is: /project/6000502/ranaab/kinGEMs_v2
2026-03-11 16:14:45,437 - distributed.worker - ERROR - Failed to communicate with scheduler during heartbeat.
Traceback (most recent call last):
  File "/project/6000502/ranaab/kinGEMs_v2/venv/lib/python3.11/site-packages/distributed/comm/tcp.py", line 226, in read
    frames_nosplit_nbytes_bin = await stream.read_bytes(fmt_size)
                                ^^^^^^^^^^^^^^^^^^^^^^^^^^^^^^^^^
tornado.iostream.StreamClosedError: Stream is closed

The above exception was the direct cause of the following exception:

Traceback (most recent call last):
  File "/project/6000502/ranaab/kinGEMs_v2/venv/lib/python3.11/site-packages/distributed/worker.py", line 1267, in heartbeat
    response = await retry_operation(
               ^^^^^^^^^^^^^^^^^^^^^^
  File "/project/6000502/ranaab/kinGEMs_v2/venv/lib/python3.11/site-packages/distributed/utils_comm.py", line 416, in retry_operation
    return await retry(
           ^^^^^^^^^^^^
  File "/project/6000502/ranaab/kinGEMs_v2/venv/lib/python3.11/site-packages/distributed/utils_comm.py", line 395, in retry
    return await coro()
           ^^^^^^^^^^^^
  File "/project/6000502/ranaab/kinGEMs_v2/venv/lib/python3.11/site-packages/distributed/core.py", line 1259, in send_recv_from_rpc
    return await send_recv(comm=comm, op=key, **kwargs)
           ^^^^^^^^^^^^^^^^^^^^^^^^^^^^^^^^^^^^^^^^^^^^
  File "/project/6000502/ranaab/kinGEMs_v2/venv/lib/python3.11/site-packages/distributed/core.py", line 1018, in send_recv
    response = await comm.read(deserializers=deserializers)
               ^^^^^^^^^^^^^^^^^^^^^^^^^^^^^^^^^^^^^^^^^^^^
  File "/project/6000502/ranaab/kinGEMs_v2/venv/lib/python3.11/site-packages/distributed/comm/tcp.py", line 237, in read
    convert_stream_closed_error(self, e)
  File "/project/6000502/ranaab/kinGEMs_v2/venv/lib/python3.11/site-packages/distributed/comm/tcp.py", line 137, in convert_stream_closed_error
    raise CommClosedError(f"in {obj}: {exc}") from exc
distributed.comm.core.CommClosedError: in <TCP (closed) ConnectionPool.heartbeat_worker local=tcp://127.0.0.1:39398 remote=tcp://127.0.0.1:45597>: Stream is closed
