=========================================
Job: Pre-tuning kinGEMs Validation
Job ID: 8759525
Node: fc30538
Current working directory: /project/def-mahadeva/ranaab/kinGEMs_v2
Starting run at: Fri Oct 24 11:40:19 PDT 2025
=========================================
Checking CPLEX availability...
/home/ranaab/cplex_studio2211/cplex/bin/x86-64_linux/cplex
/home/ranaab/cplex_studio2211/cplex/bin/x86-64_linux/cplex
✓ CPLEX found: /home/ranaab/cplex_studio2211/cplex/bin/x86-64_linux/cplex
Running Pre-tuning kinGEMs validation...
Loading configuration from: configs/validation_iML1515.json

======================================================================
=== kinGEMs Parallel Validation: PRETUNING ===
======================================================================
Model: iML1515_GEM
Mode: pretuning
Output: results/validation_parallel
Parallel: True (dask with 3 workers)
======================================================================

=== Step 1: Loading model ===
  Genes: 1516
  Reactions: 2712
  ✓ Pyomo found CPLEX solver: /home/ranaab/cplex_studio2211/cplex/bin/x86-64_linux/cplex
  ⚠️  Could not set solver to cplex: cplex is not a valid solver interface. Pick one from glpk_exact, glpk, scipy.
  Using default solver: optlang.glpk_interface
  ⚠️  WARNING: Using GLPK solver (slow)
  ⚠️  Consider loading CPLEX: module load cplex
  Objective: BIOMASS_Ec_iML1515_core_75p37M

=== Step 2: Preparing validation environment ===
Matching model genes to data genes...
Matched 1339 genes.
Matching experimental carbon sources to model carbon sources...
Matched 54 carbon sources.
Shape of matched fitness data: (1339, 54)
Averaging fitness data for replicate carbon sources...
Final shape of averaged fitness data: (1339, 27)
Unique carbon sources after averaging: 27
Removing strain genes:
['b0066' 'b0348' 'b3909']
Removing essential genes: 
b0142
b0641
b0908
b2329
b2687
b3040
b3196
b3198
b3199
b3368
Removing carbon sources: 
['man' 'sucr']
  Matched genes: 1326
  Carbon sources: 25

=== Step 3: Running PRETUNING simulation ===
Loading pre-tuning data from: data/processed/iML1515_GEM/iML1515_GEM_processed_data.csv
Running PARALLEL pre-tuning validation...

  Parallel validation configuration:
    Method: dask
    Workers: 3
    Total simulations: 33150 (1326 genes × 25 carbons)
    Chunk size: 25
    Number of chunks: 1326
    Estimated memory: ~0.7 GB
    Unique carbon sources: 25 (cached: 0)

  ⏭️  Skipping baseline GEM simulation (already completed)

  Starting parallel enzyme-constrained GEM simulation...
    Dask cluster created with 3 workers
    Worker memory limit: 18GB per worker
    Death timeout: 7200s (2 hours)
    Dask dashboard: http://127.0.0.1:8787/status
    Submitting 1326 chunks to Dask workers...
